[0.028s] Invoking command in '/home/lvy/arms_ws/build/learn_moveit': CMAKE_PREFIX_PATH=/opt/ros/humble /usr/bin/cmake --build /home/lvy/arms_ws/build/learn_moveit -- -j4 -l4
[0.119s] [35m[1mConsolidate compiler generated dependencies of target moveit_demo1[0m
[0.148s] [ 50%] Built target hello_moveit
[0.187s] [100%] Built target moveit_demo1
[0.248s] Invoked command in '/home/lvy/arms_ws/build/learn_moveit' returned '0': CMAKE_PREFIX_PATH=/opt/ros/humble /usr/bin/cmake --build /home/lvy/arms_ws/build/learn_moveit -- -j4 -l4
[0.253s] Invoking command in '/home/lvy/arms_ws/build/learn_moveit': CMAKE_PREFIX_PATH=/opt/ros/humble /usr/bin/cmake --install /home/lvy/arms_ws/build/learn_moveit
[0.265s] -- Install configuration: ""
[0.266s] -- Execute custom install script
[0.268s] -- Up-to-date symlink: /home/lvy/arms_ws/install/learn_moveit/lib/learn_moveit/hello_moveit
[0.269s] -- Up-to-date symlink: /home/lvy/arms_ws/install/learn_moveit/lib/learn_moveit/moveit_demo1
[0.270s] -- Up-to-date symlink: /home/lvy/arms_ws/install/learn_moveit/share/learn_moveit/launch/hello_moveit.launch.py
[0.270s] -- Up-to-date symlink: /home/lvy/arms_ws/install/learn_moveit/share/ament_index/resource_index/package_run_dependencies/learn_moveit
[0.272s] -- Up-to-date symlink: /home/lvy/arms_ws/install/learn_moveit/share/ament_index/resource_index/parent_prefix_path/learn_moveit
[0.273s] -- Up-to-date symlink: /home/lvy/arms_ws/install/learn_moveit/share/learn_moveit/environment/ament_prefix_path.sh
[0.273s] -- Up-to-date symlink: /home/lvy/arms_ws/install/learn_moveit/share/learn_moveit/environment/ament_prefix_path.dsv
[0.273s] -- Up-to-date symlink: /home/lvy/arms_ws/install/learn_moveit/share/learn_moveit/environment/path.sh
[0.279s] -- Up-to-date symlink: /home/lvy/arms_ws/install/learn_moveit/share/learn_moveit/environment/path.dsv
[0.279s] -- Up-to-date symlink: /home/lvy/arms_ws/install/learn_moveit/share/learn_moveit/local_setup.bash
[0.279s] -- Up-to-date symlink: /home/lvy/arms_ws/install/learn_moveit/share/learn_moveit/local_setup.sh
[0.279s] -- Up-to-date symlink: /home/lvy/arms_ws/install/learn_moveit/share/learn_moveit/local_setup.zsh
[0.279s] -- Up-to-date symlink: /home/lvy/arms_ws/install/learn_moveit/share/learn_moveit/local_setup.dsv
[0.279s] -- Symlinking: /home/lvy/arms_ws/install/learn_moveit/share/learn_moveit/package.dsv
[0.309s] -- Up-to-date symlink: /home/lvy/arms_ws/install/learn_moveit/share/ament_index/resource_index/packages/learn_moveit
[0.310s] -- Up-to-date symlink: /home/lvy/arms_ws/install/learn_moveit/share/learn_moveit/cmake/learn_moveitConfig.cmake
[0.310s] -- Up-to-date symlink: /home/lvy/arms_ws/install/learn_moveit/share/learn_moveit/cmake/learn_moveitConfig-version.cmake
[0.310s] -- Up-to-date symlink: /home/lvy/arms_ws/install/learn_moveit/share/learn_moveit/package.xml
[0.310s] Invoked command in '/home/lvy/arms_ws/build/learn_moveit' returned '0': CMAKE_PREFIX_PATH=/opt/ros/humble /usr/bin/cmake --install /home/lvy/arms_ws/build/learn_moveit
