[0.093s] DEBUG:colcon:Command line arguments: ['/usr/bin/colcon', 'build']
[0.094s] DEBUG:colcon:Parsed command line arguments: Namespace(log_base=None, log_level=None, verb_name='build', build_base='build', install_base='install', merge_install=False, symlink_install=False, test_result_base=None, continue_on_error=False, executor='parallel', parallel_workers=4, event_handlers=None, ignore_user_meta=False, metas=['./colcon.meta'], base_paths=['.'], packages_ignore=None, packages_ignore_regex=None, paths=None, packages_up_to=None, packages_up_to_regex=None, packages_above=None, packages_above_and_dependencies=None, packages_above_depth=None, packages_select_by_dep=None, packages_skip_by_dep=None, packages_skip_up_to=None, packages_select_build_failed=False, packages_skip_build_finished=False, packages_select_test_failures=False, packages_skip_test_passed=False, packages_select=None, packages_skip=None, packages_select_regex=None, packages_skip_regex=None, packages_start=None, packages_end=None, allow_overriding=[], cmake_args=None, cmake_target=None, cmake_target_skip_unavailable=False, cmake_clean_cache=False, cmake_clean_first=False, cmake_force_configure=False, ament_cmake_args=None, catkin_cmake_args=None, catkin_skip_building_tests=False, verb_parser=<colcon_defaults.argument_parser.defaults.DefaultArgumentsDecorator object at 0x7ddcc3f0ba60>, verb_extension=<colcon_core.verb.build.BuildVerb object at 0x7ddcc40684f0>, main=<bound method BuildVerb.main of <colcon_core.verb.build.BuildVerb object at 0x7ddcc40684f0>>)
[0.219s] Level 1:colcon.colcon_core.package_discovery:discover_packages(colcon_meta) check parameters
[0.219s] Level 1:colcon.colcon_core.package_discovery:discover_packages(recursive) check parameters
[0.220s] Level 1:colcon.colcon_core.package_discovery:discover_packages(ignore) check parameters
[0.220s] Level 1:colcon.colcon_core.package_discovery:discover_packages(path) check parameters
[0.220s] Level 1:colcon.colcon_core.package_discovery:discover_packages(colcon_meta) discover
[0.220s] Level 1:colcon.colcon_core.package_discovery:discover_packages(recursive) discover
[0.220s] INFO:colcon.colcon_core.package_discovery:Crawling recursively for packages in '/home/lvy/arms_ws'
[0.220s] Level 1:colcon.colcon_core.package_identification:_identify(.) by extensions ['ignore', 'ignore_ament_install']
[0.220s] Level 1:colcon.colcon_core.package_identification:_identify(.) by extension 'ignore'
[0.220s] Level 1:colcon.colcon_core.package_identification:_identify(.) by extension 'ignore_ament_install'
[0.220s] Level 1:colcon.colcon_core.package_identification:_identify(.) by extensions ['colcon_pkg']
[0.220s] Level 1:colcon.colcon_core.package_identification:_identify(.) by extension 'colcon_pkg'
[0.220s] Level 1:colcon.colcon_core.package_identification:_identify(.) by extensions ['colcon_meta']
[0.220s] Level 1:colcon.colcon_core.package_identification:_identify(.) by extension 'colcon_meta'
[0.220s] Level 1:colcon.colcon_core.package_identification:_identify(.) by extensions ['ros']
[0.220s] Level 1:colcon.colcon_core.package_identification:_identify(.) by extension 'ros'
[0.231s] Level 1:colcon.colcon_core.package_identification:_identify(.) by extensions ['cmake', 'python']
[0.232s] Level 1:colcon.colcon_core.package_identification:_identify(.) by extension 'cmake'
[0.232s] Level 1:colcon.colcon_core.package_identification:_identify(.) by extension 'python'
[0.232s] Level 1:colcon.colcon_core.package_identification:_identify(.) by extensions ['python_setup_py']
[0.232s] Level 1:colcon.colcon_core.package_identification:_identify(.) by extension 'python_setup_py'
[0.232s] Level 1:colcon.colcon_core.package_identification:_identify(build) by extensions ['ignore', 'ignore_ament_install']
[0.232s] Level 1:colcon.colcon_core.package_identification:_identify(build) by extension 'ignore'
[0.232s] Level 1:colcon.colcon_core.package_identification:_identify(build) ignored
[0.232s] Level 1:colcon.colcon_core.package_identification:_identify(install) by extensions ['ignore', 'ignore_ament_install']
[0.232s] Level 1:colcon.colcon_core.package_identification:_identify(install) by extension 'ignore'
[0.232s] Level 1:colcon.colcon_core.package_identification:_identify(install) ignored
[0.233s] Level 1:colcon.colcon_core.package_identification:_identify(log) by extensions ['ignore', 'ignore_ament_install']
[0.233s] Level 1:colcon.colcon_core.package_identification:_identify(log) by extension 'ignore'
[0.233s] Level 1:colcon.colcon_core.package_identification:_identify(log) ignored
[0.233s] Level 1:colcon.colcon_core.package_identification:_identify(src) by extensions ['ignore', 'ignore_ament_install']
[0.233s] Level 1:colcon.colcon_core.package_identification:_identify(src) by extension 'ignore'
[0.233s] Level 1:colcon.colcon_core.package_identification:_identify(src) by extension 'ignore_ament_install'
[0.233s] Level 1:colcon.colcon_core.package_identification:_identify(src) by extensions ['colcon_pkg']
[0.233s] Level 1:colcon.colcon_core.package_identification:_identify(src) by extension 'colcon_pkg'
[0.233s] Level 1:colcon.colcon_core.package_identification:_identify(src) by extensions ['colcon_meta']
[0.233s] Level 1:colcon.colcon_core.package_identification:_identify(src) by extension 'colcon_meta'
[0.233s] Level 1:colcon.colcon_core.package_identification:_identify(src) by extensions ['ros']
[0.233s] Level 1:colcon.colcon_core.package_identification:_identify(src) by extension 'ros'
[0.233s] Level 1:colcon.colcon_core.package_identification:_identify(src) by extensions ['cmake', 'python']
[0.233s] Level 1:colcon.colcon_core.package_identification:_identify(src) by extension 'cmake'
[0.233s] Level 1:colcon.colcon_core.package_identification:_identify(src) by extension 'python'
[0.233s] Level 1:colcon.colcon_core.package_identification:_identify(src) by extensions ['python_setup_py']
[0.233s] Level 1:colcon.colcon_core.package_identification:_identify(src) by extension 'python_setup_py'
[0.233s] Level 1:colcon.colcon_core.package_identification:_identify(src/learn_moveit) by extensions ['ignore', 'ignore_ament_install']
[0.234s] Level 1:colcon.colcon_core.package_identification:_identify(src/learn_moveit) by extension 'ignore'
[0.234s] Level 1:colcon.colcon_core.package_identification:_identify(src/learn_moveit) by extension 'ignore_ament_install'
[0.234s] Level 1:colcon.colcon_core.package_identification:_identify(src/learn_moveit) by extensions ['colcon_pkg']
[0.234s] Level 1:colcon.colcon_core.package_identification:_identify(src/learn_moveit) by extension 'colcon_pkg'
[0.234s] Level 1:colcon.colcon_core.package_identification:_identify(src/learn_moveit) by extensions ['colcon_meta']
[0.234s] Level 1:colcon.colcon_core.package_identification:_identify(src/learn_moveit) by extension 'colcon_meta'
[0.234s] Level 1:colcon.colcon_core.package_identification:_identify(src/learn_moveit) by extensions ['ros']
[0.234s] Level 1:colcon.colcon_core.package_identification:_identify(src/learn_moveit) by extension 'ros'
[0.236s] DEBUG:colcon.colcon_core.package_identification:Package 'src/learn_moveit' with type 'ros.ament_cmake' and name 'learn_moveit'
[0.237s] Level 1:colcon.colcon_core.package_identification:_identify(src/panda_robot) by extensions ['ignore', 'ignore_ament_install']
[0.237s] Level 1:colcon.colcon_core.package_identification:_identify(src/panda_robot) by extension 'ignore'
[0.237s] Level 1:colcon.colcon_core.package_identification:_identify(src/panda_robot) by extension 'ignore_ament_install'
[0.237s] Level 1:colcon.colcon_core.package_identification:_identify(src/panda_robot) by extensions ['colcon_pkg']
[0.237s] Level 1:colcon.colcon_core.package_identification:_identify(src/panda_robot) by extension 'colcon_pkg'
[0.237s] Level 1:colcon.colcon_core.package_identification:_identify(src/panda_robot) by extensions ['colcon_meta']
[0.237s] Level 1:colcon.colcon_core.package_identification:_identify(src/panda_robot) by extension 'colcon_meta'
[0.237s] Level 1:colcon.colcon_core.package_identification:_identify(src/panda_robot) by extensions ['ros']
[0.237s] Level 1:colcon.colcon_core.package_identification:_identify(src/panda_robot) by extension 'ros'
[0.237s] Level 1:colcon.colcon_core.package_identification:_identify(src/panda_robot) by extensions ['cmake', 'python']
[0.237s] Level 1:colcon.colcon_core.package_identification:_identify(src/panda_robot) by extension 'cmake'
[0.237s] Level 1:colcon.colcon_core.package_identification:_identify(src/panda_robot) by extension 'python'
[0.237s] Level 1:colcon.colcon_core.package_identification:_identify(src/panda_robot) by extensions ['python_setup_py']
[0.237s] Level 1:colcon.colcon_core.package_identification:_identify(src/panda_robot) by extension 'python_setup_py'
[0.237s] Level 1:colcon.colcon_core.package_identification:_identify(src/panda_robot/panda_configure) by extensions ['ignore', 'ignore_ament_install']
[0.237s] Level 1:colcon.colcon_core.package_identification:_identify(src/panda_robot/panda_configure) by extension 'ignore'
[0.237s] Level 1:colcon.colcon_core.package_identification:_identify(src/panda_robot/panda_configure) by extension 'ignore_ament_install'
[0.237s] Level 1:colcon.colcon_core.package_identification:_identify(src/panda_robot/panda_configure) by extensions ['colcon_pkg']
[0.237s] Level 1:colcon.colcon_core.package_identification:_identify(src/panda_robot/panda_configure) by extension 'colcon_pkg'
[0.237s] Level 1:colcon.colcon_core.package_identification:_identify(src/panda_robot/panda_configure) by extensions ['colcon_meta']
[0.237s] Level 1:colcon.colcon_core.package_identification:_identify(src/panda_robot/panda_configure) by extension 'colcon_meta'
[0.237s] Level 1:colcon.colcon_core.package_identification:_identify(src/panda_robot/panda_configure) by extensions ['ros']
[0.237s] Level 1:colcon.colcon_core.package_identification:_identify(src/panda_robot/panda_configure) by extension 'ros'
[0.238s] DEBUG:colcon.colcon_core.package_identification:Package 'src/panda_robot/panda_configure' with type 'ros.ament_cmake' and name 'panda_configure'
[0.238s] Level 1:colcon.colcon_core.package_identification:_identify(src/panda_robot/panda_description) by extensions ['ignore', 'ignore_ament_install']
[0.238s] Level 1:colcon.colcon_core.package_identification:_identify(src/panda_robot/panda_description) by extension 'ignore'
[0.238s] Level 1:colcon.colcon_core.package_identification:_identify(src/panda_robot/panda_description) by extension 'ignore_ament_install'
[0.238s] Level 1:colcon.colcon_core.package_identification:_identify(src/panda_robot/panda_description) by extensions ['colcon_pkg']
[0.238s] Level 1:colcon.colcon_core.package_identification:_identify(src/panda_robot/panda_description) by extension 'colcon_pkg'
[0.239s] Level 1:colcon.colcon_core.package_identification:_identify(src/panda_robot/panda_description) by extensions ['colcon_meta']
[0.239s] Level 1:colcon.colcon_core.package_identification:_identify(src/panda_robot/panda_description) by extension 'colcon_meta'
[0.239s] Level 1:colcon.colcon_core.package_identification:_identify(src/panda_robot/panda_description) by extensions ['ros']
[0.239s] Level 1:colcon.colcon_core.package_identification:_identify(src/panda_robot/panda_description) by extension 'ros'
[0.239s] DEBUG:colcon.colcon_core.package_identification:Package 'src/panda_robot/panda_description' with type 'ros.ament_cmake' and name 'panda_description'
[0.239s] Level 1:colcon.colcon_core.package_discovery:discover_packages(recursive) using defaults
[0.239s] Level 1:colcon.colcon_core.package_discovery:discover_packages(ignore) discover
[0.239s] Level 1:colcon.colcon_core.package_discovery:discover_packages(ignore) using defaults
[0.239s] Level 1:colcon.colcon_core.package_discovery:discover_packages(path) discover
[0.239s] Level 1:colcon.colcon_core.package_discovery:discover_packages(path) using defaults
[0.256s] Level 1:colcon.colcon_core.package_discovery:discover_packages(prefix_path) check parameters
[0.256s] Level 1:colcon.colcon_core.package_discovery:discover_packages(prefix_path) discover
[0.257s] DEBUG:colcon.colcon_installed_package_information.package_discovery:Found 3 installed packages in /home/lvy/arms_ws/install
[0.259s] DEBUG:colcon.colcon_installed_package_information.package_discovery:Found 356 installed packages in /opt/ros/humble
[0.270s] Level 1:colcon.colcon_core.package_discovery:discover_packages(prefix_path) using defaults
[0.307s] Level 5:colcon.colcon_core.verb:set package 'learn_moveit' build argument 'cmake_args' from command line to 'None'
[0.307s] Level 5:colcon.colcon_core.verb:set package 'learn_moveit' build argument 'cmake_target' from command line to 'None'
[0.307s] Level 5:colcon.colcon_core.verb:set package 'learn_moveit' build argument 'cmake_target_skip_unavailable' from command line to 'False'
[0.307s] Level 5:colcon.colcon_core.verb:set package 'learn_moveit' build argument 'cmake_clean_cache' from command line to 'False'
[0.307s] Level 5:colcon.colcon_core.verb:set package 'learn_moveit' build argument 'cmake_clean_first' from command line to 'False'
[0.307s] Level 5:colcon.colcon_core.verb:set package 'learn_moveit' build argument 'cmake_force_configure' from command line to 'False'
[0.307s] Level 5:colcon.colcon_core.verb:set package 'learn_moveit' build argument 'ament_cmake_args' from command line to 'None'
[0.307s] Level 5:colcon.colcon_core.verb:set package 'learn_moveit' build argument 'catkin_cmake_args' from command line to 'None'
[0.307s] Level 5:colcon.colcon_core.verb:set package 'learn_moveit' build argument 'catkin_skip_building_tests' from command line to 'False'
[0.307s] DEBUG:colcon.colcon_core.verb:Building package 'learn_moveit' with the following arguments: {'ament_cmake_args': None, 'build_base': '/home/lvy/arms_ws/build/learn_moveit', 'catkin_cmake_args': None, 'catkin_skip_building_tests': False, 'cmake_args': None, 'cmake_clean_cache': False, 'cmake_clean_first': False, 'cmake_force_configure': False, 'cmake_target': None, 'cmake_target_skip_unavailable': False, 'install_base': '/home/lvy/arms_ws/install/learn_moveit', 'merge_install': False, 'path': '/home/lvy/arms_ws/src/learn_moveit', 'symlink_install': False, 'test_result_base': None}
[0.307s] Level 5:colcon.colcon_core.verb:set package 'panda_description' build argument 'cmake_args' from command line to 'None'
[0.307s] Level 5:colcon.colcon_core.verb:set package 'panda_description' build argument 'cmake_target' from command line to 'None'
[0.307s] Level 5:colcon.colcon_core.verb:set package 'panda_description' build argument 'cmake_target_skip_unavailable' from command line to 'False'
[0.307s] Level 5:colcon.colcon_core.verb:set package 'panda_description' build argument 'cmake_clean_cache' from command line to 'False'
[0.307s] Level 5:colcon.colcon_core.verb:set package 'panda_description' build argument 'cmake_clean_first' from command line to 'False'
[0.307s] Level 5:colcon.colcon_core.verb:set package 'panda_description' build argument 'cmake_force_configure' from command line to 'False'
[0.307s] Level 5:colcon.colcon_core.verb:set package 'panda_description' build argument 'ament_cmake_args' from command line to 'None'
[0.307s] Level 5:colcon.colcon_core.verb:set package 'panda_description' build argument 'catkin_cmake_args' from command line to 'None'
[0.307s] Level 5:colcon.colcon_core.verb:set package 'panda_description' build argument 'catkin_skip_building_tests' from command line to 'False'
[0.308s] DEBUG:colcon.colcon_core.verb:Building package 'panda_description' with the following arguments: {'ament_cmake_args': None, 'build_base': '/home/lvy/arms_ws/build/panda_description', 'catkin_cmake_args': None, 'catkin_skip_building_tests': False, 'cmake_args': None, 'cmake_clean_cache': False, 'cmake_clean_first': False, 'cmake_force_configure': False, 'cmake_target': None, 'cmake_target_skip_unavailable': False, 'install_base': '/home/lvy/arms_ws/install/panda_description', 'merge_install': False, 'path': '/home/lvy/arms_ws/src/panda_robot/panda_description', 'symlink_install': False, 'test_result_base': None}
[0.308s] Level 5:colcon.colcon_core.verb:set package 'panda_configure' build argument 'cmake_args' from command line to 'None'
[0.308s] Level 5:colcon.colcon_core.verb:set package 'panda_configure' build argument 'cmake_target' from command line to 'None'
[0.308s] Level 5:colcon.colcon_core.verb:set package 'panda_configure' build argument 'cmake_target_skip_unavailable' from command line to 'False'
[0.308s] Level 5:colcon.colcon_core.verb:set package 'panda_configure' build argument 'cmake_clean_cache' from command line to 'False'
[0.308s] Level 5:colcon.colcon_core.verb:set package 'panda_configure' build argument 'cmake_clean_first' from command line to 'False'
[0.308s] Level 5:colcon.colcon_core.verb:set package 'panda_configure' build argument 'cmake_force_configure' from command line to 'False'
[0.308s] Level 5:colcon.colcon_core.verb:set package 'panda_configure' build argument 'ament_cmake_args' from command line to 'None'
[0.308s] Level 5:colcon.colcon_core.verb:set package 'panda_configure' build argument 'catkin_cmake_args' from command line to 'None'
[0.308s] Level 5:colcon.colcon_core.verb:set package 'panda_configure' build argument 'catkin_skip_building_tests' from command line to 'False'
[0.308s] DEBUG:colcon.colcon_core.verb:Building package 'panda_configure' with the following arguments: {'ament_cmake_args': None, 'build_base': '/home/lvy/arms_ws/build/panda_configure', 'catkin_cmake_args': None, 'catkin_skip_building_tests': False, 'cmake_args': None, 'cmake_clean_cache': False, 'cmake_clean_first': False, 'cmake_force_configure': False, 'cmake_target': None, 'cmake_target_skip_unavailable': False, 'install_base': '/home/lvy/arms_ws/install/panda_configure', 'merge_install': False, 'path': '/home/lvy/arms_ws/src/panda_robot/panda_configure', 'symlink_install': False, 'test_result_base': None}
[0.308s] INFO:colcon.colcon_core.executor:Executing jobs using 'parallel' executor
[0.309s] DEBUG:colcon.colcon_parallel_executor.executor.parallel:run_until_complete
[0.310s] INFO:colcon.colcon_ros.task.ament_cmake.build:Building ROS package in '/home/lvy/arms_ws/src/panda_robot/panda_description' with build type 'ament_cmake'
[0.310s] INFO:colcon.colcon_cmake.task.cmake.build:Building CMake package in '/home/lvy/arms_ws/src/panda_robot/panda_description'
[0.311s] INFO:colcon.colcon_core.plugin_system:Skipping extension 'colcon_core.shell.bat': Not used on non-Windows systems
[0.311s] INFO:colcon.colcon_core.shell:Skip shell extension 'powershell' for command environment: Not usable outside of PowerShell
[0.311s] DEBUG:colcon.colcon_core.shell:Skip shell extension 'dsv' for command environment
[0.315s] INFO:colcon.colcon_ros.task.ament_cmake.build:Building ROS package in '/home/lvy/arms_ws/src/learn_moveit' with build type 'ament_cmake'
[0.315s] INFO:colcon.colcon_cmake.task.cmake.build:Building CMake package in '/home/lvy/arms_ws/src/learn_moveit'
[0.316s] INFO:colcon.colcon_core.shell:Skip shell extension 'powershell' for command environment: Not usable outside of PowerShell
[0.316s] DEBUG:colcon.colcon_core.shell:Skip shell extension 'dsv' for command environment
[0.328s] DEBUG:colcon.colcon_core.event_handler.log_command:Invoking command in '/home/lvy/arms_ws/build/panda_description': CMAKE_PREFIX_PATH=${CMAKE_PREFIX_PATH}:/opt/ros/humble /usr/bin/cmake --build /home/lvy/arms_ws/build/panda_description -- -j4 -l4
[0.338s] DEBUG:colcon.colcon_core.event_handler.log_command:Invoking command in '/home/lvy/arms_ws/build/learn_moveit': CMAKE_PREFIX_PATH=${CMAKE_PREFIX_PATH}:/opt/ros/humble /usr/bin/cmake --build /home/lvy/arms_ws/build/learn_moveit -- -j4 -l4
[0.415s] DEBUG:colcon.colcon_core.event_handler.log_command:Invoked command in '/home/lvy/arms_ws/build/panda_description' returned '0': CMAKE_PREFIX_PATH=${CMAKE_PREFIX_PATH}:/opt/ros/humble /usr/bin/cmake --build /home/lvy/arms_ws/build/panda_description -- -j4 -l4
[0.425s] DEBUG:colcon.colcon_core.event_handler.log_command:Invoking command in '/home/lvy/arms_ws/build/panda_description': CMAKE_PREFIX_PATH=${CMAKE_PREFIX_PATH}:/opt/ros/humble /usr/bin/cmake --install /home/lvy/arms_ws/build/panda_description
[0.486s] Level 1:colcon.colcon_core.environment:create_environment_scripts_only(panda_description)
[0.502s] Level 1:colcon.colcon_core.environment:checking '/home/lvy/arms_ws/install/panda_description' for CMake module files
[0.503s] Level 1:colcon.colcon_core.environment:checking '/home/lvy/arms_ws/install/panda_description' for CMake config files
[0.504s] DEBUG:colcon.colcon_core.event_handler.log_command:Invoked command in '/home/lvy/arms_ws/build/panda_description' returned '0': CMAKE_PREFIX_PATH=${CMAKE_PREFIX_PATH}:/opt/ros/humble /usr/bin/cmake --install /home/lvy/arms_ws/build/panda_description
[0.504s] Level 1:colcon.colcon_core.shell:create_environment_hook('panda_description', 'cmake_prefix_path')
[0.505s] INFO:colcon.colcon_core.shell:Creating environment hook '/home/lvy/arms_ws/install/panda_description/share/panda_description/hook/cmake_prefix_path.ps1'
[0.505s] INFO:colcon.colcon_core.shell:Creating environment descriptor '/home/lvy/arms_ws/install/panda_description/share/panda_description/hook/cmake_prefix_path.dsv'
[0.506s] INFO:colcon.colcon_core.shell:Creating environment hook '/home/lvy/arms_ws/install/panda_description/share/panda_description/hook/cmake_prefix_path.sh'
[0.507s] Level 1:colcon.colcon_core.environment:checking '/home/lvy/arms_ws/install/panda_description/bin'
[0.507s] Level 1:colcon.colcon_core.environment:checking '/home/lvy/arms_ws/install/panda_description/lib/pkgconfig/panda_description.pc'
[0.507s] Level 1:colcon.colcon_core.environment:checking '/home/lvy/arms_ws/install/panda_description/lib/python3.10/site-packages'
[0.508s] Level 1:colcon.colcon_core.environment:checking '/home/lvy/arms_ws/install/panda_description/bin'
[0.508s] INFO:colcon.colcon_core.shell:Creating package script '/home/lvy/arms_ws/install/panda_description/share/panda_description/package.ps1'
[0.509s] INFO:colcon.colcon_core.shell:Creating package descriptor '/home/lvy/arms_ws/install/panda_description/share/panda_description/package.dsv'
[0.510s] INFO:colcon.colcon_core.shell:Creating package script '/home/lvy/arms_ws/install/panda_description/share/panda_description/package.sh'
[0.511s] INFO:colcon.colcon_core.shell:Creating package script '/home/lvy/arms_ws/install/panda_description/share/panda_description/package.bash'
[0.511s] INFO:colcon.colcon_core.shell:Creating package script '/home/lvy/arms_ws/install/panda_description/share/panda_description/package.zsh'
[0.512s] Level 1:colcon.colcon_core.environment:create_file_with_runtime_dependencies(/home/lvy/arms_ws/install/panda_description/share/colcon-core/packages/panda_description)
[0.513s] Level 1:colcon.colcon_core.environment:create_environment_scripts_only(panda_description)
[0.513s] Level 1:colcon.colcon_core.environment:checking '/home/lvy/arms_ws/install/panda_description' for CMake module files
[0.513s] Level 1:colcon.colcon_core.environment:checking '/home/lvy/arms_ws/install/panda_description' for CMake config files
[0.514s] Level 1:colcon.colcon_core.shell:create_environment_hook('panda_description', 'cmake_prefix_path')
[0.514s] INFO:colcon.colcon_core.shell:Creating environment hook '/home/lvy/arms_ws/install/panda_description/share/panda_description/hook/cmake_prefix_path.ps1'
[0.515s] INFO:colcon.colcon_core.shell:Creating environment descriptor '/home/lvy/arms_ws/install/panda_description/share/panda_description/hook/cmake_prefix_path.dsv'
[0.515s] INFO:colcon.colcon_core.shell:Creating environment hook '/home/lvy/arms_ws/install/panda_description/share/panda_description/hook/cmake_prefix_path.sh'
[0.516s] Level 1:colcon.colcon_core.environment:checking '/home/lvy/arms_ws/install/panda_description/bin'
[0.516s] Level 1:colcon.colcon_core.environment:checking '/home/lvy/arms_ws/install/panda_description/lib/pkgconfig/panda_description.pc'
[0.516s] Level 1:colcon.colcon_core.environment:checking '/home/lvy/arms_ws/install/panda_description/lib/python3.10/site-packages'
[0.517s] Level 1:colcon.colcon_core.environment:checking '/home/lvy/arms_ws/install/panda_description/bin'
[0.517s] INFO:colcon.colcon_core.shell:Creating package script '/home/lvy/arms_ws/install/panda_description/share/panda_description/package.ps1'
[0.517s] INFO:colcon.colcon_core.shell:Creating package descriptor '/home/lvy/arms_ws/install/panda_description/share/panda_description/package.dsv'
[0.518s] INFO:colcon.colcon_core.shell:Creating package script '/home/lvy/arms_ws/install/panda_description/share/panda_description/package.sh'
[0.519s] INFO:colcon.colcon_core.shell:Creating package script '/home/lvy/arms_ws/install/panda_description/share/panda_description/package.bash'
[0.519s] INFO:colcon.colcon_core.shell:Creating package script '/home/lvy/arms_ws/install/panda_description/share/panda_description/package.zsh'
[0.520s] Level 1:colcon.colcon_core.environment:create_file_with_runtime_dependencies(/home/lvy/arms_ws/install/panda_description/share/colcon-core/packages/panda_description)
[0.521s] INFO:colcon.colcon_ros.task.ament_cmake.build:Building ROS package in '/home/lvy/arms_ws/src/panda_robot/panda_configure' with build type 'ament_cmake'
[0.521s] INFO:colcon.colcon_cmake.task.cmake.build:Building CMake package in '/home/lvy/arms_ws/src/panda_robot/panda_configure'
[0.521s] INFO:colcon.colcon_core.shell:Skip shell extension 'powershell' for command environment: Not usable outside of PowerShell
[0.521s] DEBUG:colcon.colcon_core.shell:Skip shell extension 'dsv' for command environment
[0.534s] DEBUG:colcon.colcon_core.event_handler.log_command:Invoking command in '/home/lvy/arms_ws/build/panda_configure': CMAKE_PREFIX_PATH=/home/lvy/arms_ws/install/panda_description:/home/lvy/arms_ws/install/panda_configure:/home/lvy/arms_ws/install/learn_moveit:/opt/ros/humble /usr/bin/cmake --build /home/lvy/arms_ws/build/panda_configure -- -j4 -l4
[0.621s] DEBUG:colcon.colcon_core.event_handler.log_command:Invoked command in '/home/lvy/arms_ws/build/panda_configure' returned '0': CMAKE_PREFIX_PATH=/home/lvy/arms_ws/install/panda_description:/home/lvy/arms_ws/install/panda_configure:/home/lvy/arms_ws/install/learn_moveit:/opt/ros/humble /usr/bin/cmake --build /home/lvy/arms_ws/build/panda_configure -- -j4 -l4
[0.630s] DEBUG:colcon.colcon_core.event_handler.log_command:Invoking command in '/home/lvy/arms_ws/build/panda_configure': CMAKE_PREFIX_PATH=/home/lvy/arms_ws/install/panda_description:/home/lvy/arms_ws/install/panda_configure:/home/lvy/arms_ws/install/learn_moveit:/opt/ros/humble /usr/bin/cmake --install /home/lvy/arms_ws/build/panda_configure
[0.687s] Level 1:colcon.colcon_core.environment:create_environment_scripts_only(panda_configure)
[0.687s] Level 1:colcon.colcon_core.environment:checking '/home/lvy/arms_ws/install/panda_configure' for CMake module files
[0.688s] DEBUG:colcon.colcon_core.event_handler.log_command:Invoked command in '/home/lvy/arms_ws/build/panda_configure' returned '0': CMAKE_PREFIX_PATH=/home/lvy/arms_ws/install/panda_description:/home/lvy/arms_ws/install/panda_configure:/home/lvy/arms_ws/install/learn_moveit:/opt/ros/humble /usr/bin/cmake --install /home/lvy/arms_ws/build/panda_configure
[0.688s] Level 1:colcon.colcon_core.environment:checking '/home/lvy/arms_ws/install/panda_configure' for CMake config files
[0.689s] Level 1:colcon.colcon_core.shell:create_environment_hook('panda_configure', 'cmake_prefix_path')
[0.689s] INFO:colcon.colcon_core.shell:Creating environment hook '/home/lvy/arms_ws/install/panda_configure/share/panda_configure/hook/cmake_prefix_path.ps1'
[0.691s] INFO:colcon.colcon_core.shell:Creating environment descriptor '/home/lvy/arms_ws/install/panda_configure/share/panda_configure/hook/cmake_prefix_path.dsv'
[0.692s] INFO:colcon.colcon_core.shell:Creating environment hook '/home/lvy/arms_ws/install/panda_configure/share/panda_configure/hook/cmake_prefix_path.sh'
[0.693s] Level 1:colcon.colcon_core.environment:checking '/home/lvy/arms_ws/install/panda_configure/bin'
[0.693s] Level 1:colcon.colcon_core.environment:checking '/home/lvy/arms_ws/install/panda_configure/lib/pkgconfig/panda_configure.pc'
[0.694s] Level 1:colcon.colcon_core.environment:checking '/home/lvy/arms_ws/install/panda_configure/lib/python3.10/site-packages'
[0.695s] Level 1:colcon.colcon_core.environment:checking '/home/lvy/arms_ws/install/panda_configure/bin'
[0.695s] INFO:colcon.colcon_core.shell:Creating package script '/home/lvy/arms_ws/install/panda_configure/share/panda_configure/package.ps1'
[0.696s] INFO:colcon.colcon_core.shell:Creating package descriptor '/home/lvy/arms_ws/install/panda_configure/share/panda_configure/package.dsv'
[0.697s] INFO:colcon.colcon_core.shell:Creating package script '/home/lvy/arms_ws/install/panda_configure/share/panda_configure/package.sh'
[0.698s] INFO:colcon.colcon_core.shell:Creating package script '/home/lvy/arms_ws/install/panda_configure/share/panda_configure/package.bash'
[0.701s] INFO:colcon.colcon_core.shell:Creating package script '/home/lvy/arms_ws/install/panda_configure/share/panda_configure/package.zsh'
[0.704s] Level 1:colcon.colcon_core.environment:create_file_with_runtime_dependencies(/home/lvy/arms_ws/install/panda_configure/share/colcon-core/packages/panda_configure)
[0.706s] Level 1:colcon.colcon_core.environment:create_environment_scripts_only(panda_configure)
[0.707s] Level 1:colcon.colcon_core.environment:checking '/home/lvy/arms_ws/install/panda_configure' for CMake module files
[0.708s] Level 1:colcon.colcon_core.environment:checking '/home/lvy/arms_ws/install/panda_configure' for CMake config files
[0.708s] Level 1:colcon.colcon_core.shell:create_environment_hook('panda_configure', 'cmake_prefix_path')
[0.709s] INFO:colcon.colcon_core.shell:Creating environment hook '/home/lvy/arms_ws/install/panda_configure/share/panda_configure/hook/cmake_prefix_path.ps1'
[0.709s] INFO:colcon.colcon_core.shell:Creating environment descriptor '/home/lvy/arms_ws/install/panda_configure/share/panda_configure/hook/cmake_prefix_path.dsv'
[0.711s] INFO:colcon.colcon_core.shell:Creating environment hook '/home/lvy/arms_ws/install/panda_configure/share/panda_configure/hook/cmake_prefix_path.sh'
[0.712s] Level 1:colcon.colcon_core.environment:checking '/home/lvy/arms_ws/install/panda_configure/bin'
[0.712s] Level 1:colcon.colcon_core.environment:checking '/home/lvy/arms_ws/install/panda_configure/lib/pkgconfig/panda_configure.pc'
[0.713s] Level 1:colcon.colcon_core.environment:checking '/home/lvy/arms_ws/install/panda_configure/lib/python3.10/site-packages'
[0.713s] Level 1:colcon.colcon_core.environment:checking '/home/lvy/arms_ws/install/panda_configure/bin'
[0.713s] INFO:colcon.colcon_core.shell:Creating package script '/home/lvy/arms_ws/install/panda_configure/share/panda_configure/package.ps1'
[0.714s] INFO:colcon.colcon_core.shell:Creating package descriptor '/home/lvy/arms_ws/install/panda_configure/share/panda_configure/package.dsv'
[0.715s] INFO:colcon.colcon_core.shell:Creating package script '/home/lvy/arms_ws/install/panda_configure/share/panda_configure/package.sh'
[0.716s] INFO:colcon.colcon_core.shell:Creating package script '/home/lvy/arms_ws/install/panda_configure/share/panda_configure/package.bash'
[0.717s] INFO:colcon.colcon_core.shell:Creating package script '/home/lvy/arms_ws/install/panda_configure/share/panda_configure/package.zsh'
[0.718s] Level 1:colcon.colcon_core.environment:create_file_with_runtime_dependencies(/home/lvy/arms_ws/install/panda_configure/share/colcon-core/packages/panda_configure)
[8.348s] DEBUG:colcon.colcon_core.event_handler.log_command:Invoked command in '/home/lvy/arms_ws/build/learn_moveit' returned '0': CMAKE_PREFIX_PATH=${CMAKE_PREFIX_PATH}:/opt/ros/humble /usr/bin/cmake --build /home/lvy/arms_ws/build/learn_moveit -- -j4 -l4
[8.350s] DEBUG:colcon.colcon_core.event_handler.log_command:Invoking command in '/home/lvy/arms_ws/build/learn_moveit': CMAKE_PREFIX_PATH=${CMAKE_PREFIX_PATH}:/opt/ros/humble /usr/bin/cmake --install /home/lvy/arms_ws/build/learn_moveit
[8.385s] Level 1:colcon.colcon_core.environment:create_environment_scripts_only(learn_moveit)
[8.385s] Level 1:colcon.colcon_core.environment:checking '/home/lvy/arms_ws/install/learn_moveit' for CMake module files
[8.387s] DEBUG:colcon.colcon_core.event_handler.log_command:Invoked command in '/home/lvy/arms_ws/build/learn_moveit' returned '0': CMAKE_PREFIX_PATH=${CMAKE_PREFIX_PATH}:/opt/ros/humble /usr/bin/cmake --install /home/lvy/arms_ws/build/learn_moveit
[8.394s] Level 1:colcon.colcon_core.environment:checking '/home/lvy/arms_ws/install/learn_moveit' for CMake config files
[8.395s] Level 1:colcon.colcon_core.shell:create_environment_hook('learn_moveit', 'cmake_prefix_path')
[8.395s] INFO:colcon.colcon_core.shell:Creating environment hook '/home/lvy/arms_ws/install/learn_moveit/share/learn_moveit/hook/cmake_prefix_path.ps1'
[8.396s] INFO:colcon.colcon_core.shell:Creating environment descriptor '/home/lvy/arms_ws/install/learn_moveit/share/learn_moveit/hook/cmake_prefix_path.dsv'
[8.396s] INFO:colcon.colcon_core.shell:Creating environment hook '/home/lvy/arms_ws/install/learn_moveit/share/learn_moveit/hook/cmake_prefix_path.sh'
[8.397s] Level 1:colcon.colcon_core.environment:checking '/home/lvy/arms_ws/install/learn_moveit/lib'
[8.398s] Level 1:colcon.colcon_core.environment:checking '/home/lvy/arms_ws/install/learn_moveit/bin'
[8.398s] Level 1:colcon.colcon_core.environment:checking '/home/lvy/arms_ws/install/learn_moveit/lib/pkgconfig/learn_moveit.pc'
[8.398s] Level 1:colcon.colcon_core.environment:checking '/home/lvy/arms_ws/install/learn_moveit/lib/python3.10/site-packages'
[8.398s] Level 1:colcon.colcon_core.environment:checking '/home/lvy/arms_ws/install/learn_moveit/bin'
[8.399s] INFO:colcon.colcon_core.shell:Creating package script '/home/lvy/arms_ws/install/learn_moveit/share/learn_moveit/package.ps1'
[8.399s] INFO:colcon.colcon_core.shell:Creating package descriptor '/home/lvy/arms_ws/install/learn_moveit/share/learn_moveit/package.dsv'
[8.400s] INFO:colcon.colcon_core.shell:Creating package script '/home/lvy/arms_ws/install/learn_moveit/share/learn_moveit/package.sh'
[8.400s] INFO:colcon.colcon_core.shell:Creating package script '/home/lvy/arms_ws/install/learn_moveit/share/learn_moveit/package.bash'
[8.401s] INFO:colcon.colcon_core.shell:Creating package script '/home/lvy/arms_ws/install/learn_moveit/share/learn_moveit/package.zsh'
[8.401s] Level 1:colcon.colcon_core.environment:create_file_with_runtime_dependencies(/home/lvy/arms_ws/install/learn_moveit/share/colcon-core/packages/learn_moveit)
[8.402s] Level 1:colcon.colcon_core.environment:create_environment_scripts_only(learn_moveit)
[8.402s] Level 1:colcon.colcon_core.environment:checking '/home/lvy/arms_ws/install/learn_moveit' for CMake module files
[8.403s] Level 1:colcon.colcon_core.environment:checking '/home/lvy/arms_ws/install/learn_moveit' for CMake config files
[8.403s] Level 1:colcon.colcon_core.shell:create_environment_hook('learn_moveit', 'cmake_prefix_path')
[8.403s] INFO:colcon.colcon_core.shell:Creating environment hook '/home/lvy/arms_ws/install/learn_moveit/share/learn_moveit/hook/cmake_prefix_path.ps1'
[8.404s] INFO:colcon.colcon_core.shell:Creating environment descriptor '/home/lvy/arms_ws/install/learn_moveit/share/learn_moveit/hook/cmake_prefix_path.dsv'
[8.407s] INFO:colcon.colcon_core.shell:Creating environment hook '/home/lvy/arms_ws/install/learn_moveit/share/learn_moveit/hook/cmake_prefix_path.sh'
[8.408s] Level 1:colcon.colcon_core.environment:checking '/home/lvy/arms_ws/install/learn_moveit/lib'
[8.408s] Level 1:colcon.colcon_core.environment:checking '/home/lvy/arms_ws/install/learn_moveit/bin'
[8.408s] Level 1:colcon.colcon_core.environment:checking '/home/lvy/arms_ws/install/learn_moveit/lib/pkgconfig/learn_moveit.pc'
[8.408s] Level 1:colcon.colcon_core.environment:checking '/home/lvy/arms_ws/install/learn_moveit/lib/python3.10/site-packages'
[8.409s] Level 1:colcon.colcon_core.environment:checking '/home/lvy/arms_ws/install/learn_moveit/bin'
[8.409s] INFO:colcon.colcon_core.shell:Creating package script '/home/lvy/arms_ws/install/learn_moveit/share/learn_moveit/package.ps1'
[8.410s] INFO:colcon.colcon_core.shell:Creating package descriptor '/home/lvy/arms_ws/install/learn_moveit/share/learn_moveit/package.dsv'
[8.410s] INFO:colcon.colcon_core.shell:Creating package script '/home/lvy/arms_ws/install/learn_moveit/share/learn_moveit/package.sh'
[8.411s] INFO:colcon.colcon_core.shell:Creating package script '/home/lvy/arms_ws/install/learn_moveit/share/learn_moveit/package.bash'
[8.411s] INFO:colcon.colcon_core.shell:Creating package script '/home/lvy/arms_ws/install/learn_moveit/share/learn_moveit/package.zsh'
[8.412s] Level 1:colcon.colcon_core.environment:create_file_with_runtime_dependencies(/home/lvy/arms_ws/install/learn_moveit/share/colcon-core/packages/learn_moveit)
[8.412s] DEBUG:colcon.colcon_parallel_executor.executor.parallel:closing loop
[8.413s] DEBUG:colcon.colcon_parallel_executor.executor.parallel:loop closed
[8.413s] DEBUG:colcon.colcon_parallel_executor.executor.parallel:run_until_complete finished with '0'
[8.413s] DEBUG:colcon.colcon_core.event_reactor:joining thread
[8.421s] INFO:colcon.colcon_core.plugin_system:Skipping extension 'colcon_notification.desktop_notification.terminal_notifier': Not used on non-Darwin systems
[8.421s] INFO:colcon.colcon_core.plugin_system:Skipping extension 'colcon_notification.desktop_notification.win32': Not used on non-Windows systems
[8.421s] INFO:colcon.colcon_notification.desktop_notification:Sending desktop notification using 'notify2'
[8.438s] DEBUG:colcon.colcon_core.event_reactor:joined thread
[8.439s] INFO:colcon.colcon_core.shell:Creating prefix script '/home/lvy/arms_ws/install/local_setup.ps1'
[8.440s] INFO:colcon.colcon_core.shell:Creating prefix util module '/home/lvy/arms_ws/install/_local_setup_util_ps1.py'
[8.442s] INFO:colcon.colcon_core.shell:Creating prefix chain script '/home/lvy/arms_ws/install/setup.ps1'
[8.446s] INFO:colcon.colcon_core.shell:Creating prefix script '/home/lvy/arms_ws/install/local_setup.sh'
[8.447s] INFO:colcon.colcon_core.shell:Creating prefix util module '/home/lvy/arms_ws/install/_local_setup_util_sh.py'
[8.448s] INFO:colcon.colcon_core.shell:Creating prefix chain script '/home/lvy/arms_ws/install/setup.sh'
[8.449s] INFO:colcon.colcon_core.shell:Creating prefix script '/home/lvy/arms_ws/install/local_setup.bash'
[8.450s] INFO:colcon.colcon_core.shell:Creating prefix chain script '/home/lvy/arms_ws/install/setup.bash'
[8.466s] INFO:colcon.colcon_core.shell:Creating prefix script '/home/lvy/arms_ws/install/local_setup.zsh'
[8.467s] INFO:colcon.colcon_core.shell:Creating prefix chain script '/home/lvy/arms_ws/install/setup.zsh'
