[0.018s] Invoking command in '/home/lvy/arms_ws/build/panda_configure': CMAKE_PREFIX_PATH=${CMAKE_PREFIX_PATH}:/opt/ros/humble /usr/bin/cmake /home/lvy/arms_ws/src/panda_robot/panda_configure -DCMAKE_INSTALL_PREFIX=/home/lvy/arms_ws/install/panda_configure
[0.103s] -- The C compiler identification is GNU 11.4.0
[0.175s] -- The CXX compiler identification is GNU 11.4.0
[0.186s] -- Detecting C compiler ABI info
[0.292s] -- Detecting C compiler ABI info - done
[0.308s] -- Check for working C compiler: /usr/bin/cc - skipped
[0.308s] -- Detecting C compile features
[0.308s] -- Detecting C compile features - done
[0.311s] -- Detecting CXX compiler ABI info
[0.430s] -- Detecting CXX compiler ABI info - done
[0.435s] -- Check for working CXX compiler: /usr/bin/c++ - skipped
[0.435s] -- Detecting CXX compile features
[0.436s] -- Detecting CXX compile features - done
[0.438s] -- Found ament_cmake: 1.3.12 (/opt/ros/humble/share/ament_cmake/cmake)
[0.620s] -- Found Python3: /usr/bin/python3 (found version "3.10.12") found components: Interpreter 
[0.799s] -- Configuring done
[0.801s] -- Generating done
[0.802s] -- Build files have been written to: /home/lvy/arms_ws/build/panda_configure
[0.806s] Invoked command in '/home/lvy/arms_ws/build/panda_configure' returned '0': CMAKE_PREFIX_PATH=${CMAKE_PREFIX_PATH}:/opt/ros/humble /usr/bin/cmake /home/lvy/arms_ws/src/panda_robot/panda_configure -DCMAKE_INSTALL_PREFIX=/home/lvy/arms_ws/install/panda_configure
[0.810s] Invoking command in '/home/lvy/arms_ws/build/panda_configure': CMAKE_PREFIX_PATH=${CMAKE_PREFIX_PATH}:/opt/ros/humble /usr/bin/cmake --build /home/lvy/arms_ws/build/panda_configure -- -j4 -l4
[0.864s] Invoked command in '/home/lvy/arms_ws/build/panda_configure' returned '0': CMAKE_PREFIX_PATH=${CMAKE_PREFIX_PATH}:/opt/ros/humble /usr/bin/cmake --build /home/lvy/arms_ws/build/panda_configure -- -j4 -l4
[0.876s] Invoking command in '/home/lvy/arms_ws/build/panda_configure': CMAKE_PREFIX_PATH=${CMAKE_PREFIX_PATH}:/opt/ros/humble /usr/bin/cmake --install /home/lvy/arms_ws/build/panda_configure
[0.883s] -- Install configuration: ""
[0.883s] -- Installing: /home/lvy/arms_ws/install/panda_configure/share/ament_index/resource_index/package_run_dependencies/panda_configure
[0.884s] -- Installing: /home/lvy/arms_ws/install/panda_configure/share/ament_index/resource_index/parent_prefix_path/panda_configure
[0.884s] -- Installing: /home/lvy/arms_ws/install/panda_configure/share/panda_configure/environment/ament_prefix_path.sh
[0.884s] -- Installing: /home/lvy/arms_ws/install/panda_configure/share/panda_configure/environment/ament_prefix_path.dsv
[0.884s] -- Installing: /home/lvy/arms_ws/install/panda_configure/share/panda_configure/environment/path.sh
[0.884s] -- Installing: /home/lvy/arms_ws/install/panda_configure/share/panda_configure/environment/path.dsv
[0.884s] -- Installing: /home/lvy/arms_ws/install/panda_configure/share/panda_configure/local_setup.bash
[0.884s] -- Installing: /home/lvy/arms_ws/install/panda_configure/share/panda_configure/local_setup.sh
[0.884s] -- Installing: /home/lvy/arms_ws/install/panda_configure/share/panda_configure/local_setup.zsh
[0.884s] -- Installing: /home/lvy/arms_ws/install/panda_configure/share/panda_configure/local_setup.dsv
[0.884s] -- Installing: /home/lvy/arms_ws/install/panda_configure/share/panda_configure/package.dsv
[0.884s] -- Installing: /home/lvy/arms_ws/install/panda_configure/share/ament_index/resource_index/packages/panda_configure
[0.884s] -- Installing: /home/lvy/arms_ws/install/panda_configure/share/panda_configure/cmake/panda_configureConfig.cmake
[0.884s] -- Installing: /home/lvy/arms_ws/install/panda_configure/share/panda_configure/cmake/panda_configureConfig-version.cmake
[0.884s] -- Installing: /home/lvy/arms_ws/install/panda_configure/share/panda_configure/package.xml
[0.884s] -- Installing: /home/lvy/arms_ws/install/panda_configure/share/panda_configure/launch
[0.884s] -- Installing: /home/lvy/arms_ws/install/panda_configure/share/panda_configure/launch/demo.launch.py
[0.884s] -- Installing: /home/lvy/arms_ws/install/panda_configure/share/panda_configure/launch/rsp.launch.py
[0.884s] -- Installing: /home/lvy/arms_ws/install/panda_configure/share/panda_configure/launch/static_virtual_joint_tfs.launch.py
[0.884s] -- Installing: /home/lvy/arms_ws/install/panda_configure/share/panda_configure/launch/move_group.launch.py
[0.884s] -- Installing: /home/lvy/arms_ws/install/panda_configure/share/panda_configure/launch/moveit_rviz.launch.py
[0.884s] -- Installing: /home/lvy/arms_ws/install/panda_configure/share/panda_configure/launch/warehouse_db.launch.py
[0.884s] -- Installing: /home/lvy/arms_ws/install/panda_configure/share/panda_configure/launch/spawn_controllers.launch.py
[0.885s] -- Installing: /home/lvy/arms_ws/install/panda_configure/share/panda_configure/launch/setup_assistant.launch.py
[0.885s] -- Installing: /home/lvy/arms_ws/install/panda_configure/share/panda_configure/config
[0.885s] -- Installing: /home/lvy/arms_ws/install/panda_configure/share/panda_configure/config/ros2_controllers.yaml
[0.885s] -- Installing: /home/lvy/arms_ws/install/panda_configure/share/panda_configure/config/joint_limits.yaml
[0.885s] -- Installing: /home/lvy/arms_ws/install/panda_configure/share/panda_configure/config/initial_positions.yaml
[0.885s] -- Installing: /home/lvy/arms_ws/install/panda_configure/share/panda_configure/config/panda.srdf
[0.885s] -- Installing: /home/lvy/arms_ws/install/panda_configure/share/panda_configure/config/moveit.rviz
[0.885s] -- Installing: /home/lvy/arms_ws/install/panda_configure/share/panda_configure/config/panda.ros2_control.xacro
[0.885s] -- Installing: /home/lvy/arms_ws/install/panda_configure/share/panda_configure/config/kinematics.yaml
[0.885s] -- Installing: /home/lvy/arms_ws/install/panda_configure/share/panda_configure/config/moveit_controllers.yaml
[0.885s] -- Installing: /home/lvy/arms_ws/install/panda_configure/share/panda_configure/config/panda.urdf.xacro
[0.885s] -- Installing: /home/lvy/arms_ws/install/panda_configure/share/panda_configure/config/pilz_cartesian_limits.yaml
[0.885s] -- Installing: /home/lvy/arms_ws/install/panda_configure/share/panda_configure/.setup_assistant
[0.888s] Invoked command in '/home/lvy/arms_ws/build/panda_configure' returned '0': CMAKE_PREFIX_PATH=${CMAKE_PREFIX_PATH}:/opt/ros/humble /usr/bin/cmake --install /home/lvy/arms_ws/build/panda_configure
