[0.024s] Invoking command in '/home/lvy/arms_ws/build/panda_description': CMAKE_PREFIX_PATH=${CMAKE_PREFIX_PATH}:/opt/ros/humble /usr/bin/cmake /home/lvy/arms_ws/src/panda_robot/panda_description -DAMENT_CMAKE_SYMLINK_INSTALL=1 -DCMAKE_INSTALL_PREFIX=/home/lvy/arms_ws/install/panda_description
[0.069s] -- Found ament_cmake: 1.3.12 (/opt/ros/humble/share/ament_cmake/cmake)
[0.256s] -- Override CMake install command with custom implementation using symlinks instead of copying resources
[0.381s] -- Configuring done
[0.398s] -- Generating done
[0.402s] -- Build files have been written to: /home/lvy/arms_ws/build/panda_description
[0.411s] Invoked command in '/home/lvy/arms_ws/build/panda_description' returned '0': CMAKE_PREFIX_PATH=${CMAKE_PREFIX_PATH}:/opt/ros/humble /usr/bin/cmake /home/lvy/arms_ws/src/panda_robot/panda_description -DAMENT_CMAKE_SYMLINK_INSTALL=1 -DCMAKE_INSTALL_PREFIX=/home/lvy/arms_ws/install/panda_description
[0.411s] Invoking command in '/home/lvy/arms_ws/build/panda_description': CMAKE_PREFIX_PATH=${CMAKE_PREFIX_PATH}:/opt/ros/humble /usr/bin/cmake --build /home/lvy/arms_ws/build/panda_description -- -j4 -l4
[0.513s] Invoked command in '/home/lvy/arms_ws/build/panda_description' returned '0': CMAKE_PREFIX_PATH=${CMAKE_PREFIX_PATH}:/opt/ros/humble /usr/bin/cmake --build /home/lvy/arms_ws/build/panda_description -- -j4 -l4
[0.522s] Invoking command in '/home/lvy/arms_ws/build/panda_description': CMAKE_PREFIX_PATH=${CMAKE_PREFIX_PATH}:/opt/ros/humble /usr/bin/cmake --install /home/lvy/arms_ws/build/panda_description
[0.530s] -- Install configuration: ""
[0.531s] -- Execute custom install script
[0.531s] -- Symlinking: /home/lvy/arms_ws/install/panda_description/share/ament_index/resource_index/package_run_dependencies/panda_description
[0.570s] -- Symlinking: /home/lvy/arms_ws/install/panda_description/share/ament_index/resource_index/parent_prefix_path/panda_description
[0.586s] -- Symlinking: /home/lvy/arms_ws/install/panda_description/share/panda_description/environment/ament_prefix_path.sh
[0.598s] -- Symlinking: /home/lvy/arms_ws/install/panda_description/share/panda_description/environment/ament_prefix_path.dsv
[0.617s] -- Symlinking: /home/lvy/arms_ws/install/panda_description/share/panda_description/environment/path.sh
[0.635s] -- Symlinking: /home/lvy/arms_ws/install/panda_description/share/panda_description/environment/path.dsv
[0.646s] -- Symlinking: /home/lvy/arms_ws/install/panda_description/share/panda_description/local_setup.bash
[0.657s] -- Symlinking: /home/lvy/arms_ws/install/panda_description/share/panda_description/local_setup.sh
[0.669s] -- Symlinking: /home/lvy/arms_ws/install/panda_description/share/panda_description/local_setup.zsh
[0.685s] -- Symlinking: /home/lvy/arms_ws/install/panda_description/share/panda_description/local_setup.dsv
[0.697s] -- Symlinking: /home/lvy/arms_ws/install/panda_description/share/panda_description/package.dsv
[0.709s] -- Symlinking: /home/lvy/arms_ws/install/panda_description/share/ament_index/resource_index/packages/panda_description
[0.719s] -- Symlinking: /home/lvy/arms_ws/install/panda_description/share/panda_description/cmake/panda_descriptionConfig.cmake
[0.730s] -- Symlinking: /home/lvy/arms_ws/install/panda_description/share/panda_description/cmake/panda_descriptionConfig-version.cmake
[0.740s] -- Symlinking: /home/lvy/arms_ws/install/panda_description/share/panda_description/package.xml
[0.752s] -- Symlinking: /home/lvy/arms_ws/install/panda_description/share/panda_description/meshes/collision/finger.stl
[0.763s] -- Symlinking: /home/lvy/arms_ws/install/panda_description/share/panda_description/meshes/collision/hand.stl
[0.775s] -- Symlinking: /home/lvy/arms_ws/install/panda_description/share/panda_description/meshes/collision/link0.stl
[0.793s] -- Symlinking: /home/lvy/arms_ws/install/panda_description/share/panda_description/meshes/collision/link1.stl
[0.815s] -- Symlinking: /home/lvy/arms_ws/install/panda_description/share/panda_description/meshes/collision/link2.stl
[0.817s] -- Symlinking: /home/lvy/arms_ws/install/panda_description/share/panda_description/meshes/collision/link3.stl
[0.834s] -- Symlinking: /home/lvy/arms_ws/install/panda_description/share/panda_description/meshes/collision/link4.stl
[0.842s] -- Symlinking: /home/lvy/arms_ws/install/panda_description/share/panda_description/meshes/collision/link5.stl
[0.853s] -- Symlinking: /home/lvy/arms_ws/install/panda_description/share/panda_description/meshes/collision/link6.stl
[0.862s] -- Symlinking: /home/lvy/arms_ws/install/panda_description/share/panda_description/meshes/collision/link7.stl
[0.874s] -- Symlinking: /home/lvy/arms_ws/install/panda_description/share/panda_description/meshes/visual/finger.dae
[0.895s] -- Symlinking: /home/lvy/arms_ws/install/panda_description/share/panda_description/meshes/visual/hand.dae
[0.895s] -- Symlinking: /home/lvy/arms_ws/install/panda_description/share/panda_description/meshes/visual/link0.dae
[0.905s] -- Symlinking: /home/lvy/arms_ws/install/panda_description/share/panda_description/meshes/visual/link1.dae
[0.917s] -- Symlinking: /home/lvy/arms_ws/install/panda_description/share/panda_description/meshes/visual/link2.dae
[0.928s] -- Symlinking: /home/lvy/arms_ws/install/panda_description/share/panda_description/meshes/visual/link3.dae
[0.937s] -- Symlinking: /home/lvy/arms_ws/install/panda_description/share/panda_description/meshes/visual/link4.dae
[0.966s] -- Symlinking: /home/lvy/arms_ws/install/panda_description/share/panda_description/meshes/visual/link5.dae
[0.978s] -- Symlinking: /home/lvy/arms_ws/install/panda_description/share/panda_description/meshes/visual/link6.dae
[0.990s] -- Symlinking: /home/lvy/arms_ws/install/panda_description/share/panda_description/meshes/visual/link7.dae
[1.025s] -- Symlinking: /home/lvy/arms_ws/install/panda_description/share/panda_description/urdf/panda.urdf
[1.037s] -- Symlinking: /home/lvy/arms_ws/install/panda_description/share/panda_description/urdf/panda.urdf.xacro
[1.053s] Invoked command in '/home/lvy/arms_ws/build/panda_description' returned '0': CMAKE_PREFIX_PATH=${CMAKE_PREFIX_PATH}:/opt/ros/humble /usr/bin/cmake --install /home/lvy/arms_ws/build/panda_description
