[0.094s] DEBUG:colcon:Command line arguments: ['/usr/bin/colcon', 'build']
[0.094s] DEBUG:colcon:Parsed command line arguments: Namespace(log_base=None, log_level=None, verb_name='build', build_base='build', install_base='install', merge_install=False, symlink_install=False, test_result_base=None, continue_on_error=False, executor='parallel', parallel_workers=4, event_handlers=None, ignore_user_meta=False, metas=['./colcon.meta'], base_paths=['.'], packages_ignore=None, packages_ignore_regex=None, paths=None, packages_up_to=None, packages_up_to_regex=None, packages_above=None, packages_above_and_dependencies=None, packages_above_depth=None, packages_select_by_dep=None, packages_skip_by_dep=None, packages_skip_up_to=None, packages_select_build_failed=False, packages_skip_build_finished=False, packages_select_test_failures=False, packages_skip_test_passed=False, packages_select=None, packages_skip=None, packages_select_regex=None, packages_skip_regex=None, packages_start=None, packages_end=None, allow_overriding=[], cmake_args=None, cmake_target=None, cmake_target_skip_unavailable=False, cmake_clean_cache=False, cmake_clean_first=False, cmake_force_configure=False, ament_cmake_args=None, catkin_cmake_args=None, catkin_skip_building_tests=False, verb_parser=<colcon_defaults.argument_parser.defaults.DefaultArgumentsDecorator object at 0x7ea978d0ba00>, verb_extension=<colcon_core.verb.build.BuildVerb object at 0x7ea978e64490>, main=<bound method BuildVerb.main of <colcon_core.verb.build.BuildVerb object at 0x7ea978e64490>>)
[0.226s] Level 1:colcon.colcon_core.package_discovery:discover_packages(colcon_meta) check parameters
[0.227s] Level 1:colcon.colcon_core.package_discovery:discover_packages(recursive) check parameters
[0.227s] Level 1:colcon.colcon_core.package_discovery:discover_packages(ignore) check parameters
[0.227s] Level 1:colcon.colcon_core.package_discovery:discover_packages(path) check parameters
[0.227s] Level 1:colcon.colcon_core.package_discovery:discover_packages(colcon_meta) discover
[0.227s] Level 1:colcon.colcon_core.package_discovery:discover_packages(recursive) discover
[0.227s] INFO:colcon.colcon_core.package_discovery:Crawling recursively for packages in '/home/lvy/arms_ws'
[0.227s] Level 1:colcon.colcon_core.package_identification:_identify(.) by extensions ['ignore', 'ignore_ament_install']
[0.227s] Level 1:colcon.colcon_core.package_identification:_identify(.) by extension 'ignore'
[0.227s] Level 1:colcon.colcon_core.package_identification:_identify(.) by extension 'ignore_ament_install'
[0.227s] Level 1:colcon.colcon_core.package_identification:_identify(.) by extensions ['colcon_pkg']
[0.227s] Level 1:colcon.colcon_core.package_identification:_identify(.) by extension 'colcon_pkg'
[0.227s] Level 1:colcon.colcon_core.package_identification:_identify(.) by extensions ['colcon_meta']
[0.228s] Level 1:colcon.colcon_core.package_identification:_identify(.) by extension 'colcon_meta'
[0.228s] Level 1:colcon.colcon_core.package_identification:_identify(.) by extensions ['ros']
[0.228s] Level 1:colcon.colcon_core.package_identification:_identify(.) by extension 'ros'
[0.240s] Level 1:colcon.colcon_core.package_identification:_identify(.) by extensions ['cmake', 'python']
[0.240s] Level 1:colcon.colcon_core.package_identification:_identify(.) by extension 'cmake'
[0.240s] Level 1:colcon.colcon_core.package_identification:_identify(.) by extension 'python'
[0.240s] Level 1:colcon.colcon_core.package_identification:_identify(.) by extensions ['python_setup_py']
[0.240s] Level 1:colcon.colcon_core.package_identification:_identify(.) by extension 'python_setup_py'
[0.240s] Level 1:colcon.colcon_core.package_identification:_identify(build) by extensions ['ignore', 'ignore_ament_install']
[0.240s] Level 1:colcon.colcon_core.package_identification:_identify(build) by extension 'ignore'
[0.240s] Level 1:colcon.colcon_core.package_identification:_identify(build) ignored
[0.241s] Level 1:colcon.colcon_core.package_identification:_identify(install) by extensions ['ignore', 'ignore_ament_install']
[0.241s] Level 1:colcon.colcon_core.package_identification:_identify(install) by extension 'ignore'
[0.241s] Level 1:colcon.colcon_core.package_identification:_identify(install) ignored
[0.241s] Level 1:colcon.colcon_core.package_identification:_identify(log) by extensions ['ignore', 'ignore_ament_install']
[0.241s] Level 1:colcon.colcon_core.package_identification:_identify(log) by extension 'ignore'
[0.241s] Level 1:colcon.colcon_core.package_identification:_identify(log) ignored
[0.241s] Level 1:colcon.colcon_core.package_identification:_identify(src) by extensions ['ignore', 'ignore_ament_install']
[0.241s] Level 1:colcon.colcon_core.package_identification:_identify(src) by extension 'ignore'
[0.241s] Level 1:colcon.colcon_core.package_identification:_identify(src) by extension 'ignore_ament_install'
[0.241s] Level 1:colcon.colcon_core.package_identification:_identify(src) by extensions ['colcon_pkg']
[0.241s] Level 1:colcon.colcon_core.package_identification:_identify(src) by extension 'colcon_pkg'
[0.241s] Level 1:colcon.colcon_core.package_identification:_identify(src) by extensions ['colcon_meta']
[0.241s] Level 1:colcon.colcon_core.package_identification:_identify(src) by extension 'colcon_meta'
[0.241s] Level 1:colcon.colcon_core.package_identification:_identify(src) by extensions ['ros']
[0.241s] Level 1:colcon.colcon_core.package_identification:_identify(src) by extension 'ros'
[0.241s] Level 1:colcon.colcon_core.package_identification:_identify(src) by extensions ['cmake', 'python']
[0.242s] Level 1:colcon.colcon_core.package_identification:_identify(src) by extension 'cmake'
[0.242s] Level 1:colcon.colcon_core.package_identification:_identify(src) by extension 'python'
[0.242s] Level 1:colcon.colcon_core.package_identification:_identify(src) by extensions ['python_setup_py']
[0.242s] Level 1:colcon.colcon_core.package_identification:_identify(src) by extension 'python_setup_py'
[0.242s] Level 1:colcon.colcon_core.package_identification:_identify(src/learn_moveit) by extensions ['ignore', 'ignore_ament_install']
[0.242s] Level 1:colcon.colcon_core.package_identification:_identify(src/learn_moveit) by extension 'ignore'
[0.242s] Level 1:colcon.colcon_core.package_identification:_identify(src/learn_moveit) by extension 'ignore_ament_install'
[0.242s] Level 1:colcon.colcon_core.package_identification:_identify(src/learn_moveit) by extensions ['colcon_pkg']
[0.242s] Level 1:colcon.colcon_core.package_identification:_identify(src/learn_moveit) by extension 'colcon_pkg'
[0.242s] Level 1:colcon.colcon_core.package_identification:_identify(src/learn_moveit) by extensions ['colcon_meta']
[0.242s] Level 1:colcon.colcon_core.package_identification:_identify(src/learn_moveit) by extension 'colcon_meta'
[0.242s] Level 1:colcon.colcon_core.package_identification:_identify(src/learn_moveit) by extensions ['ros']
[0.242s] Level 1:colcon.colcon_core.package_identification:_identify(src/learn_moveit) by extension 'ros'
[0.244s] DEBUG:colcon.colcon_core.package_identification:Package 'src/learn_moveit' with type 'ros.ament_cmake' and name 'learn_moveit'
[0.244s] Level 1:colcon.colcon_core.package_identification:_identify(src/panda_robot) by extensions ['ignore', 'ignore_ament_install']
[0.245s] Level 1:colcon.colcon_core.package_identification:_identify(src/panda_robot) by extension 'ignore'
[0.245s] Level 1:colcon.colcon_core.package_identification:_identify(src/panda_robot) by extension 'ignore_ament_install'
[0.245s] Level 1:colcon.colcon_core.package_identification:_identify(src/panda_robot) by extensions ['colcon_pkg']
[0.245s] Level 1:colcon.colcon_core.package_identification:_identify(src/panda_robot) by extension 'colcon_pkg'
[0.245s] Level 1:colcon.colcon_core.package_identification:_identify(src/panda_robot) by extensions ['colcon_meta']
[0.245s] Level 1:colcon.colcon_core.package_identification:_identify(src/panda_robot) by extension 'colcon_meta'
[0.245s] Level 1:colcon.colcon_core.package_identification:_identify(src/panda_robot) by extensions ['ros']
[0.245s] Level 1:colcon.colcon_core.package_identification:_identify(src/panda_robot) by extension 'ros'
[0.245s] Level 1:colcon.colcon_core.package_identification:_identify(src/panda_robot) by extensions ['cmake', 'python']
[0.245s] Level 1:colcon.colcon_core.package_identification:_identify(src/panda_robot) by extension 'cmake'
[0.245s] Level 1:colcon.colcon_core.package_identification:_identify(src/panda_robot) by extension 'python'
[0.245s] Level 1:colcon.colcon_core.package_identification:_identify(src/panda_robot) by extensions ['python_setup_py']
[0.245s] Level 1:colcon.colcon_core.package_identification:_identify(src/panda_robot) by extension 'python_setup_py'
[0.245s] Level 1:colcon.colcon_core.package_identification:_identify(src/panda_robot/panda_configure) by extensions ['ignore', 'ignore_ament_install']
[0.245s] Level 1:colcon.colcon_core.package_identification:_identify(src/panda_robot/panda_configure) by extension 'ignore'
[0.245s] Level 1:colcon.colcon_core.package_identification:_identify(src/panda_robot/panda_configure) by extension 'ignore_ament_install'
[0.245s] Level 1:colcon.colcon_core.package_identification:_identify(src/panda_robot/panda_configure) by extensions ['colcon_pkg']
[0.245s] Level 1:colcon.colcon_core.package_identification:_identify(src/panda_robot/panda_configure) by extension 'colcon_pkg'
[0.245s] Level 1:colcon.colcon_core.package_identification:_identify(src/panda_robot/panda_configure) by extensions ['colcon_meta']
[0.246s] Level 1:colcon.colcon_core.package_identification:_identify(src/panda_robot/panda_configure) by extension 'colcon_meta'
[0.246s] Level 1:colcon.colcon_core.package_identification:_identify(src/panda_robot/panda_configure) by extensions ['ros']
[0.246s] Level 1:colcon.colcon_core.package_identification:_identify(src/panda_robot/panda_configure) by extension 'ros'
[0.246s] DEBUG:colcon.colcon_core.package_identification:Package 'src/panda_robot/panda_configure' with type 'ros.ament_cmake' and name 'panda_configure'
[0.246s] Level 1:colcon.colcon_core.package_identification:_identify(src/panda_robot/panda_description) by extensions ['ignore', 'ignore_ament_install']
[0.247s] Level 1:colcon.colcon_core.package_identification:_identify(src/panda_robot/panda_description) by extension 'ignore'
[0.247s] Level 1:colcon.colcon_core.package_identification:_identify(src/panda_robot/panda_description) by extension 'ignore_ament_install'
[0.247s] Level 1:colcon.colcon_core.package_identification:_identify(src/panda_robot/panda_description) by extensions ['colcon_pkg']
[0.247s] Level 1:colcon.colcon_core.package_identification:_identify(src/panda_robot/panda_description) by extension 'colcon_pkg'
[0.247s] Level 1:colcon.colcon_core.package_identification:_identify(src/panda_robot/panda_description) by extensions ['colcon_meta']
[0.247s] Level 1:colcon.colcon_core.package_identification:_identify(src/panda_robot/panda_description) by extension 'colcon_meta'
[0.247s] Level 1:colcon.colcon_core.package_identification:_identify(src/panda_robot/panda_description) by extensions ['ros']
[0.247s] Level 1:colcon.colcon_core.package_identification:_identify(src/panda_robot/panda_description) by extension 'ros'
[0.247s] DEBUG:colcon.colcon_core.package_identification:Package 'src/panda_robot/panda_description' with type 'ros.ament_cmake' and name 'panda_description'
[0.247s] Level 1:colcon.colcon_core.package_discovery:discover_packages(recursive) using defaults
[0.248s] Level 1:colcon.colcon_core.package_discovery:discover_packages(ignore) discover
[0.248s] Level 1:colcon.colcon_core.package_discovery:discover_packages(ignore) using defaults
[0.248s] Level 1:colcon.colcon_core.package_discovery:discover_packages(path) discover
[0.248s] Level 1:colcon.colcon_core.package_discovery:discover_packages(path) using defaults
[0.264s] Level 1:colcon.colcon_core.package_discovery:discover_packages(prefix_path) check parameters
[0.264s] Level 1:colcon.colcon_core.package_discovery:discover_packages(prefix_path) discover
[0.267s] DEBUG:colcon.colcon_installed_package_information.package_discovery:Found 3 installed packages in /home/lvy/arms_ws/install
[0.268s] DEBUG:colcon.colcon_installed_package_information.package_discovery:Found 356 installed packages in /opt/ros/humble
[0.280s] Level 1:colcon.colcon_core.package_discovery:discover_packages(prefix_path) using defaults
[0.319s] Level 5:colcon.colcon_core.verb:set package 'learn_moveit' build argument 'cmake_args' from command line to 'None'
[0.319s] Level 5:colcon.colcon_core.verb:set package 'learn_moveit' build argument 'cmake_target' from command line to 'None'
[0.319s] Level 5:colcon.colcon_core.verb:set package 'learn_moveit' build argument 'cmake_target_skip_unavailable' from command line to 'False'
[0.319s] Level 5:colcon.colcon_core.verb:set package 'learn_moveit' build argument 'cmake_clean_cache' from command line to 'False'
[0.319s] Level 5:colcon.colcon_core.verb:set package 'learn_moveit' build argument 'cmake_clean_first' from command line to 'False'
[0.319s] Level 5:colcon.colcon_core.verb:set package 'learn_moveit' build argument 'cmake_force_configure' from command line to 'False'
[0.319s] Level 5:colcon.colcon_core.verb:set package 'learn_moveit' build argument 'ament_cmake_args' from command line to 'None'
[0.319s] Level 5:colcon.colcon_core.verb:set package 'learn_moveit' build argument 'catkin_cmake_args' from command line to 'None'
[0.319s] Level 5:colcon.colcon_core.verb:set package 'learn_moveit' build argument 'catkin_skip_building_tests' from command line to 'False'
[0.319s] DEBUG:colcon.colcon_core.verb:Building package 'learn_moveit' with the following arguments: {'ament_cmake_args': None, 'build_base': '/home/lvy/arms_ws/build/learn_moveit', 'catkin_cmake_args': None, 'catkin_skip_building_tests': False, 'cmake_args': None, 'cmake_clean_cache': False, 'cmake_clean_first': False, 'cmake_force_configure': False, 'cmake_target': None, 'cmake_target_skip_unavailable': False, 'install_base': '/home/lvy/arms_ws/install/learn_moveit', 'merge_install': False, 'path': '/home/lvy/arms_ws/src/learn_moveit', 'symlink_install': False, 'test_result_base': None}
[0.319s] Level 5:colcon.colcon_core.verb:set package 'panda_description' build argument 'cmake_args' from command line to 'None'
[0.320s] Level 5:colcon.colcon_core.verb:set package 'panda_description' build argument 'cmake_target' from command line to 'None'
[0.320s] Level 5:colcon.colcon_core.verb:set package 'panda_description' build argument 'cmake_target_skip_unavailable' from command line to 'False'
[0.320s] Level 5:colcon.colcon_core.verb:set package 'panda_description' build argument 'cmake_clean_cache' from command line to 'False'
[0.320s] Level 5:colcon.colcon_core.verb:set package 'panda_description' build argument 'cmake_clean_first' from command line to 'False'
[0.320s] Level 5:colcon.colcon_core.verb:set package 'panda_description' build argument 'cmake_force_configure' from command line to 'False'
[0.320s] Level 5:colcon.colcon_core.verb:set package 'panda_description' build argument 'ament_cmake_args' from command line to 'None'
[0.320s] Level 5:colcon.colcon_core.verb:set package 'panda_description' build argument 'catkin_cmake_args' from command line to 'None'
[0.320s] Level 5:colcon.colcon_core.verb:set package 'panda_description' build argument 'catkin_skip_building_tests' from command line to 'False'
[0.320s] DEBUG:colcon.colcon_core.verb:Building package 'panda_description' with the following arguments: {'ament_cmake_args': None, 'build_base': '/home/lvy/arms_ws/build/panda_description', 'catkin_cmake_args': None, 'catkin_skip_building_tests': False, 'cmake_args': None, 'cmake_clean_cache': False, 'cmake_clean_first': False, 'cmake_force_configure': False, 'cmake_target': None, 'cmake_target_skip_unavailable': False, 'install_base': '/home/lvy/arms_ws/install/panda_description', 'merge_install': False, 'path': '/home/lvy/arms_ws/src/panda_robot/panda_description', 'symlink_install': False, 'test_result_base': None}
[0.320s] Level 5:colcon.colcon_core.verb:set package 'panda_configure' build argument 'cmake_args' from command line to 'None'
[0.320s] Level 5:colcon.colcon_core.verb:set package 'panda_configure' build argument 'cmake_target' from command line to 'None'
[0.320s] Level 5:colcon.colcon_core.verb:set package 'panda_configure' build argument 'cmake_target_skip_unavailable' from command line to 'False'
[0.320s] Level 5:colcon.colcon_core.verb:set package 'panda_configure' build argument 'cmake_clean_cache' from command line to 'False'
[0.320s] Level 5:colcon.colcon_core.verb:set package 'panda_configure' build argument 'cmake_clean_first' from command line to 'False'
[0.320s] Level 5:colcon.colcon_core.verb:set package 'panda_configure' build argument 'cmake_force_configure' from command line to 'False'
[0.320s] Level 5:colcon.colcon_core.verb:set package 'panda_configure' build argument 'ament_cmake_args' from command line to 'None'
[0.320s] Level 5:colcon.colcon_core.verb:set package 'panda_configure' build argument 'catkin_cmake_args' from command line to 'None'
[0.320s] Level 5:colcon.colcon_core.verb:set package 'panda_configure' build argument 'catkin_skip_building_tests' from command line to 'False'
[0.320s] DEBUG:colcon.colcon_core.verb:Building package 'panda_configure' with the following arguments: {'ament_cmake_args': None, 'build_base': '/home/lvy/arms_ws/build/panda_configure', 'catkin_cmake_args': None, 'catkin_skip_building_tests': False, 'cmake_args': None, 'cmake_clean_cache': False, 'cmake_clean_first': False, 'cmake_force_configure': False, 'cmake_target': None, 'cmake_target_skip_unavailable': False, 'install_base': '/home/lvy/arms_ws/install/panda_configure', 'merge_install': False, 'path': '/home/lvy/arms_ws/src/panda_robot/panda_configure', 'symlink_install': False, 'test_result_base': None}
[0.320s] INFO:colcon.colcon_core.executor:Executing jobs using 'parallel' executor
[0.322s] DEBUG:colcon.colcon_parallel_executor.executor.parallel:run_until_complete
[0.323s] INFO:colcon.colcon_ros.task.ament_cmake.build:Building ROS package in '/home/lvy/arms_ws/src/panda_robot/panda_description' with build type 'ament_cmake'
[0.323s] INFO:colcon.colcon_cmake.task.cmake.build:Building CMake package in '/home/lvy/arms_ws/src/panda_robot/panda_description'
[0.324s] INFO:colcon.colcon_core.plugin_system:Skipping extension 'colcon_core.shell.bat': Not used on non-Windows systems
[0.324s] INFO:colcon.colcon_core.shell:Skip shell extension 'powershell' for command environment: Not usable outside of PowerShell
[0.324s] DEBUG:colcon.colcon_core.shell:Skip shell extension 'dsv' for command environment
[0.329s] INFO:colcon.colcon_ros.task.ament_cmake.build:Building ROS package in '/home/lvy/arms_ws/src/learn_moveit' with build type 'ament_cmake'
[0.329s] INFO:colcon.colcon_cmake.task.cmake.build:Building CMake package in '/home/lvy/arms_ws/src/learn_moveit'
[0.329s] INFO:colcon.colcon_core.shell:Skip shell extension 'powershell' for command environment: Not usable outside of PowerShell
[0.329s] DEBUG:colcon.colcon_core.shell:Skip shell extension 'dsv' for command environment
[0.352s] DEBUG:colcon.colcon_core.event_handler.log_command:Invoking command in '/home/lvy/arms_ws/build/panda_description': CMAKE_PREFIX_PATH=${CMAKE_PREFIX_PATH}:/opt/ros/humble /usr/bin/cmake /home/lvy/arms_ws/src/panda_robot/panda_description -DCMAKE_INSTALL_PREFIX=/home/lvy/arms_ws/install/panda_description
[0.375s] DEBUG:colcon.colcon_core.event_handler.log_command:Invoking command in '/home/lvy/arms_ws/build/learn_moveit': CMAKE_PREFIX_PATH=${CMAKE_PREFIX_PATH}:/opt/ros/humble /usr/bin/cmake /home/lvy/arms_ws/src/learn_moveit -DCMAKE_INSTALL_PREFIX=/home/lvy/arms_ws/install/learn_moveit
[0.644s] DEBUG:colcon.colcon_core.event_handler.log_command:Invoked command in '/home/lvy/arms_ws/build/panda_description' returned '0': CMAKE_PREFIX_PATH=${CMAKE_PREFIX_PATH}:/opt/ros/humble /usr/bin/cmake /home/lvy/arms_ws/src/panda_robot/panda_description -DCMAKE_INSTALL_PREFIX=/home/lvy/arms_ws/install/panda_description
[0.649s] DEBUG:colcon.colcon_core.event_handler.log_command:Invoking command in '/home/lvy/arms_ws/build/panda_description': CMAKE_PREFIX_PATH=${CMAKE_PREFIX_PATH}:/opt/ros/humble /usr/bin/cmake --build /home/lvy/arms_ws/build/panda_description -- -j4 -l4
[0.737s] DEBUG:colcon.colcon_core.event_handler.log_command:Invoked command in '/home/lvy/arms_ws/build/panda_description' returned '0': CMAKE_PREFIX_PATH=${CMAKE_PREFIX_PATH}:/opt/ros/humble /usr/bin/cmake --build /home/lvy/arms_ws/build/panda_description -- -j4 -l4
[0.752s] DEBUG:colcon.colcon_core.event_handler.log_command:Invoking command in '/home/lvy/arms_ws/build/panda_description': CMAKE_PREFIX_PATH=${CMAKE_PREFIX_PATH}:/opt/ros/humble /usr/bin/cmake --install /home/lvy/arms_ws/build/panda_description
[0.798s] Level 1:colcon.colcon_core.environment:create_environment_scripts_only(panda_description)
[0.800s] DEBUG:colcon.colcon_core.event_handler.log_command:Invoked command in '/home/lvy/arms_ws/build/panda_description' returned '0': CMAKE_PREFIX_PATH=${CMAKE_PREFIX_PATH}:/opt/ros/humble /usr/bin/cmake --install /home/lvy/arms_ws/build/panda_description
[0.806s] Level 1:colcon.colcon_core.environment:checking '/home/lvy/arms_ws/install/panda_description' for CMake module files
[0.807s] Level 1:colcon.colcon_core.environment:checking '/home/lvy/arms_ws/install/panda_description' for CMake config files
[0.808s] Level 1:colcon.colcon_core.shell:create_environment_hook('panda_description', 'cmake_prefix_path')
[0.808s] INFO:colcon.colcon_core.shell:Creating environment hook '/home/lvy/arms_ws/install/panda_description/share/panda_description/hook/cmake_prefix_path.ps1'
[0.810s] INFO:colcon.colcon_core.shell:Creating environment descriptor '/home/lvy/arms_ws/install/panda_description/share/panda_description/hook/cmake_prefix_path.dsv'
[0.811s] INFO:colcon.colcon_core.shell:Creating environment hook '/home/lvy/arms_ws/install/panda_description/share/panda_description/hook/cmake_prefix_path.sh'
[0.812s] Level 1:colcon.colcon_core.environment:checking '/home/lvy/arms_ws/install/panda_description/bin'
[0.812s] Level 1:colcon.colcon_core.environment:checking '/home/lvy/arms_ws/install/panda_description/lib/pkgconfig/panda_description.pc'
[0.812s] Level 1:colcon.colcon_core.environment:checking '/home/lvy/arms_ws/install/panda_description/lib/python3.10/site-packages'
[0.813s] Level 1:colcon.colcon_core.environment:checking '/home/lvy/arms_ws/install/panda_description/bin'
[0.813s] INFO:colcon.colcon_core.shell:Creating package script '/home/lvy/arms_ws/install/panda_description/share/panda_description/package.ps1'
[0.814s] INFO:colcon.colcon_core.shell:Creating package descriptor '/home/lvy/arms_ws/install/panda_description/share/panda_description/package.dsv'
[0.815s] INFO:colcon.colcon_core.shell:Creating package script '/home/lvy/arms_ws/install/panda_description/share/panda_description/package.sh'
[0.815s] INFO:colcon.colcon_core.shell:Creating package script '/home/lvy/arms_ws/install/panda_description/share/panda_description/package.bash'
[0.816s] INFO:colcon.colcon_core.shell:Creating package script '/home/lvy/arms_ws/install/panda_description/share/panda_description/package.zsh'
[0.817s] Level 1:colcon.colcon_core.environment:create_file_with_runtime_dependencies(/home/lvy/arms_ws/install/panda_description/share/colcon-core/packages/panda_description)
[0.818s] Level 1:colcon.colcon_core.environment:create_environment_scripts_only(panda_description)
[0.819s] Level 1:colcon.colcon_core.environment:checking '/home/lvy/arms_ws/install/panda_description' for CMake module files
[0.819s] Level 1:colcon.colcon_core.environment:checking '/home/lvy/arms_ws/install/panda_description' for CMake config files
[0.820s] Level 1:colcon.colcon_core.shell:create_environment_hook('panda_description', 'cmake_prefix_path')
[0.820s] INFO:colcon.colcon_core.shell:Creating environment hook '/home/lvy/arms_ws/install/panda_description/share/panda_description/hook/cmake_prefix_path.ps1'
[0.820s] INFO:colcon.colcon_core.shell:Creating environment descriptor '/home/lvy/arms_ws/install/panda_description/share/panda_description/hook/cmake_prefix_path.dsv'
[0.821s] INFO:colcon.colcon_core.shell:Creating environment hook '/home/lvy/arms_ws/install/panda_description/share/panda_description/hook/cmake_prefix_path.sh'
[0.821s] Level 1:colcon.colcon_core.environment:checking '/home/lvy/arms_ws/install/panda_description/bin'
[0.821s] Level 1:colcon.colcon_core.environment:checking '/home/lvy/arms_ws/install/panda_description/lib/pkgconfig/panda_description.pc'
[0.822s] Level 1:colcon.colcon_core.environment:checking '/home/lvy/arms_ws/install/panda_description/lib/python3.10/site-packages'
[0.822s] Level 1:colcon.colcon_core.environment:checking '/home/lvy/arms_ws/install/panda_description/bin'
[0.822s] INFO:colcon.colcon_core.shell:Creating package script '/home/lvy/arms_ws/install/panda_description/share/panda_description/package.ps1'
[0.862s] INFO:colcon.colcon_core.shell:Creating package descriptor '/home/lvy/arms_ws/install/panda_description/share/panda_description/package.dsv'
[0.865s] INFO:colcon.colcon_core.shell:Creating package script '/home/lvy/arms_ws/install/panda_description/share/panda_description/package.sh'
[0.866s] INFO:colcon.colcon_core.shell:Creating package script '/home/lvy/arms_ws/install/panda_description/share/panda_description/package.bash'
[0.867s] INFO:colcon.colcon_core.shell:Creating package script '/home/lvy/arms_ws/install/panda_description/share/panda_description/package.zsh'
[0.868s] Level 1:colcon.colcon_core.environment:create_file_with_runtime_dependencies(/home/lvy/arms_ws/install/panda_description/share/colcon-core/packages/panda_description)
[0.868s] INFO:colcon.colcon_ros.task.ament_cmake.build:Building ROS package in '/home/lvy/arms_ws/src/panda_robot/panda_configure' with build type 'ament_cmake'
[0.869s] INFO:colcon.colcon_cmake.task.cmake.build:Building CMake package in '/home/lvy/arms_ws/src/panda_robot/panda_configure'
[0.869s] INFO:colcon.colcon_core.shell:Skip shell extension 'powershell' for command environment: Not usable outside of PowerShell
[0.869s] DEBUG:colcon.colcon_core.shell:Skip shell extension 'dsv' for command environment
[0.903s] DEBUG:colcon.colcon_core.event_handler.log_command:Invoking command in '/home/lvy/arms_ws/build/panda_configure': CMAKE_PREFIX_PATH=/home/lvy/arms_ws/install/panda_description:/home/lvy/arms_ws/install/panda_configure:/home/lvy/arms_ws/install/learn_moveit:/opt/ros/humble /usr/bin/cmake /home/lvy/arms_ws/src/panda_robot/panda_configure -DCMAKE_INSTALL_PREFIX=/home/lvy/arms_ws/install/panda_configure
[1.187s] DEBUG:colcon.colcon_core.event_handler.log_command:Invoked command in '/home/lvy/arms_ws/build/panda_configure' returned '0': CMAKE_PREFIX_PATH=/home/lvy/arms_ws/install/panda_description:/home/lvy/arms_ws/install/panda_configure:/home/lvy/arms_ws/install/learn_moveit:/opt/ros/humble /usr/bin/cmake /home/lvy/arms_ws/src/panda_robot/panda_configure -DCMAKE_INSTALL_PREFIX=/home/lvy/arms_ws/install/panda_configure
[1.188s] DEBUG:colcon.colcon_core.event_handler.log_command:Invoking command in '/home/lvy/arms_ws/build/panda_configure': CMAKE_PREFIX_PATH=/home/lvy/arms_ws/install/panda_description:/home/lvy/arms_ws/install/panda_configure:/home/lvy/arms_ws/install/learn_moveit:/opt/ros/humble /usr/bin/cmake --build /home/lvy/arms_ws/build/panda_configure -- -j4 -l4
[1.227s] DEBUG:colcon.colcon_core.event_handler.log_command:Invoked command in '/home/lvy/arms_ws/build/panda_configure' returned '0': CMAKE_PREFIX_PATH=/home/lvy/arms_ws/install/panda_description:/home/lvy/arms_ws/install/panda_configure:/home/lvy/arms_ws/install/learn_moveit:/opt/ros/humble /usr/bin/cmake --build /home/lvy/arms_ws/build/panda_configure -- -j4 -l4
[1.236s] DEBUG:colcon.colcon_core.event_handler.log_command:Invoking command in '/home/lvy/arms_ws/build/panda_configure': CMAKE_PREFIX_PATH=/home/lvy/arms_ws/install/panda_description:/home/lvy/arms_ws/install/panda_configure:/home/lvy/arms_ws/install/learn_moveit:/opt/ros/humble /usr/bin/cmake --install /home/lvy/arms_ws/build/panda_configure
[1.271s] Level 1:colcon.colcon_core.environment:create_environment_scripts_only(panda_configure)
[1.271s] Level 1:colcon.colcon_core.environment:checking '/home/lvy/arms_ws/install/panda_configure' for CMake module files
[1.271s] DEBUG:colcon.colcon_core.event_handler.log_command:Invoked command in '/home/lvy/arms_ws/build/panda_configure' returned '0': CMAKE_PREFIX_PATH=/home/lvy/arms_ws/install/panda_description:/home/lvy/arms_ws/install/panda_configure:/home/lvy/arms_ws/install/learn_moveit:/opt/ros/humble /usr/bin/cmake --install /home/lvy/arms_ws/build/panda_configure
[1.272s] Level 1:colcon.colcon_core.environment:checking '/home/lvy/arms_ws/install/panda_configure' for CMake config files
[1.272s] Level 1:colcon.colcon_core.shell:create_environment_hook('panda_configure', 'cmake_prefix_path')
[1.272s] INFO:colcon.colcon_core.shell:Creating environment hook '/home/lvy/arms_ws/install/panda_configure/share/panda_configure/hook/cmake_prefix_path.ps1'
[1.273s] INFO:colcon.colcon_core.shell:Creating environment descriptor '/home/lvy/arms_ws/install/panda_configure/share/panda_configure/hook/cmake_prefix_path.dsv'
[1.274s] INFO:colcon.colcon_core.shell:Creating environment hook '/home/lvy/arms_ws/install/panda_configure/share/panda_configure/hook/cmake_prefix_path.sh'
[1.275s] Level 1:colcon.colcon_core.environment:checking '/home/lvy/arms_ws/install/panda_configure/bin'
[1.275s] Level 1:colcon.colcon_core.environment:checking '/home/lvy/arms_ws/install/panda_configure/lib/pkgconfig/panda_configure.pc'
[1.275s] Level 1:colcon.colcon_core.environment:checking '/home/lvy/arms_ws/install/panda_configure/lib/python3.10/site-packages'
[1.275s] Level 1:colcon.colcon_core.environment:checking '/home/lvy/arms_ws/install/panda_configure/bin'
[1.275s] INFO:colcon.colcon_core.shell:Creating package script '/home/lvy/arms_ws/install/panda_configure/share/panda_configure/package.ps1'
[1.276s] INFO:colcon.colcon_core.shell:Creating package descriptor '/home/lvy/arms_ws/install/panda_configure/share/panda_configure/package.dsv'
[1.277s] INFO:colcon.colcon_core.shell:Creating package script '/home/lvy/arms_ws/install/panda_configure/share/panda_configure/package.sh'
[1.277s] INFO:colcon.colcon_core.shell:Creating package script '/home/lvy/arms_ws/install/panda_configure/share/panda_configure/package.bash'
[1.278s] INFO:colcon.colcon_core.shell:Creating package script '/home/lvy/arms_ws/install/panda_configure/share/panda_configure/package.zsh'
[1.278s] Level 1:colcon.colcon_core.environment:create_file_with_runtime_dependencies(/home/lvy/arms_ws/install/panda_configure/share/colcon-core/packages/panda_configure)
[1.279s] Level 1:colcon.colcon_core.environment:create_environment_scripts_only(panda_configure)
[1.279s] Level 1:colcon.colcon_core.environment:checking '/home/lvy/arms_ws/install/panda_configure' for CMake module files
[1.279s] Level 1:colcon.colcon_core.environment:checking '/home/lvy/arms_ws/install/panda_configure' for CMake config files
[1.280s] Level 1:colcon.colcon_core.shell:create_environment_hook('panda_configure', 'cmake_prefix_path')
[1.280s] INFO:colcon.colcon_core.shell:Creating environment hook '/home/lvy/arms_ws/install/panda_configure/share/panda_configure/hook/cmake_prefix_path.ps1'
[1.281s] INFO:colcon.colcon_core.shell:Creating environment descriptor '/home/lvy/arms_ws/install/panda_configure/share/panda_configure/hook/cmake_prefix_path.dsv'
[1.281s] INFO:colcon.colcon_core.shell:Creating environment hook '/home/lvy/arms_ws/install/panda_configure/share/panda_configure/hook/cmake_prefix_path.sh'
[1.282s] Level 1:colcon.colcon_core.environment:checking '/home/lvy/arms_ws/install/panda_configure/bin'
[1.282s] Level 1:colcon.colcon_core.environment:checking '/home/lvy/arms_ws/install/panda_configure/lib/pkgconfig/panda_configure.pc'
[1.282s] Level 1:colcon.colcon_core.environment:checking '/home/lvy/arms_ws/install/panda_configure/lib/python3.10/site-packages'
[1.282s] Level 1:colcon.colcon_core.environment:checking '/home/lvy/arms_ws/install/panda_configure/bin'
[1.283s] INFO:colcon.colcon_core.shell:Creating package script '/home/lvy/arms_ws/install/panda_configure/share/panda_configure/package.ps1'
[1.283s] INFO:colcon.colcon_core.shell:Creating package descriptor '/home/lvy/arms_ws/install/panda_configure/share/panda_configure/package.dsv'
[1.284s] INFO:colcon.colcon_core.shell:Creating package script '/home/lvy/arms_ws/install/panda_configure/share/panda_configure/package.sh'
[1.285s] INFO:colcon.colcon_core.shell:Creating package script '/home/lvy/arms_ws/install/panda_configure/share/panda_configure/package.bash'
[1.285s] INFO:colcon.colcon_core.shell:Creating package script '/home/lvy/arms_ws/install/panda_configure/share/panda_configure/package.zsh'
[1.286s] Level 1:colcon.colcon_core.environment:create_file_with_runtime_dependencies(/home/lvy/arms_ws/install/panda_configure/share/colcon-core/packages/panda_configure)
[1.426s] DEBUG:colcon.colcon_core.event_handler.log_command:Invoked command in '/home/lvy/arms_ws/build/learn_moveit' returned '0': CMAKE_PREFIX_PATH=${CMAKE_PREFIX_PATH}:/opt/ros/humble /usr/bin/cmake /home/lvy/arms_ws/src/learn_moveit -DCMAKE_INSTALL_PREFIX=/home/lvy/arms_ws/install/learn_moveit
[1.427s] DEBUG:colcon.colcon_core.event_handler.log_command:Invoking command in '/home/lvy/arms_ws/build/learn_moveit': CMAKE_PREFIX_PATH=${CMAKE_PREFIX_PATH}:/opt/ros/humble /usr/bin/cmake --build /home/lvy/arms_ws/build/learn_moveit -- -j4 -l4
[1.574s] DEBUG:colcon.colcon_core.event_handler.log_command:Invoked command in '/home/lvy/arms_ws/build/learn_moveit' returned '0': CMAKE_PREFIX_PATH=${CMAKE_PREFIX_PATH}:/opt/ros/humble /usr/bin/cmake --build /home/lvy/arms_ws/build/learn_moveit -- -j4 -l4
[1.575s] DEBUG:colcon.colcon_core.event_handler.log_command:Invoking command in '/home/lvy/arms_ws/build/learn_moveit': CMAKE_PREFIX_PATH=${CMAKE_PREFIX_PATH}:/opt/ros/humble /usr/bin/cmake --install /home/lvy/arms_ws/build/learn_moveit
[1.628s] Level 1:colcon.colcon_core.environment:create_environment_scripts_only(learn_moveit)
[1.629s] Level 1:colcon.colcon_core.environment:checking '/home/lvy/arms_ws/install/learn_moveit' for CMake module files
[1.630s] DEBUG:colcon.colcon_core.event_handler.log_command:Invoked command in '/home/lvy/arms_ws/build/learn_moveit' returned '0': CMAKE_PREFIX_PATH=${CMAKE_PREFIX_PATH}:/opt/ros/humble /usr/bin/cmake --install /home/lvy/arms_ws/build/learn_moveit
[1.630s] Level 1:colcon.colcon_core.environment:checking '/home/lvy/arms_ws/install/learn_moveit' for CMake config files
[1.631s] Level 1:colcon.colcon_core.shell:create_environment_hook('learn_moveit', 'cmake_prefix_path')
[1.631s] INFO:colcon.colcon_core.shell:Creating environment hook '/home/lvy/arms_ws/install/learn_moveit/share/learn_moveit/hook/cmake_prefix_path.ps1'
[1.632s] INFO:colcon.colcon_core.shell:Creating environment descriptor '/home/lvy/arms_ws/install/learn_moveit/share/learn_moveit/hook/cmake_prefix_path.dsv'
[1.632s] INFO:colcon.colcon_core.shell:Creating environment hook '/home/lvy/arms_ws/install/learn_moveit/share/learn_moveit/hook/cmake_prefix_path.sh'
[1.633s] Level 1:colcon.colcon_core.environment:checking '/home/lvy/arms_ws/install/learn_moveit/lib'
[1.633s] Level 1:colcon.colcon_core.environment:checking '/home/lvy/arms_ws/install/learn_moveit/bin'
[1.634s] Level 1:colcon.colcon_core.environment:checking '/home/lvy/arms_ws/install/learn_moveit/lib/pkgconfig/learn_moveit.pc'
[1.634s] Level 1:colcon.colcon_core.environment:checking '/home/lvy/arms_ws/install/learn_moveit/lib/python3.10/site-packages'
[1.634s] Level 1:colcon.colcon_core.environment:checking '/home/lvy/arms_ws/install/learn_moveit/bin'
[1.634s] INFO:colcon.colcon_core.shell:Creating package script '/home/lvy/arms_ws/install/learn_moveit/share/learn_moveit/package.ps1'
[1.635s] INFO:colcon.colcon_core.shell:Creating package descriptor '/home/lvy/arms_ws/install/learn_moveit/share/learn_moveit/package.dsv'
[1.636s] INFO:colcon.colcon_core.shell:Creating package script '/home/lvy/arms_ws/install/learn_moveit/share/learn_moveit/package.sh'
[1.636s] INFO:colcon.colcon_core.shell:Creating package script '/home/lvy/arms_ws/install/learn_moveit/share/learn_moveit/package.bash'
[1.637s] INFO:colcon.colcon_core.shell:Creating package script '/home/lvy/arms_ws/install/learn_moveit/share/learn_moveit/package.zsh'
[1.637s] Level 1:colcon.colcon_core.environment:create_file_with_runtime_dependencies(/home/lvy/arms_ws/install/learn_moveit/share/colcon-core/packages/learn_moveit)
[1.638s] Level 1:colcon.colcon_core.environment:create_environment_scripts_only(learn_moveit)
[1.638s] Level 1:colcon.colcon_core.environment:checking '/home/lvy/arms_ws/install/learn_moveit' for CMake module files
[1.639s] Level 1:colcon.colcon_core.environment:checking '/home/lvy/arms_ws/install/learn_moveit' for CMake config files
[1.639s] Level 1:colcon.colcon_core.shell:create_environment_hook('learn_moveit', 'cmake_prefix_path')
[1.639s] INFO:colcon.colcon_core.shell:Creating environment hook '/home/lvy/arms_ws/install/learn_moveit/share/learn_moveit/hook/cmake_prefix_path.ps1'
[1.640s] INFO:colcon.colcon_core.shell:Creating environment descriptor '/home/lvy/arms_ws/install/learn_moveit/share/learn_moveit/hook/cmake_prefix_path.dsv'
[1.640s] INFO:colcon.colcon_core.shell:Creating environment hook '/home/lvy/arms_ws/install/learn_moveit/share/learn_moveit/hook/cmake_prefix_path.sh'
[1.641s] Level 1:colcon.colcon_core.environment:checking '/home/lvy/arms_ws/install/learn_moveit/lib'
[1.641s] Level 1:colcon.colcon_core.environment:checking '/home/lvy/arms_ws/install/learn_moveit/bin'
[1.641s] Level 1:colcon.colcon_core.environment:checking '/home/lvy/arms_ws/install/learn_moveit/lib/pkgconfig/learn_moveit.pc'
[1.641s] Level 1:colcon.colcon_core.environment:checking '/home/lvy/arms_ws/install/learn_moveit/lib/python3.10/site-packages'
[1.642s] Level 1:colcon.colcon_core.environment:checking '/home/lvy/arms_ws/install/learn_moveit/bin'
[1.642s] INFO:colcon.colcon_core.shell:Creating package script '/home/lvy/arms_ws/install/learn_moveit/share/learn_moveit/package.ps1'
[1.643s] INFO:colcon.colcon_core.shell:Creating package descriptor '/home/lvy/arms_ws/install/learn_moveit/share/learn_moveit/package.dsv'
[1.643s] INFO:colcon.colcon_core.shell:Creating package script '/home/lvy/arms_ws/install/learn_moveit/share/learn_moveit/package.sh'
[1.645s] INFO:colcon.colcon_core.shell:Creating package script '/home/lvy/arms_ws/install/learn_moveit/share/learn_moveit/package.bash'
[1.646s] INFO:colcon.colcon_core.shell:Creating package script '/home/lvy/arms_ws/install/learn_moveit/share/learn_moveit/package.zsh'
[1.647s] Level 1:colcon.colcon_core.environment:create_file_with_runtime_dependencies(/home/lvy/arms_ws/install/learn_moveit/share/colcon-core/packages/learn_moveit)
[1.647s] DEBUG:colcon.colcon_parallel_executor.executor.parallel:closing loop
[1.647s] DEBUG:colcon.colcon_parallel_executor.executor.parallel:loop closed
[1.647s] DEBUG:colcon.colcon_parallel_executor.executor.parallel:run_until_complete finished with '0'
[1.647s] DEBUG:colcon.colcon_core.event_reactor:joining thread
[1.653s] INFO:colcon.colcon_core.plugin_system:Skipping extension 'colcon_notification.desktop_notification.terminal_notifier': Not used on non-Darwin systems
[1.653s] INFO:colcon.colcon_core.plugin_system:Skipping extension 'colcon_notification.desktop_notification.win32': Not used on non-Windows systems
[1.653s] INFO:colcon.colcon_notification.desktop_notification:Sending desktop notification using 'notify2'
[1.703s] DEBUG:colcon.colcon_core.event_reactor:joined thread
[1.703s] INFO:colcon.colcon_core.shell:Creating prefix script '/home/lvy/arms_ws/install/local_setup.ps1'
[1.706s] INFO:colcon.colcon_core.shell:Creating prefix util module '/home/lvy/arms_ws/install/_local_setup_util_ps1.py'
[1.707s] INFO:colcon.colcon_core.shell:Creating prefix chain script '/home/lvy/arms_ws/install/setup.ps1'
[1.709s] INFO:colcon.colcon_core.shell:Creating prefix script '/home/lvy/arms_ws/install/local_setup.sh'
[1.709s] INFO:colcon.colcon_core.shell:Creating prefix util module '/home/lvy/arms_ws/install/_local_setup_util_sh.py'
[1.710s] INFO:colcon.colcon_core.shell:Creating prefix chain script '/home/lvy/arms_ws/install/setup.sh'
[1.711s] INFO:colcon.colcon_core.shell:Creating prefix script '/home/lvy/arms_ws/install/local_setup.bash'
[1.712s] INFO:colcon.colcon_core.shell:Creating prefix chain script '/home/lvy/arms_ws/install/setup.bash'
[1.713s] INFO:colcon.colcon_core.shell:Creating prefix script '/home/lvy/arms_ws/install/local_setup.zsh'
[1.714s] INFO:colcon.colcon_core.shell:Creating prefix chain script '/home/lvy/arms_ws/install/setup.zsh'
