[0.014s] Invoking command in '/home/lvy/arms_ws/build/panda_description': CMAKE_PREFIX_PATH=/opt/ros/humble /usr/bin/cmake /home/lvy/arms_ws/src/panda_robot/panda_description -DCMAKE_INSTALL_PREFIX=/home/lvy/arms_ws/install/panda_description
[0.085s] -- The C compiler identification is GNU 11.4.0
[0.151s] -- The CXX compiler identification is GNU 11.4.0
[0.160s] -- Detecting C compiler ABI info
[0.257s] -- Detecting C compiler ABI info - done
[0.262s] -- Check for working C compiler: /usr/bin/cc - skipped
[0.262s] -- Detecting C compile features
[0.263s] -- Detecting C compile features - done
[0.266s] -- Detecting CXX compiler ABI info
[0.364s] -- Detecting CXX compiler ABI info - done
[0.370s] -- Check for working CXX compiler: /usr/bin/c++ - skipped
[0.370s] -- Detecting CXX compile features
[0.370s] -- Detecting CXX compile features - done
[0.372s] -- Found ament_cmake: 1.3.12 (/opt/ros/humble/share/ament_cmake/cmake)
[0.541s] -- Found Python3: /usr/bin/python3 (found version "3.10.12") found components: Interpreter 
[0.687s] -- Configuring done
[0.690s] -- Generating done
[0.691s] -- Build files have been written to: /home/lvy/arms_ws/build/panda_description
[0.697s] Invoked command in '/home/lvy/arms_ws/build/panda_description' returned '0': CMAKE_PREFIX_PATH=/opt/ros/humble /usr/bin/cmake /home/lvy/arms_ws/src/panda_robot/panda_description -DCMAKE_INSTALL_PREFIX=/home/lvy/arms_ws/install/panda_description
[0.697s] Invoking command in '/home/lvy/arms_ws/build/panda_description': CMAKE_PREFIX_PATH=/opt/ros/humble /usr/bin/cmake --build /home/lvy/arms_ws/build/panda_description -- -j4 -l4
[0.745s] Invoked command in '/home/lvy/arms_ws/build/panda_description' returned '0': CMAKE_PREFIX_PATH=/opt/ros/humble /usr/bin/cmake --build /home/lvy/arms_ws/build/panda_description -- -j4 -l4
[0.758s] Invoking command in '/home/lvy/arms_ws/build/panda_description': CMAKE_PREFIX_PATH=/opt/ros/humble /usr/bin/cmake --install /home/lvy/arms_ws/build/panda_description
[0.766s] -- Install configuration: ""
[0.767s] -- Installing: /home/lvy/arms_ws/install/panda_description/share/ament_index/resource_index/package_run_dependencies/panda_description
[0.767s] -- Installing: /home/lvy/arms_ws/install/panda_description/share/ament_index/resource_index/parent_prefix_path/panda_description
[0.767s] -- Installing: /home/lvy/arms_ws/install/panda_description/share/panda_description/environment/ament_prefix_path.sh
[0.767s] -- Installing: /home/lvy/arms_ws/install/panda_description/share/panda_description/environment/ament_prefix_path.dsv
[0.767s] -- Installing: /home/lvy/arms_ws/install/panda_description/share/panda_description/environment/path.sh
[0.768s] -- Installing: /home/lvy/arms_ws/install/panda_description/share/panda_description/environment/path.dsv
[0.768s] -- Installing: /home/lvy/arms_ws/install/panda_description/share/panda_description/local_setup.bash
[0.768s] -- Installing: /home/lvy/arms_ws/install/panda_description/share/panda_description/local_setup.sh
[0.768s] -- Installing: /home/lvy/arms_ws/install/panda_description/share/panda_description/local_setup.zsh
[0.768s] -- Installing: /home/lvy/arms_ws/install/panda_description/share/panda_description/local_setup.dsv
[0.768s] -- Installing: /home/lvy/arms_ws/install/panda_description/share/panda_description/package.dsv
[0.768s] -- Installing: /home/lvy/arms_ws/install/panda_description/share/ament_index/resource_index/packages/panda_description
[0.768s] -- Installing: /home/lvy/arms_ws/install/panda_description/share/panda_description/cmake/panda_descriptionConfig.cmake
[0.768s] -- Installing: /home/lvy/arms_ws/install/panda_description/share/panda_description/cmake/panda_descriptionConfig-version.cmake
[0.768s] -- Installing: /home/lvy/arms_ws/install/panda_description/share/panda_description/package.xml
[0.768s] -- Installing: /home/lvy/arms_ws/install/panda_description/share/panda_description/meshes
[0.768s] -- Installing: /home/lvy/arms_ws/install/panda_description/share/panda_description/meshes/visual
[0.768s] -- Installing: /home/lvy/arms_ws/install/panda_description/share/panda_description/meshes/visual/link5.dae
[0.770s] -- Installing: /home/lvy/arms_ws/install/panda_description/share/panda_description/meshes/visual/link3.dae
[0.771s] -- Installing: /home/lvy/arms_ws/install/panda_description/share/panda_description/meshes/visual/link0.dae
[0.772s] -- Installing: /home/lvy/arms_ws/install/panda_description/share/panda_description/meshes/visual/link6.dae
[0.773s] -- Installing: /home/lvy/arms_ws/install/panda_description/share/panda_description/meshes/visual/hand.dae
[0.774s] -- Installing: /home/lvy/arms_ws/install/panda_description/share/panda_description/meshes/visual/finger.dae
[0.774s] -- Installing: /home/lvy/arms_ws/install/panda_description/share/panda_description/meshes/visual/link4.dae
[0.775s] -- Installing: /home/lvy/arms_ws/install/panda_description/share/panda_description/meshes/visual/link2.dae
[0.778s] -- Installing: /home/lvy/arms_ws/install/panda_description/share/panda_description/meshes/visual/link7.dae
[0.778s] -- Installing: /home/lvy/arms_ws/install/panda_description/share/panda_description/meshes/visual/link1.dae
[0.778s] -- Installing: /home/lvy/arms_ws/install/panda_description/share/panda_description/meshes/collision
[0.778s] -- Installing: /home/lvy/arms_ws/install/panda_description/share/panda_description/meshes/collision/link4.stl
[0.778s] -- Installing: /home/lvy/arms_ws/install/panda_description/share/panda_description/meshes/collision/link2.stl
[0.778s] -- Installing: /home/lvy/arms_ws/install/panda_description/share/panda_description/meshes/collision/link0.stl
[0.779s] -- Installing: /home/lvy/arms_ws/install/panda_description/share/panda_description/meshes/collision/link5.stl
[0.779s] -- Installing: /home/lvy/arms_ws/install/panda_description/share/panda_description/meshes/collision/link1.stl
[0.779s] -- Installing: /home/lvy/arms_ws/install/panda_description/share/panda_description/meshes/collision/link3.stl
[0.779s] -- Installing: /home/lvy/arms_ws/install/panda_description/share/panda_description/meshes/collision/link7.stl
[0.779s] -- Installing: /home/lvy/arms_ws/install/panda_description/share/panda_description/meshes/collision/link6.stl
[0.779s] -- Installing: /home/lvy/arms_ws/install/panda_description/share/panda_description/meshes/collision/hand.stl
[0.779s] -- Installing: /home/lvy/arms_ws/install/panda_description/share/panda_description/meshes/collision/finger.stl
[0.779s] -- Installing: /home/lvy/arms_ws/install/panda_description/share/panda_description/urdf
[0.779s] -- Installing: /home/lvy/arms_ws/install/panda_description/share/panda_description/urdf/panda.urdf
[0.779s] -- Installing: /home/lvy/arms_ws/install/panda_description/share/panda_description/urdf/panda.urdf.xacro
[0.782s] Invoked command in '/home/lvy/arms_ws/build/panda_description' returned '0': CMAKE_PREFIX_PATH=/opt/ros/humble /usr/bin/cmake --install /home/lvy/arms_ws/build/panda_description
