[0.178s] DEBUG:colcon:Command line arguments: ['/usr/bin/colcon', 'build']
[0.178s] DEBUG:colcon:Parsed command line arguments: Namespace(log_base=None, log_level=None, verb_name='build', build_base='build', install_base='install', merge_install=False, symlink_install=False, test_result_base=None, continue_on_error=False, executor='parallel', parallel_workers=4, event_handlers=None, ignore_user_meta=False, metas=['./colcon.meta'], base_paths=['.'], packages_ignore=None, packages_ignore_regex=None, paths=None, packages_up_to=None, packages_up_to_regex=None, packages_above=None, packages_above_and_dependencies=None, packages_above_depth=None, packages_select_by_dep=None, packages_skip_by_dep=None, packages_skip_up_to=None, packages_select_build_failed=False, packages_skip_build_finished=False, packages_select_test_failures=False, packages_skip_test_passed=False, packages_select=None, packages_skip=None, packages_select_regex=None, packages_skip_regex=None, packages_start=None, packages_end=None, allow_overriding=[], cmake_args=None, cmake_target=None, cmake_target_skip_unavailable=False, cmake_clean_cache=False, cmake_clean_first=False, cmake_force_configure=False, ament_cmake_args=None, catkin_cmake_args=None, catkin_skip_building_tests=False, verb_parser=<colcon_defaults.argument_parser.defaults.DefaultArgumentsDecorator object at 0x7ca369027a90>, verb_extension=<colcon_core.verb.build.BuildVerb object at 0x7ca369160520>, main=<bound method BuildVerb.main of <colcon_core.verb.build.BuildVerb object at 0x7ca369160520>>)
[0.802s] Level 1:colcon.colcon_core.package_discovery:discover_packages(colcon_meta) check parameters
[0.802s] Level 1:colcon.colcon_core.package_discovery:discover_packages(recursive) check parameters
[0.802s] Level 1:colcon.colcon_core.package_discovery:discover_packages(ignore) check parameters
[0.802s] Level 1:colcon.colcon_core.package_discovery:discover_packages(path) check parameters
[0.802s] Level 1:colcon.colcon_core.package_discovery:discover_packages(colcon_meta) discover
[0.802s] Level 1:colcon.colcon_core.package_discovery:discover_packages(recursive) discover
[0.803s] INFO:colcon.colcon_core.package_discovery:Crawling recursively for packages in '/home/lvy/arms_ws'
[0.803s] Level 1:colcon.colcon_core.package_identification:_identify(.) by extensions ['ignore', 'ignore_ament_install']
[0.803s] Level 1:colcon.colcon_core.package_identification:_identify(.) by extension 'ignore'
[0.803s] Level 1:colcon.colcon_core.package_identification:_identify(.) by extension 'ignore_ament_install'
[0.803s] Level 1:colcon.colcon_core.package_identification:_identify(.) by extensions ['colcon_pkg']
[0.803s] Level 1:colcon.colcon_core.package_identification:_identify(.) by extension 'colcon_pkg'
[0.803s] Level 1:colcon.colcon_core.package_identification:_identify(.) by extensions ['colcon_meta']
[0.803s] Level 1:colcon.colcon_core.package_identification:_identify(.) by extension 'colcon_meta'
[0.803s] Level 1:colcon.colcon_core.package_identification:_identify(.) by extensions ['ros']
[0.803s] Level 1:colcon.colcon_core.package_identification:_identify(.) by extension 'ros'
[0.817s] Level 1:colcon.colcon_core.package_identification:_identify(.) by extensions ['cmake', 'python']
[0.818s] Level 1:colcon.colcon_core.package_identification:_identify(.) by extension 'cmake'
[0.818s] Level 1:colcon.colcon_core.package_identification:_identify(.) by extension 'python'
[0.818s] Level 1:colcon.colcon_core.package_identification:_identify(.) by extensions ['python_setup_py']
[0.818s] Level 1:colcon.colcon_core.package_identification:_identify(.) by extension 'python_setup_py'
[0.819s] Level 1:colcon.colcon_core.package_identification:_identify(build) by extensions ['ignore', 'ignore_ament_install']
[0.819s] Level 1:colcon.colcon_core.package_identification:_identify(build) by extension 'ignore'
[0.819s] Level 1:colcon.colcon_core.package_identification:_identify(build) ignored
[0.819s] Level 1:colcon.colcon_core.package_identification:_identify(install) by extensions ['ignore', 'ignore_ament_install']
[0.819s] Level 1:colcon.colcon_core.package_identification:_identify(install) by extension 'ignore'
[0.819s] Level 1:colcon.colcon_core.package_identification:_identify(install) ignored
[0.820s] Level 1:colcon.colcon_core.package_identification:_identify(log) by extensions ['ignore', 'ignore_ament_install']
[0.820s] Level 1:colcon.colcon_core.package_identification:_identify(log) by extension 'ignore'
[0.820s] Level 1:colcon.colcon_core.package_identification:_identify(log) ignored
[0.820s] Level 1:colcon.colcon_core.package_identification:_identify(src) by extensions ['ignore', 'ignore_ament_install']
[0.820s] Level 1:colcon.colcon_core.package_identification:_identify(src) by extension 'ignore'
[0.820s] Level 1:colcon.colcon_core.package_identification:_identify(src) by extension 'ignore_ament_install'
[0.820s] Level 1:colcon.colcon_core.package_identification:_identify(src) by extensions ['colcon_pkg']
[0.821s] Level 1:colcon.colcon_core.package_identification:_identify(src) by extension 'colcon_pkg'
[0.821s] Level 1:colcon.colcon_core.package_identification:_identify(src) by extensions ['colcon_meta']
[0.821s] Level 1:colcon.colcon_core.package_identification:_identify(src) by extension 'colcon_meta'
[0.821s] Level 1:colcon.colcon_core.package_identification:_identify(src) by extensions ['ros']
[0.821s] Level 1:colcon.colcon_core.package_identification:_identify(src) by extension 'ros'
[0.821s] Level 1:colcon.colcon_core.package_identification:_identify(src) by extensions ['cmake', 'python']
[0.821s] Level 1:colcon.colcon_core.package_identification:_identify(src) by extension 'cmake'
[0.821s] Level 1:colcon.colcon_core.package_identification:_identify(src) by extension 'python'
[0.821s] Level 1:colcon.colcon_core.package_identification:_identify(src) by extensions ['python_setup_py']
[0.821s] Level 1:colcon.colcon_core.package_identification:_identify(src) by extension 'python_setup_py'
[0.821s] Level 1:colcon.colcon_core.package_identification:_identify(src/learn_moveit) by extensions ['ignore', 'ignore_ament_install']
[0.821s] Level 1:colcon.colcon_core.package_identification:_identify(src/learn_moveit) by extension 'ignore'
[0.822s] Level 1:colcon.colcon_core.package_identification:_identify(src/learn_moveit) by extension 'ignore_ament_install'
[0.822s] Level 1:colcon.colcon_core.package_identification:_identify(src/learn_moveit) by extensions ['colcon_pkg']
[0.822s] Level 1:colcon.colcon_core.package_identification:_identify(src/learn_moveit) by extension 'colcon_pkg'
[0.822s] Level 1:colcon.colcon_core.package_identification:_identify(src/learn_moveit) by extensions ['colcon_meta']
[0.822s] Level 1:colcon.colcon_core.package_identification:_identify(src/learn_moveit) by extension 'colcon_meta'
[0.822s] Level 1:colcon.colcon_core.package_identification:_identify(src/learn_moveit) by extensions ['ros']
[0.822s] Level 1:colcon.colcon_core.package_identification:_identify(src/learn_moveit) by extension 'ros'
[0.826s] DEBUG:colcon.colcon_core.package_identification:Package 'src/learn_moveit' with type 'ros.ament_cmake' and name 'learn_moveit'
[0.827s] Level 1:colcon.colcon_core.package_identification:_identify(src/panda_robot) by extensions ['ignore', 'ignore_ament_install']
[0.827s] Level 1:colcon.colcon_core.package_identification:_identify(src/panda_robot) by extension 'ignore'
[0.827s] Level 1:colcon.colcon_core.package_identification:_identify(src/panda_robot) by extension 'ignore_ament_install'
[0.827s] Level 1:colcon.colcon_core.package_identification:_identify(src/panda_robot) by extensions ['colcon_pkg']
[0.827s] Level 1:colcon.colcon_core.package_identification:_identify(src/panda_robot) by extension 'colcon_pkg'
[0.827s] Level 1:colcon.colcon_core.package_identification:_identify(src/panda_robot) by extensions ['colcon_meta']
[0.827s] Level 1:colcon.colcon_core.package_identification:_identify(src/panda_robot) by extension 'colcon_meta'
[0.827s] Level 1:colcon.colcon_core.package_identification:_identify(src/panda_robot) by extensions ['ros']
[0.827s] Level 1:colcon.colcon_core.package_identification:_identify(src/panda_robot) by extension 'ros'
[0.827s] Level 1:colcon.colcon_core.package_identification:_identify(src/panda_robot) by extensions ['cmake', 'python']
[0.827s] Level 1:colcon.colcon_core.package_identification:_identify(src/panda_robot) by extension 'cmake'
[0.828s] Level 1:colcon.colcon_core.package_identification:_identify(src/panda_robot) by extension 'python'
[0.828s] Level 1:colcon.colcon_core.package_identification:_identify(src/panda_robot) by extensions ['python_setup_py']
[0.828s] Level 1:colcon.colcon_core.package_identification:_identify(src/panda_robot) by extension 'python_setup_py'
[0.828s] Level 1:colcon.colcon_core.package_identification:_identify(src/panda_robot/panda_configure) by extensions ['ignore', 'ignore_ament_install']
[0.828s] Level 1:colcon.colcon_core.package_identification:_identify(src/panda_robot/panda_configure) by extension 'ignore'
[0.828s] Level 1:colcon.colcon_core.package_identification:_identify(src/panda_robot/panda_configure) by extension 'ignore_ament_install'
[0.828s] Level 1:colcon.colcon_core.package_identification:_identify(src/panda_robot/panda_configure) by extensions ['colcon_pkg']
[0.828s] Level 1:colcon.colcon_core.package_identification:_identify(src/panda_robot/panda_configure) by extension 'colcon_pkg'
[0.828s] Level 1:colcon.colcon_core.package_identification:_identify(src/panda_robot/panda_configure) by extensions ['colcon_meta']
[0.828s] Level 1:colcon.colcon_core.package_identification:_identify(src/panda_robot/panda_configure) by extension 'colcon_meta'
[0.828s] Level 1:colcon.colcon_core.package_identification:_identify(src/panda_robot/panda_configure) by extensions ['ros']
[0.828s] Level 1:colcon.colcon_core.package_identification:_identify(src/panda_robot/panda_configure) by extension 'ros'
[0.829s] DEBUG:colcon.colcon_core.package_identification:Package 'src/panda_robot/panda_configure' with type 'ros.ament_cmake' and name 'panda_configure'
[0.829s] Level 1:colcon.colcon_core.package_identification:_identify(src/panda_robot/panda_description) by extensions ['ignore', 'ignore_ament_install']
[0.829s] Level 1:colcon.colcon_core.package_identification:_identify(src/panda_robot/panda_description) by extension 'ignore'
[0.829s] Level 1:colcon.colcon_core.package_identification:_identify(src/panda_robot/panda_description) by extension 'ignore_ament_install'
[0.830s] Level 1:colcon.colcon_core.package_identification:_identify(src/panda_robot/panda_description) by extensions ['colcon_pkg']
[0.830s] Level 1:colcon.colcon_core.package_identification:_identify(src/panda_robot/panda_description) by extension 'colcon_pkg'
[0.830s] Level 1:colcon.colcon_core.package_identification:_identify(src/panda_robot/panda_description) by extensions ['colcon_meta']
[0.830s] Level 1:colcon.colcon_core.package_identification:_identify(src/panda_robot/panda_description) by extension 'colcon_meta'
[0.830s] Level 1:colcon.colcon_core.package_identification:_identify(src/panda_robot/panda_description) by extensions ['ros']
[0.830s] Level 1:colcon.colcon_core.package_identification:_identify(src/panda_robot/panda_description) by extension 'ros'
[0.830s] DEBUG:colcon.colcon_core.package_identification:Package 'src/panda_robot/panda_description' with type 'ros.ament_cmake' and name 'panda_description'
[0.831s] Level 1:colcon.colcon_core.package_discovery:discover_packages(recursive) using defaults
[0.831s] Level 1:colcon.colcon_core.package_discovery:discover_packages(ignore) discover
[0.831s] Level 1:colcon.colcon_core.package_discovery:discover_packages(ignore) using defaults
[0.831s] Level 1:colcon.colcon_core.package_discovery:discover_packages(path) discover
[0.831s] Level 1:colcon.colcon_core.package_discovery:discover_packages(path) using defaults
[0.876s] Level 1:colcon.colcon_core.package_discovery:discover_packages(prefix_path) check parameters
[0.877s] Level 1:colcon.colcon_core.package_discovery:discover_packages(prefix_path) discover
[0.884s] DEBUG:colcon.colcon_installed_package_information.package_discovery:Found 356 installed packages in /opt/ros/humble
[0.895s] Level 1:colcon.colcon_core.package_discovery:discover_packages(prefix_path) using defaults
[0.936s] Level 5:colcon.colcon_core.verb:set package 'learn_moveit' build argument 'cmake_args' from command line to 'None'
[0.936s] Level 5:colcon.colcon_core.verb:set package 'learn_moveit' build argument 'cmake_target' from command line to 'None'
[0.936s] Level 5:colcon.colcon_core.verb:set package 'learn_moveit' build argument 'cmake_target_skip_unavailable' from command line to 'False'
[0.936s] Level 5:colcon.colcon_core.verb:set package 'learn_moveit' build argument 'cmake_clean_cache' from command line to 'False'
[0.936s] Level 5:colcon.colcon_core.verb:set package 'learn_moveit' build argument 'cmake_clean_first' from command line to 'False'
[0.936s] Level 5:colcon.colcon_core.verb:set package 'learn_moveit' build argument 'cmake_force_configure' from command line to 'False'
[0.936s] Level 5:colcon.colcon_core.verb:set package 'learn_moveit' build argument 'ament_cmake_args' from command line to 'None'
[0.936s] Level 5:colcon.colcon_core.verb:set package 'learn_moveit' build argument 'catkin_cmake_args' from command line to 'None'
[0.936s] Level 5:colcon.colcon_core.verb:set package 'learn_moveit' build argument 'catkin_skip_building_tests' from command line to 'False'
[0.936s] DEBUG:colcon.colcon_core.verb:Building package 'learn_moveit' with the following arguments: {'ament_cmake_args': None, 'build_base': '/home/lvy/arms_ws/build/learn_moveit', 'catkin_cmake_args': None, 'catkin_skip_building_tests': False, 'cmake_args': None, 'cmake_clean_cache': False, 'cmake_clean_first': False, 'cmake_force_configure': False, 'cmake_target': None, 'cmake_target_skip_unavailable': False, 'install_base': '/home/lvy/arms_ws/install/learn_moveit', 'merge_install': False, 'path': '/home/lvy/arms_ws/src/learn_moveit', 'symlink_install': False, 'test_result_base': None}
[0.937s] Level 5:colcon.colcon_core.verb:set package 'panda_description' build argument 'cmake_args' from command line to 'None'
[0.937s] Level 5:colcon.colcon_core.verb:set package 'panda_description' build argument 'cmake_target' from command line to 'None'
[0.937s] Level 5:colcon.colcon_core.verb:set package 'panda_description' build argument 'cmake_target_skip_unavailable' from command line to 'False'
[0.937s] Level 5:colcon.colcon_core.verb:set package 'panda_description' build argument 'cmake_clean_cache' from command line to 'False'
[0.937s] Level 5:colcon.colcon_core.verb:set package 'panda_description' build argument 'cmake_clean_first' from command line to 'False'
[0.937s] Level 5:colcon.colcon_core.verb:set package 'panda_description' build argument 'cmake_force_configure' from command line to 'False'
[0.938s] Level 5:colcon.colcon_core.verb:set package 'panda_description' build argument 'ament_cmake_args' from command line to 'None'
[0.938s] Level 5:colcon.colcon_core.verb:set package 'panda_description' build argument 'catkin_cmake_args' from command line to 'None'
[0.938s] Level 5:colcon.colcon_core.verb:set package 'panda_description' build argument 'catkin_skip_building_tests' from command line to 'False'
[0.938s] DEBUG:colcon.colcon_core.verb:Building package 'panda_description' with the following arguments: {'ament_cmake_args': None, 'build_base': '/home/lvy/arms_ws/build/panda_description', 'catkin_cmake_args': None, 'catkin_skip_building_tests': False, 'cmake_args': None, 'cmake_clean_cache': False, 'cmake_clean_first': False, 'cmake_force_configure': False, 'cmake_target': None, 'cmake_target_skip_unavailable': False, 'install_base': '/home/lvy/arms_ws/install/panda_description', 'merge_install': False, 'path': '/home/lvy/arms_ws/src/panda_robot/panda_description', 'symlink_install': False, 'test_result_base': None}
[0.938s] Level 5:colcon.colcon_core.verb:set package 'panda_configure' build argument 'cmake_args' from command line to 'None'
[0.938s] Level 5:colcon.colcon_core.verb:set package 'panda_configure' build argument 'cmake_target' from command line to 'None'
[0.938s] Level 5:colcon.colcon_core.verb:set package 'panda_configure' build argument 'cmake_target_skip_unavailable' from command line to 'False'
[0.938s] Level 5:colcon.colcon_core.verb:set package 'panda_configure' build argument 'cmake_clean_cache' from command line to 'False'
[0.938s] Level 5:colcon.colcon_core.verb:set package 'panda_configure' build argument 'cmake_clean_first' from command line to 'False'
[0.938s] Level 5:colcon.colcon_core.verb:set package 'panda_configure' build argument 'cmake_force_configure' from command line to 'False'
[0.938s] Level 5:colcon.colcon_core.verb:set package 'panda_configure' build argument 'ament_cmake_args' from command line to 'None'
[0.938s] Level 5:colcon.colcon_core.verb:set package 'panda_configure' build argument 'catkin_cmake_args' from command line to 'None'
[0.938s] Level 5:colcon.colcon_core.verb:set package 'panda_configure' build argument 'catkin_skip_building_tests' from command line to 'False'
[0.938s] DEBUG:colcon.colcon_core.verb:Building package 'panda_configure' with the following arguments: {'ament_cmake_args': None, 'build_base': '/home/lvy/arms_ws/build/panda_configure', 'catkin_cmake_args': None, 'catkin_skip_building_tests': False, 'cmake_args': None, 'cmake_clean_cache': False, 'cmake_clean_first': False, 'cmake_force_configure': False, 'cmake_target': None, 'cmake_target_skip_unavailable': False, 'install_base': '/home/lvy/arms_ws/install/panda_configure', 'merge_install': False, 'path': '/home/lvy/arms_ws/src/panda_robot/panda_configure', 'symlink_install': False, 'test_result_base': None}
[0.938s] INFO:colcon.colcon_core.executor:Executing jobs using 'parallel' executor
[0.940s] DEBUG:colcon.colcon_parallel_executor.executor.parallel:run_until_complete
[0.941s] INFO:colcon.colcon_ros.task.ament_cmake.build:Building ROS package in '/home/lvy/arms_ws/src/panda_robot/panda_description' with build type 'ament_cmake'
[0.941s] INFO:colcon.colcon_cmake.task.cmake.build:Building CMake package in '/home/lvy/arms_ws/src/panda_robot/panda_description'
[0.956s] INFO:colcon.colcon_core.plugin_system:Skipping extension 'colcon_core.shell.bat': Not used on non-Windows systems
[0.956s] INFO:colcon.colcon_core.shell:Skip shell extension 'powershell' for command environment: Not usable outside of PowerShell
[0.957s] DEBUG:colcon.colcon_core.shell:Skip shell extension 'dsv' for command environment
[0.962s] INFO:colcon.colcon_ros.task.ament_cmake.build:Building ROS package in '/home/lvy/arms_ws/src/learn_moveit' with build type 'ament_cmake'
[0.962s] INFO:colcon.colcon_cmake.task.cmake.build:Building CMake package in '/home/lvy/arms_ws/src/learn_moveit'
[0.963s] INFO:colcon.colcon_core.shell:Skip shell extension 'powershell' for command environment: Not usable outside of PowerShell
[0.963s] DEBUG:colcon.colcon_core.shell:Skip shell extension 'dsv' for command environment
[0.976s] DEBUG:colcon.colcon_core.event_handler.log_command:Invoking command in '/home/lvy/arms_ws/build/panda_description': CMAKE_PREFIX_PATH=/opt/ros/humble /usr/bin/cmake --build /home/lvy/arms_ws/build/panda_description -- -j4 -l4
[0.991s] DEBUG:colcon.colcon_core.event_handler.log_command:Invoking command in '/home/lvy/arms_ws/build/learn_moveit': CMAKE_PREFIX_PATH=/opt/ros/humble /usr/bin/cmake --build /home/lvy/arms_ws/build/learn_moveit -- -j4 -l4
[1.135s] DEBUG:colcon.colcon_core.event_handler.log_command:Invoked command in '/home/lvy/arms_ws/build/panda_description' returned '0': CMAKE_PREFIX_PATH=/opt/ros/humble /usr/bin/cmake --build /home/lvy/arms_ws/build/panda_description -- -j4 -l4
[1.163s] DEBUG:colcon.colcon_core.event_handler.log_command:Invoking command in '/home/lvy/arms_ws/build/panda_description': CMAKE_PREFIX_PATH=/opt/ros/humble /usr/bin/cmake --install /home/lvy/arms_ws/build/panda_description
[1.207s] Level 1:colcon.colcon_core.environment:create_environment_scripts_only(panda_description)
[1.208s] DEBUG:colcon.colcon_core.event_handler.log_command:Invoked command in '/home/lvy/arms_ws/build/panda_description' returned '0': CMAKE_PREFIX_PATH=/opt/ros/humble /usr/bin/cmake --install /home/lvy/arms_ws/build/panda_description
[1.223s] Level 1:colcon.colcon_core.environment:checking '/home/lvy/arms_ws/install/panda_description' for CMake module files
[1.223s] Level 1:colcon.colcon_core.environment:checking '/home/lvy/arms_ws/install/panda_description' for CMake config files
[1.224s] Level 1:colcon.colcon_core.shell:create_environment_hook('panda_description', 'cmake_prefix_path')
[1.224s] INFO:colcon.colcon_core.shell:Creating environment hook '/home/lvy/arms_ws/install/panda_description/share/panda_description/hook/cmake_prefix_path.ps1'
[1.226s] INFO:colcon.colcon_core.shell:Creating environment descriptor '/home/lvy/arms_ws/install/panda_description/share/panda_description/hook/cmake_prefix_path.dsv'
[1.228s] INFO:colcon.colcon_core.shell:Creating environment hook '/home/lvy/arms_ws/install/panda_description/share/panda_description/hook/cmake_prefix_path.sh'
[1.230s] Level 1:colcon.colcon_core.environment:checking '/home/lvy/arms_ws/install/panda_description/bin'
[1.230s] Level 1:colcon.colcon_core.environment:checking '/home/lvy/arms_ws/install/panda_description/lib/pkgconfig/panda_description.pc'
[1.230s] Level 1:colcon.colcon_core.environment:checking '/home/lvy/arms_ws/install/panda_description/lib/python3.10/site-packages'
[1.231s] Level 1:colcon.colcon_core.environment:checking '/home/lvy/arms_ws/install/panda_description/bin'
[1.231s] INFO:colcon.colcon_core.shell:Creating package script '/home/lvy/arms_ws/install/panda_description/share/panda_description/package.ps1'
[1.233s] INFO:colcon.colcon_core.shell:Creating package descriptor '/home/lvy/arms_ws/install/panda_description/share/panda_description/package.dsv'
[1.234s] INFO:colcon.colcon_core.shell:Creating package script '/home/lvy/arms_ws/install/panda_description/share/panda_description/package.sh'
[1.236s] INFO:colcon.colcon_core.shell:Creating package script '/home/lvy/arms_ws/install/panda_description/share/panda_description/package.bash'
[1.238s] INFO:colcon.colcon_core.shell:Creating package script '/home/lvy/arms_ws/install/panda_description/share/panda_description/package.zsh'
[1.240s] Level 1:colcon.colcon_core.environment:create_file_with_runtime_dependencies(/home/lvy/arms_ws/install/panda_description/share/colcon-core/packages/panda_description)
[1.241s] Level 1:colcon.colcon_core.environment:create_environment_scripts_only(panda_description)
[1.242s] Level 1:colcon.colcon_core.environment:checking '/home/lvy/arms_ws/install/panda_description' for CMake module files
[1.242s] Level 1:colcon.colcon_core.environment:checking '/home/lvy/arms_ws/install/panda_description' for CMake config files
[1.242s] Level 1:colcon.colcon_core.shell:create_environment_hook('panda_description', 'cmake_prefix_path')
[1.243s] INFO:colcon.colcon_core.shell:Creating environment hook '/home/lvy/arms_ws/install/panda_description/share/panda_description/hook/cmake_prefix_path.ps1'
[1.244s] INFO:colcon.colcon_core.shell:Creating environment descriptor '/home/lvy/arms_ws/install/panda_description/share/panda_description/hook/cmake_prefix_path.dsv'
[1.244s] INFO:colcon.colcon_core.shell:Creating environment hook '/home/lvy/arms_ws/install/panda_description/share/panda_description/hook/cmake_prefix_path.sh'
[1.246s] Level 1:colcon.colcon_core.environment:checking '/home/lvy/arms_ws/install/panda_description/bin'
[1.246s] Level 1:colcon.colcon_core.environment:checking '/home/lvy/arms_ws/install/panda_description/lib/pkgconfig/panda_description.pc'
[1.246s] Level 1:colcon.colcon_core.environment:checking '/home/lvy/arms_ws/install/panda_description/lib/python3.10/site-packages'
[1.246s] Level 1:colcon.colcon_core.environment:checking '/home/lvy/arms_ws/install/panda_description/bin'
[1.247s] INFO:colcon.colcon_core.shell:Creating package script '/home/lvy/arms_ws/install/panda_description/share/panda_description/package.ps1'
[1.247s] INFO:colcon.colcon_core.shell:Creating package descriptor '/home/lvy/arms_ws/install/panda_description/share/panda_description/package.dsv'
[1.248s] INFO:colcon.colcon_core.shell:Creating package script '/home/lvy/arms_ws/install/panda_description/share/panda_description/package.sh'
[1.249s] INFO:colcon.colcon_core.shell:Creating package script '/home/lvy/arms_ws/install/panda_description/share/panda_description/package.bash'
[1.250s] INFO:colcon.colcon_core.shell:Creating package script '/home/lvy/arms_ws/install/panda_description/share/panda_description/package.zsh'
[1.250s] Level 1:colcon.colcon_core.environment:create_file_with_runtime_dependencies(/home/lvy/arms_ws/install/panda_description/share/colcon-core/packages/panda_description)
[1.251s] INFO:colcon.colcon_ros.task.ament_cmake.build:Building ROS package in '/home/lvy/arms_ws/src/panda_robot/panda_configure' with build type 'ament_cmake'
[1.251s] INFO:colcon.colcon_cmake.task.cmake.build:Building CMake package in '/home/lvy/arms_ws/src/panda_robot/panda_configure'
[1.251s] INFO:colcon.colcon_core.shell:Skip shell extension 'powershell' for command environment: Not usable outside of PowerShell
[1.251s] DEBUG:colcon.colcon_core.shell:Skip shell extension 'dsv' for command environment
[1.270s] DEBUG:colcon.colcon_core.event_handler.log_command:Invoking command in '/home/lvy/arms_ws/build/panda_configure': AMENT_PREFIX_PATH=/home/lvy/arms_ws/install/panda_description:${AMENT_PREFIX_PATH} CMAKE_PREFIX_PATH=/home/lvy/arms_ws/install/panda_description:/opt/ros/humble /usr/bin/cmake --build /home/lvy/arms_ws/build/panda_configure -- -j4 -l4
[1.322s] DEBUG:colcon.colcon_core.event_handler.log_command:Invoked command in '/home/lvy/arms_ws/build/panda_configure' returned '0': AMENT_PREFIX_PATH=/home/lvy/arms_ws/install/panda_description:${AMENT_PREFIX_PATH} CMAKE_PREFIX_PATH=/home/lvy/arms_ws/install/panda_description:/opt/ros/humble /usr/bin/cmake --build /home/lvy/arms_ws/build/panda_configure -- -j4 -l4
[1.327s] DEBUG:colcon.colcon_core.event_handler.log_command:Invoking command in '/home/lvy/arms_ws/build/panda_configure': AMENT_PREFIX_PATH=/home/lvy/arms_ws/install/panda_description:${AMENT_PREFIX_PATH} CMAKE_PREFIX_PATH=/home/lvy/arms_ws/install/panda_description:/opt/ros/humble /usr/bin/cmake --install /home/lvy/arms_ws/build/panda_configure
[1.357s] Level 1:colcon.colcon_core.environment:create_environment_scripts_only(panda_configure)
[1.357s] Level 1:colcon.colcon_core.environment:checking '/home/lvy/arms_ws/install/panda_configure' for CMake module files
[1.358s] Level 1:colcon.colcon_core.environment:checking '/home/lvy/arms_ws/install/panda_configure' for CMake config files
[1.359s] Level 1:colcon.colcon_core.shell:create_environment_hook('panda_configure', 'cmake_prefix_path')
[1.358s] DEBUG:colcon.colcon_core.event_handler.log_command:Invoked command in '/home/lvy/arms_ws/build/panda_configure' returned '0': AMENT_PREFIX_PATH=/home/lvy/arms_ws/install/panda_description:${AMENT_PREFIX_PATH} CMAKE_PREFIX_PATH=/home/lvy/arms_ws/install/panda_description:/opt/ros/humble /usr/bin/cmake --install /home/lvy/arms_ws/build/panda_configure
[1.359s] INFO:colcon.colcon_core.shell:Creating environment hook '/home/lvy/arms_ws/install/panda_configure/share/panda_configure/hook/cmake_prefix_path.ps1'
[1.363s] INFO:colcon.colcon_core.shell:Creating environment descriptor '/home/lvy/arms_ws/install/panda_configure/share/panda_configure/hook/cmake_prefix_path.dsv'
[1.364s] INFO:colcon.colcon_core.shell:Creating environment hook '/home/lvy/arms_ws/install/panda_configure/share/panda_configure/hook/cmake_prefix_path.sh'
[1.365s] Level 1:colcon.colcon_core.environment:checking '/home/lvy/arms_ws/install/panda_configure/bin'
[1.366s] Level 1:colcon.colcon_core.environment:checking '/home/lvy/arms_ws/install/panda_configure/lib/pkgconfig/panda_configure.pc'
[1.366s] Level 1:colcon.colcon_core.environment:checking '/home/lvy/arms_ws/install/panda_configure/lib/python3.10/site-packages'
[1.366s] Level 1:colcon.colcon_core.environment:checking '/home/lvy/arms_ws/install/panda_configure/bin'
[1.367s] INFO:colcon.colcon_core.shell:Creating package script '/home/lvy/arms_ws/install/panda_configure/share/panda_configure/package.ps1'
[1.368s] INFO:colcon.colcon_core.shell:Creating package descriptor '/home/lvy/arms_ws/install/panda_configure/share/panda_configure/package.dsv'
[1.369s] INFO:colcon.colcon_core.shell:Creating package script '/home/lvy/arms_ws/install/panda_configure/share/panda_configure/package.sh'
[1.371s] INFO:colcon.colcon_core.shell:Creating package script '/home/lvy/arms_ws/install/panda_configure/share/panda_configure/package.bash'
[1.372s] INFO:colcon.colcon_core.shell:Creating package script '/home/lvy/arms_ws/install/panda_configure/share/panda_configure/package.zsh'
[1.372s] Level 1:colcon.colcon_core.environment:create_file_with_runtime_dependencies(/home/lvy/arms_ws/install/panda_configure/share/colcon-core/packages/panda_configure)
[1.374s] Level 1:colcon.colcon_core.environment:create_environment_scripts_only(panda_configure)
[1.374s] Level 1:colcon.colcon_core.environment:checking '/home/lvy/arms_ws/install/panda_configure' for CMake module files
[1.374s] Level 1:colcon.colcon_core.environment:checking '/home/lvy/arms_ws/install/panda_configure' for CMake config files
[1.375s] Level 1:colcon.colcon_core.shell:create_environment_hook('panda_configure', 'cmake_prefix_path')
[1.375s] INFO:colcon.colcon_core.shell:Creating environment hook '/home/lvy/arms_ws/install/panda_configure/share/panda_configure/hook/cmake_prefix_path.ps1'
[1.375s] INFO:colcon.colcon_core.shell:Creating environment descriptor '/home/lvy/arms_ws/install/panda_configure/share/panda_configure/hook/cmake_prefix_path.dsv'
[1.376s] INFO:colcon.colcon_core.shell:Creating environment hook '/home/lvy/arms_ws/install/panda_configure/share/panda_configure/hook/cmake_prefix_path.sh'
[1.378s] Level 1:colcon.colcon_core.environment:checking '/home/lvy/arms_ws/install/panda_configure/bin'
[1.378s] Level 1:colcon.colcon_core.environment:checking '/home/lvy/arms_ws/install/panda_configure/lib/pkgconfig/panda_configure.pc'
[1.378s] Level 1:colcon.colcon_core.environment:checking '/home/lvy/arms_ws/install/panda_configure/lib/python3.10/site-packages'
[1.379s] Level 1:colcon.colcon_core.environment:checking '/home/lvy/arms_ws/install/panda_configure/bin'
[1.379s] INFO:colcon.colcon_core.shell:Creating package script '/home/lvy/arms_ws/install/panda_configure/share/panda_configure/package.ps1'
[1.383s] INFO:colcon.colcon_core.shell:Creating package descriptor '/home/lvy/arms_ws/install/panda_configure/share/panda_configure/package.dsv'
[1.385s] INFO:colcon.colcon_core.shell:Creating package script '/home/lvy/arms_ws/install/panda_configure/share/panda_configure/package.sh'
[1.385s] INFO:colcon.colcon_core.shell:Creating package script '/home/lvy/arms_ws/install/panda_configure/share/panda_configure/package.bash'
[1.388s] INFO:colcon.colcon_core.shell:Creating package script '/home/lvy/arms_ws/install/panda_configure/share/panda_configure/package.zsh'
[1.389s] Level 1:colcon.colcon_core.environment:create_file_with_runtime_dependencies(/home/lvy/arms_ws/install/panda_configure/share/colcon-core/packages/panda_configure)
[19.202s] DEBUG:colcon.colcon_core.event_handler.log_command:Invoked command in '/home/lvy/arms_ws/build/learn_moveit' returned '0': CMAKE_PREFIX_PATH=/opt/ros/humble /usr/bin/cmake --build /home/lvy/arms_ws/build/learn_moveit -- -j4 -l4
[19.205s] DEBUG:colcon.colcon_core.event_handler.log_command:Invoking command in '/home/lvy/arms_ws/build/learn_moveit': CMAKE_PREFIX_PATH=/opt/ros/humble /usr/bin/cmake --install /home/lvy/arms_ws/build/learn_moveit
[19.255s] Level 1:colcon.colcon_core.environment:create_environment_scripts_only(learn_moveit)
[19.255s] Level 1:colcon.colcon_core.environment:checking '/home/lvy/arms_ws/install/learn_moveit' for CMake module files
[19.257s] DEBUG:colcon.colcon_core.event_handler.log_command:Invoked command in '/home/lvy/arms_ws/build/learn_moveit' returned '0': CMAKE_PREFIX_PATH=/opt/ros/humble /usr/bin/cmake --install /home/lvy/arms_ws/build/learn_moveit
[19.258s] Level 1:colcon.colcon_core.environment:checking '/home/lvy/arms_ws/install/learn_moveit' for CMake config files
[19.258s] Level 1:colcon.colcon_core.shell:create_environment_hook('learn_moveit', 'cmake_prefix_path')
[19.259s] INFO:colcon.colcon_core.shell:Creating environment hook '/home/lvy/arms_ws/install/learn_moveit/share/learn_moveit/hook/cmake_prefix_path.ps1'
[19.260s] INFO:colcon.colcon_core.shell:Creating environment descriptor '/home/lvy/arms_ws/install/learn_moveit/share/learn_moveit/hook/cmake_prefix_path.dsv'
[19.263s] INFO:colcon.colcon_core.shell:Creating environment hook '/home/lvy/arms_ws/install/learn_moveit/share/learn_moveit/hook/cmake_prefix_path.sh'
[19.264s] Level 1:colcon.colcon_core.environment:checking '/home/lvy/arms_ws/install/learn_moveit/lib'
[19.265s] Level 1:colcon.colcon_core.environment:checking '/home/lvy/arms_ws/install/learn_moveit/bin'
[19.265s] Level 1:colcon.colcon_core.environment:checking '/home/lvy/arms_ws/install/learn_moveit/lib/pkgconfig/learn_moveit.pc'
[19.266s] Level 1:colcon.colcon_core.environment:checking '/home/lvy/arms_ws/install/learn_moveit/lib/python3.10/site-packages'
[19.266s] Level 1:colcon.colcon_core.environment:checking '/home/lvy/arms_ws/install/learn_moveit/bin'
[19.267s] INFO:colcon.colcon_core.shell:Creating package script '/home/lvy/arms_ws/install/learn_moveit/share/learn_moveit/package.ps1'
[19.269s] INFO:colcon.colcon_core.shell:Creating package descriptor '/home/lvy/arms_ws/install/learn_moveit/share/learn_moveit/package.dsv'
[19.269s] INFO:colcon.colcon_core.shell:Creating package script '/home/lvy/arms_ws/install/learn_moveit/share/learn_moveit/package.sh'
[19.271s] INFO:colcon.colcon_core.shell:Creating package script '/home/lvy/arms_ws/install/learn_moveit/share/learn_moveit/package.bash'
[19.272s] INFO:colcon.colcon_core.shell:Creating package script '/home/lvy/arms_ws/install/learn_moveit/share/learn_moveit/package.zsh'
[19.274s] Level 1:colcon.colcon_core.environment:create_file_with_runtime_dependencies(/home/lvy/arms_ws/install/learn_moveit/share/colcon-core/packages/learn_moveit)
[19.275s] Level 1:colcon.colcon_core.environment:create_environment_scripts_only(learn_moveit)
[19.276s] Level 1:colcon.colcon_core.environment:checking '/home/lvy/arms_ws/install/learn_moveit' for CMake module files
[19.276s] Level 1:colcon.colcon_core.environment:checking '/home/lvy/arms_ws/install/learn_moveit' for CMake config files
[19.277s] Level 1:colcon.colcon_core.shell:create_environment_hook('learn_moveit', 'cmake_prefix_path')
[19.277s] INFO:colcon.colcon_core.shell:Creating environment hook '/home/lvy/arms_ws/install/learn_moveit/share/learn_moveit/hook/cmake_prefix_path.ps1'
[19.278s] INFO:colcon.colcon_core.shell:Creating environment descriptor '/home/lvy/arms_ws/install/learn_moveit/share/learn_moveit/hook/cmake_prefix_path.dsv'
[19.280s] INFO:colcon.colcon_core.shell:Creating environment hook '/home/lvy/arms_ws/install/learn_moveit/share/learn_moveit/hook/cmake_prefix_path.sh'
[19.282s] Level 1:colcon.colcon_core.environment:checking '/home/lvy/arms_ws/install/learn_moveit/lib'
[19.282s] Level 1:colcon.colcon_core.environment:checking '/home/lvy/arms_ws/install/learn_moveit/bin'
[19.283s] Level 1:colcon.colcon_core.environment:checking '/home/lvy/arms_ws/install/learn_moveit/lib/pkgconfig/learn_moveit.pc'
[19.283s] Level 1:colcon.colcon_core.environment:checking '/home/lvy/arms_ws/install/learn_moveit/lib/python3.10/site-packages'
[19.284s] Level 1:colcon.colcon_core.environment:checking '/home/lvy/arms_ws/install/learn_moveit/bin'
[19.284s] INFO:colcon.colcon_core.shell:Creating package script '/home/lvy/arms_ws/install/learn_moveit/share/learn_moveit/package.ps1'
[19.287s] INFO:colcon.colcon_core.shell:Creating package descriptor '/home/lvy/arms_ws/install/learn_moveit/share/learn_moveit/package.dsv'
[19.288s] INFO:colcon.colcon_core.shell:Creating package script '/home/lvy/arms_ws/install/learn_moveit/share/learn_moveit/package.sh'
[19.289s] INFO:colcon.colcon_core.shell:Creating package script '/home/lvy/arms_ws/install/learn_moveit/share/learn_moveit/package.bash'
[19.291s] INFO:colcon.colcon_core.shell:Creating package script '/home/lvy/arms_ws/install/learn_moveit/share/learn_moveit/package.zsh'
[19.293s] Level 1:colcon.colcon_core.environment:create_file_with_runtime_dependencies(/home/lvy/arms_ws/install/learn_moveit/share/colcon-core/packages/learn_moveit)
[19.294s] DEBUG:colcon.colcon_parallel_executor.executor.parallel:closing loop
[19.296s] DEBUG:colcon.colcon_parallel_executor.executor.parallel:loop closed
[19.296s] DEBUG:colcon.colcon_parallel_executor.executor.parallel:run_until_complete finished with '0'
[19.296s] DEBUG:colcon.colcon_core.event_reactor:joining thread
[19.310s] INFO:colcon.colcon_core.plugin_system:Skipping extension 'colcon_notification.desktop_notification.terminal_notifier': Not used on non-Darwin systems
[19.310s] INFO:colcon.colcon_core.plugin_system:Skipping extension 'colcon_notification.desktop_notification.win32': Not used on non-Windows systems
[19.310s] INFO:colcon.colcon_notification.desktop_notification:Sending desktop notification using 'notify2'
[19.342s] DEBUG:colcon.colcon_core.event_reactor:joined thread
[19.342s] INFO:colcon.colcon_core.shell:Creating prefix script '/home/lvy/arms_ws/install/local_setup.ps1'
[19.346s] INFO:colcon.colcon_core.shell:Creating prefix util module '/home/lvy/arms_ws/install/_local_setup_util_ps1.py'
[19.349s] INFO:colcon.colcon_core.shell:Creating prefix chain script '/home/lvy/arms_ws/install/setup.ps1'
[19.356s] INFO:colcon.colcon_core.shell:Creating prefix script '/home/lvy/arms_ws/install/local_setup.sh'
[19.358s] INFO:colcon.colcon_core.shell:Creating prefix util module '/home/lvy/arms_ws/install/_local_setup_util_sh.py'
[19.360s] INFO:colcon.colcon_core.shell:Creating prefix chain script '/home/lvy/arms_ws/install/setup.sh'
[19.364s] INFO:colcon.colcon_core.shell:Creating prefix script '/home/lvy/arms_ws/install/local_setup.bash'
[19.366s] INFO:colcon.colcon_core.shell:Creating prefix chain script '/home/lvy/arms_ws/install/setup.bash'
[19.369s] INFO:colcon.colcon_core.shell:Creating prefix script '/home/lvy/arms_ws/install/local_setup.zsh'
[19.371s] INFO:colcon.colcon_core.shell:Creating prefix chain script '/home/lvy/arms_ws/install/setup.zsh'
