[ 50%] [32mBuilding CXX object CMakeFiles/hello_moveit.dir/src/hello_moveit.cpp.o[0m
In file included from [01m[K/opt/ros/humble/include/rclcpp/rclcpp/logging.hpp:24[m[K,
                 from [01m[K/opt/ros/humble/include/rclcpp/rclcpp/client.hpp:40[m[K,
                 from [01m[K/opt/ros/humble/include/rclcpp/rclcpp/callback_group.hpp:24[m[K,
                 from [01m[K/opt/ros/humble/include/rclcpp/rclcpp/any_executable.hpp:20[m[K,
                 from [01m[K/opt/ros/humble/include/rclcpp/rclcpp/memory_strategy.hpp:25[m[K,
                 from [01m[K/opt/ros/humble/include/rclcpp/rclcpp/memory_strategies.hpp:18[m[K,
                 from [01m[K/opt/ros/humble/include/rclcpp/rclcpp/executor_options.hpp:20[m[K,
                 from [01m[K/opt/ros/humble/include/rclcpp/rclcpp/executor.hpp:37[m[K,
                 from [01m[K/opt/ros/humble/include/rclcpp/rclcpp/executors/multi_threaded_executor.hpp:25[m[K,
                 from [01m[K/opt/ros/humble/include/rclcpp/rclcpp/executors.hpp:21[m[K,
                 from [01m[K/opt/ros/humble/include/rclcpp/rclcpp/rclcpp.hpp:155[m[K,
                 from [01m[K/home/lvy/arms_ws/src/learn_moveit/src/hello_moveit.cpp:1[m[K:
[01m[K/home/lvy/arms_ws/src/learn_moveit/src/hello_moveit.cpp:[m[K In function ‘[01m[Kint main(int, char**)[m[K’:
[01m[K/home/lvy/arms_ws/src/learn_moveit/src/hello_moveit.cpp:29:5:[m[K [01;31m[Kerror: [m[K‘[01m[Kcurrent_pose[m[K’ was not declared in this scope
   29 |     [01;31m[Kcurrent_pose[m[K.position.x, current_pose.position.y, current_pose.position.z);
      |     [01;31m[K^~~~~~~~~~~~[m[K
[01m[K/home/lvy/arms_ws/src/learn_moveit/src/hello_moveit.cpp:32:22:[m[K [01;31m[Kerror: [m[K‘[01m[Kcurrent_pose[m[K’ was not declared in this scope; did you mean ‘[01m[Ktarget_pose[m[K’?
   32 |   auto target_pose = [01;31m[Kcurrent_pose[m[K;
      |                      [01;31m[K^~~~~~~~~~~~[m[K
      |                      [32m[Ktarget_pose[m[K
gmake[2]: *** [CMakeFiles/hello_moveit.dir/build.make:76：CMakeFiles/hello_moveit.dir/src/hello_moveit.cpp.o] 错误 1
gmake[1]: *** [CMakeFiles/Makefile2:137：CMakeFiles/hello_moveit.dir/all] 错误 2
gmake: *** [Makefile:146：all] 错误 2
