[0.034s] Invoking command in '/home/lvy/arms_ws/build/panda_configure': CMAKE_PREFIX_PATH=/home/lvy/arms_ws/install/panda_description:/home/lvy/arms_ws/install/panda_configure:/home/lvy/arms_ws/install/learn_moveit:/opt/ros/humble /usr/bin/cmake /home/lvy/arms_ws/src/panda_robot/panda_configure -DAMENT_CMAKE_SYMLINK_INSTALL=1 -DCMAKE_INSTALL_PREFIX=/home/lvy/arms_ws/install/panda_configure
[0.039s] -- Found ament_cmake: 1.3.12 (/opt/ros/humble/share/ament_cmake/cmake)
[0.194s] -- Override CMake install command with custom implementation using symlinks instead of copying resources
[0.323s] -- Configuring done
[0.333s] -- Generating done
[0.342s] -- Build files have been written to: /home/lvy/arms_ws/build/panda_configure
[0.343s] Invoked command in '/home/lvy/arms_ws/build/panda_configure' returned '0': CMAKE_PREFIX_PATH=/home/lvy/arms_ws/install/panda_description:/home/lvy/arms_ws/install/panda_configure:/home/lvy/arms_ws/install/learn_moveit:/opt/ros/humble /usr/bin/cmake /home/lvy/arms_ws/src/panda_robot/panda_configure -DAMENT_CMAKE_SYMLINK_INSTALL=1 -DCMAKE_INSTALL_PREFIX=/home/lvy/arms_ws/install/panda_configure
[0.344s] Invoking command in '/home/lvy/arms_ws/build/panda_configure': CMAKE_PREFIX_PATH=/home/lvy/arms_ws/install/panda_description:/home/lvy/arms_ws/install/panda_configure:/home/lvy/arms_ws/install/learn_moveit:/opt/ros/humble /usr/bin/cmake --build /home/lvy/arms_ws/build/panda_configure -- -j4 -l4
[0.425s] Invoked command in '/home/lvy/arms_ws/build/panda_configure' returned '0': CMAKE_PREFIX_PATH=/home/lvy/arms_ws/install/panda_description:/home/lvy/arms_ws/install/panda_configure:/home/lvy/arms_ws/install/learn_moveit:/opt/ros/humble /usr/bin/cmake --build /home/lvy/arms_ws/build/panda_configure -- -j4 -l4
[0.425s] Invoking command in '/home/lvy/arms_ws/build/panda_configure': CMAKE_PREFIX_PATH=/home/lvy/arms_ws/install/panda_description:/home/lvy/arms_ws/install/panda_configure:/home/lvy/arms_ws/install/learn_moveit:/opt/ros/humble /usr/bin/cmake --install /home/lvy/arms_ws/build/panda_configure
[0.446s] -- Install configuration: ""
[0.449s] -- Execute custom install script
[0.449s] -- Symlinking: /home/lvy/arms_ws/install/panda_configure/share/ament_index/resource_index/package_run_dependencies/panda_configure
[0.464s] -- Symlinking: /home/lvy/arms_ws/install/panda_configure/share/ament_index/resource_index/parent_prefix_path/panda_configure
[0.474s] -- Symlinking: /home/lvy/arms_ws/install/panda_configure/share/panda_configure/environment/ament_prefix_path.sh
[0.506s] -- Symlinking: /home/lvy/arms_ws/install/panda_configure/share/panda_configure/environment/ament_prefix_path.dsv
[0.520s] -- Symlinking: /home/lvy/arms_ws/install/panda_configure/share/panda_configure/environment/path.sh
[0.533s] -- Symlinking: /home/lvy/arms_ws/install/panda_configure/share/panda_configure/environment/path.dsv
[0.544s] -- Symlinking: /home/lvy/arms_ws/install/panda_configure/share/panda_configure/local_setup.bash
[0.580s] -- Symlinking: /home/lvy/arms_ws/install/panda_configure/share/panda_configure/local_setup.sh
[0.580s] -- Symlinking: /home/lvy/arms_ws/install/panda_configure/share/panda_configure/local_setup.zsh
[0.580s] -- Symlinking: /home/lvy/arms_ws/install/panda_configure/share/panda_configure/local_setup.dsv
[0.583s] -- Symlinking: /home/lvy/arms_ws/install/panda_configure/share/panda_configure/package.dsv
[0.596s] -- Symlinking: /home/lvy/arms_ws/install/panda_configure/share/ament_index/resource_index/packages/panda_configure
[0.610s] -- Symlinking: /home/lvy/arms_ws/install/panda_configure/share/panda_configure/cmake/panda_configureConfig.cmake
[0.624s] -- Symlinking: /home/lvy/arms_ws/install/panda_configure/share/panda_configure/cmake/panda_configureConfig-version.cmake
[0.644s] -- Symlinking: /home/lvy/arms_ws/install/panda_configure/share/panda_configure/package.xml
[0.655s] -- Symlinking: /home/lvy/arms_ws/install/panda_configure/share/panda_configure/launch/demo.launch.py
[0.668s] -- Symlinking: /home/lvy/arms_ws/install/panda_configure/share/panda_configure/launch/move_group.launch.py
[0.680s] -- Symlinking: /home/lvy/arms_ws/install/panda_configure/share/panda_configure/launch/moveit_rviz.launch.py
[0.692s] -- Symlinking: /home/lvy/arms_ws/install/panda_configure/share/panda_configure/launch/rsp.launch.py
[0.723s] -- Symlinking: /home/lvy/arms_ws/install/panda_configure/share/panda_configure/launch/setup_assistant.launch.py
[0.726s] -- Symlinking: /home/lvy/arms_ws/install/panda_configure/share/panda_configure/launch/spawn_controllers.launch.py
[0.739s] -- Symlinking: /home/lvy/arms_ws/install/panda_configure/share/panda_configure/launch/static_virtual_joint_tfs.launch.py
[0.749s] -- Symlinking: /home/lvy/arms_ws/install/panda_configure/share/panda_configure/launch/warehouse_db.launch.py
[0.762s] -- Symlinking: /home/lvy/arms_ws/install/panda_configure/share/panda_configure/config/initial_positions.yaml
[0.805s] -- Symlinking: /home/lvy/arms_ws/install/panda_configure/share/panda_configure/config/joint_limits.yaml
[0.815s] -- Symlinking: /home/lvy/arms_ws/install/panda_configure/share/panda_configure/config/kinematics.yaml
[0.826s] -- Symlinking: /home/lvy/arms_ws/install/panda_configure/share/panda_configure/config/moveit.rviz
[0.854s] -- Symlinking: /home/lvy/arms_ws/install/panda_configure/share/panda_configure/config/moveit_controllers.yaml
[0.875s] -- Symlinking: /home/lvy/arms_ws/install/panda_configure/share/panda_configure/config/panda.ros2_control.xacro
[0.886s] -- Symlinking: /home/lvy/arms_ws/install/panda_configure/share/panda_configure/config/panda.srdf
[0.896s] -- Symlinking: /home/lvy/arms_ws/install/panda_configure/share/panda_configure/config/panda.urdf.xacro
[0.928s] -- Symlinking: /home/lvy/arms_ws/install/panda_configure/share/panda_configure/config/pilz_cartesian_limits.yaml
[0.942s] -- Symlinking: /home/lvy/arms_ws/install/panda_configure/share/panda_configure/config/ros2_controllers.yaml
[0.952s] -- Symlinking: /home/lvy/arms_ws/install/panda_configure/share/panda_configure/.setup_assistant
[0.967s] Invoked command in '/home/lvy/arms_ws/build/panda_configure' returned '0': CMAKE_PREFIX_PATH=/home/lvy/arms_ws/install/panda_description:/home/lvy/arms_ws/install/panda_configure:/home/lvy/arms_ws/install/learn_moveit:/opt/ros/humble /usr/bin/cmake --install /home/lvy/arms_ws/build/panda_configure
