[0.043s] Invoking command in '/home/lvy/arms_ws/build/learn_moveit': CMAKE_PREFIX_PATH=/opt/ros/humble /usr/bin/cmake --build /home/lvy/arms_ws/build/learn_moveit -- -j4 -l4
[0.267s] -- Found ament_cmake: 1.3.12 (/opt/ros/humble/share/ament_cmake/cmake)
[0.486s] -- Override CMake install command with custom implementation using symlinks instead of copying resources
[0.529s] -- Found rclcpp: 16.0.17 (/opt/ros/humble/share/rclcpp/cmake)
[0.612s] -- Found rosidl_generator_c: 3.1.8 (/opt/ros/humble/share/rosidl_generator_c/cmake)
[0.618s] -- Found rosidl_adapter: 3.1.8 (/opt/ros/humble/share/rosidl_adapter/cmake)
[0.634s] -- Found rosidl_generator_cpp: 3.1.8 (/opt/ros/humble/share/rosidl_generator_cpp/cmake)
[0.657s] -- Using all available rosidl_typesupport_c: rosidl_typesupport_fastrtps_c;rosidl_typesupport_introspection_c
[0.684s] -- Using all available rosidl_typesupport_cpp: rosidl_typesupport_fastrtps_cpp;rosidl_typesupport_introspection_cpp
[0.751s] -- Found rmw_implementation_cmake: 6.1.2 (/opt/ros/humble/share/rmw_implementation_cmake/cmake)
[0.758s] -- Found rmw_fastrtps_cpp: 6.2.9 (/opt/ros/humble/share/rmw_fastrtps_cpp/cmake)
[0.904s] -- Using RMW implementation 'rmw_fastrtps_cpp' as default
[1.000s] -- Found moveit_ros_planning_interface: 2.5.9 (/opt/ros/humble/share/moveit_ros_planning_interface/cmake)
[1.031s] -- Found Boost: /usr/lib/x86_64-linux-gnu/cmake/Boost-1.74.0/BoostConfig.cmake (found version "1.74.0") found components: date_time filesystem program_options system thread 
[1.305s] -- Found Boost: /usr/lib/x86_64-linux-gnu/cmake/Boost-1.74.0/BoostConfig.cmake (found version "1.74.0") found components: chrono date_time filesystem iostreams program_options regex serialization system thread 
[1.349s] -- Found parameter_traits: 0.6.0 (/opt/ros/humble/share/parameter_traits/cmake)
[1.366s] -- Found rclcpp_lifecycle: 16.0.17 (/opt/ros/humble/share/rclcpp_lifecycle/cmake)
[1.409s] -- Found Boost: /usr/lib/x86_64-linux-gnu/cmake/Boost-1.74.0/BoostConfig.cmake (found version "1.74.0") found components: filesystem 
[1.462s] -- library: /usr/lib/x86_64-linux-gnu/libcurl.so
[1.508s] -- Ensuring Eigen3 include directory is part of orocos-kdl CMake target
[1.704s] -- Found Boost: /usr/lib/x86_64-linux-gnu/cmake/Boost-1.74.0/BoostConfig.cmake (found version "1.74.0") found components: system filesystem date_time program_options thread chrono 
[1.742s] -- Found Boost: /usr/lib/x86_64-linux-gnu/cmake/Boost-1.74.0/BoostConfig.cmake (found version "1.74.0") found components: thread system filesystem regex date_time program_options 
[1.769s] -- Found Boost: /usr/lib/x86_64-linux-gnu/cmake/Boost-1.74.0/BoostConfig.cmake (found version "1.74.0") found components: system filesystem date_time program_options thread 
[1.899s] -- Configuring done
[1.991s] -- Generating done
[2.001s] -- Build files have been written to: /home/lvy/arms_ws/build/learn_moveit
[2.045s] [35m[1mConsolidate compiler generated dependencies of target hello_moveit[0m
[2.252s] [ 50%] [32mBuilding CXX object CMakeFiles/hello_moveit.dir/src/hello_moveit.cpp.o[0m
[9.882s] [01m[K/home/lvy/arms_ws/src/learn_moveit/src/hello_moveit.cpp:[m[K In function ‘[01m[Kint main(int, char**)[m[K’:
[9.883s] [01m[K/home/lvy/arms_ws/src/learn_moveit/src/hello_moveit.cpp:63:23:[m[K [01;31m[Kerror: [m[K‘[01m[Kplannning_scene_interface[m[K’ was not declared in this scope; did you mean ‘[01m[Kplanning_scene_interface[m[K’?
[9.883s]    63 |   addCollisionObjects([01;31m[Kplannning_scene_interface[m[K);
[9.883s]       |                       [01;31m[K^~~~~~~~~~~~~~~~~~~~~~~~~[m[K
[9.883s]       |                       [32m[Kplanning_scene_interface[m[K
[13.601s] gmake[2]: *** [CMakeFiles/hello_moveit.dir/build.make:76：CMakeFiles/hello_moveit.dir/src/hello_moveit.cpp.o] 错误 1
[13.602s] gmake[1]: *** [CMakeFiles/Makefile2:137：CMakeFiles/hello_moveit.dir/all] 错误 2
[13.603s] gmake: *** [Makefile:146：all] 错误 2
[13.606s] Invoked command in '/home/lvy/arms_ws/build/learn_moveit' returned '2': CMAKE_PREFIX_PATH=/opt/ros/humble /usr/bin/cmake --build /home/lvy/arms_ws/build/learn_moveit -- -j4 -l4
