[0.023s] Invoking command in '/home/lvy/arms_ws/build/learn_moveit': CMAKE_PREFIX_PATH=/opt/ros/humble /usr/bin/cmake /home/lvy/arms_ws/src/learn_moveit -DCMAKE_INSTALL_PREFIX=/home/lvy/arms_ws/install/learn_moveit
[0.267s] -- The C compiler identification is GNU 11.4.0
[0.494s] -- The CXX compiler identification is GNU 11.4.0
[0.517s] -- Detecting C compiler ABI info
[0.642s] -- Detecting C compiler ABI info - done
[0.649s] -- Check for working C compiler: /usr/bin/cc - skipped
[0.650s] -- Detecting C compile features
[0.651s] -- Detecting C compile features - done
[0.656s] -- Detecting CXX compiler ABI info
[0.785s] -- Detecting CXX compiler ABI info - done
[0.793s] -- Check for working CXX compiler: /usr/bin/c++ - skipped
[0.793s] -- Detecting CXX compile features
[0.793s] -- Detecting CXX compile features - done
[0.805s] -- Found ament_cmake: 1.3.12 (/opt/ros/humble/share/ament_cmake/cmake)
[0.980s] -- Found Python3: /usr/bin/python3 (found version "3.10.12") found components: Interpreter 
[1.150s] -- Found rclcpp: 16.0.17 (/opt/ros/humble/share/rclcpp/cmake)
[1.250s] -- Found rosidl_generator_c: 3.1.8 (/opt/ros/humble/share/rosidl_generator_c/cmake)
[1.264s] -- Found rosidl_adapter: 3.1.8 (/opt/ros/humble/share/rosidl_adapter/cmake)
[1.291s] -- Found rosidl_generator_cpp: 3.1.8 (/opt/ros/humble/share/rosidl_generator_cpp/cmake)
[1.332s] -- Using all available rosidl_typesupport_c: rosidl_typesupport_fastrtps_c;rosidl_typesupport_introspection_c
[1.367s] -- Using all available rosidl_typesupport_cpp: rosidl_typesupport_fastrtps_cpp;rosidl_typesupport_introspection_cpp
[1.470s] -- Found rmw_implementation_cmake: 6.1.2 (/opt/ros/humble/share/rmw_implementation_cmake/cmake)
[1.478s] -- Found rmw_fastrtps_cpp: 6.2.9 (/opt/ros/humble/share/rmw_fastrtps_cpp/cmake)
[1.678s] -- Found OpenSSL: /usr/lib/x86_64-linux-gnu/libcrypto.so (found version "3.0.2")  
[1.715s] -- Found FastRTPS: /opt/ros/humble/include  
[1.760s] -- Using RMW implementation 'rmw_fastrtps_cpp' as default
[1.799s] -- Looking for pthread.h
[1.981s] -- Looking for pthread.h - found
[1.982s] -- Performing Test CMAKE_HAVE_LIBC_PTHREAD
[2.084s] -- Performing Test CMAKE_HAVE_LIBC_PTHREAD - Success
[2.085s] -- Found Threads: TRUE  
[2.199s] -- Found moveit_ros_planning_interface: 2.5.9 (/opt/ros/humble/share/moveit_ros_planning_interface/cmake)
[2.267s] -- Found Boost: /usr/lib/x86_64-linux-gnu/cmake/Boost-1.74.0/BoostConfig.cmake (found version "1.74.0") found components: date_time filesystem program_options system thread 
[2.663s] -- Found Boost: /usr/lib/x86_64-linux-gnu/cmake/Boost-1.74.0/BoostConfig.cmake (found version "1.74.0") found components: chrono date_time filesystem iostreams program_options regex serialization system thread 
[2.747s] -- Found parameter_traits: 0.6.0 (/opt/ros/humble/share/parameter_traits/cmake)
[2.773s] -- Found rclcpp_lifecycle: 16.0.17 (/opt/ros/humble/share/rclcpp_lifecycle/cmake)
[2.839s] -- Found Boost: /usr/lib/x86_64-linux-gnu/cmake/Boost-1.74.0/BoostConfig.cmake (found version "1.74.0") found components: filesystem 
[2.993s] -- library: /usr/lib/x86_64-linux-gnu/libcurl.so
[3.044s] -- Found Eigen3: TRUE (found version "3.4.0") 
[3.044s] -- Ensuring Eigen3 include directory is part of orocos-kdl CMake target
[3.305s] -- Found Boost: /usr/lib/x86_64-linux-gnu/cmake/Boost-1.74.0/BoostConfig.cmake (found version "1.74.0") found components: system filesystem date_time program_options thread chrono 
[3.346s] -- Found Boost: /usr/lib/x86_64-linux-gnu/cmake/Boost-1.74.0/BoostConfig.cmake (found version "1.74.0") found components: thread system filesystem regex date_time program_options 
[3.379s] -- Found Boost: /usr/lib/x86_64-linux-gnu/cmake/Boost-1.74.0/BoostConfig.cmake (found version "1.74.0") found components: system filesystem date_time program_options thread 
[3.508s] -- Configuring done
[3.582s] -- Generating done
[3.593s] -- Build files have been written to: /home/lvy/arms_ws/build/learn_moveit
[3.604s] Invoked command in '/home/lvy/arms_ws/build/learn_moveit' returned '0': CMAKE_PREFIX_PATH=/opt/ros/humble /usr/bin/cmake /home/lvy/arms_ws/src/learn_moveit -DCMAKE_INSTALL_PREFIX=/home/lvy/arms_ws/install/learn_moveit
[3.605s] Invoking command in '/home/lvy/arms_ws/build/learn_moveit': CMAKE_PREFIX_PATH=/opt/ros/humble /usr/bin/cmake --build /home/lvy/arms_ws/build/learn_moveit -- -j4 -l4
[3.700s] [ 50%] [32mBuilding CXX object CMakeFiles/hello_moveit.dir/src/hello_moveit.cpp.o[0m
[15.537s] [100%] [32m[1mLinking CXX executable hello_moveit[0m
[16.313s] [100%] Built target hello_moveit
[16.328s] Invoked command in '/home/lvy/arms_ws/build/learn_moveit' returned '0': CMAKE_PREFIX_PATH=/opt/ros/humble /usr/bin/cmake --build /home/lvy/arms_ws/build/learn_moveit -- -j4 -l4
[16.331s] Invoking command in '/home/lvy/arms_ws/build/learn_moveit': CMAKE_PREFIX_PATH=/opt/ros/humble /usr/bin/cmake --install /home/lvy/arms_ws/build/learn_moveit
[16.341s] -- Install configuration: ""
[16.341s] -- Installing: /home/lvy/arms_ws/install/learn_moveit/lib/learn_moveit/hello_moveit
[16.342s] -- Set runtime path of "/home/lvy/arms_ws/install/learn_moveit/lib/learn_moveit/hello_moveit" to ""
[16.342s] -- Installing: /home/lvy/arms_ws/install/learn_moveit/share/ament_index/resource_index/package_run_dependencies/learn_moveit
[16.342s] -- Installing: /home/lvy/arms_ws/install/learn_moveit/share/ament_index/resource_index/parent_prefix_path/learn_moveit
[16.342s] -- Installing: /home/lvy/arms_ws/install/learn_moveit/share/learn_moveit/environment/ament_prefix_path.sh
[16.342s] -- Installing: /home/lvy/arms_ws/install/learn_moveit/share/learn_moveit/environment/ament_prefix_path.dsv
[16.345s] -- Installing: /home/lvy/arms_ws/install/learn_moveit/share/learn_moveit/environment/path.sh
[16.345s] -- Installing: /home/lvy/arms_ws/install/learn_moveit/share/learn_moveit/environment/path.dsv
[16.345s] -- Installing: /home/lvy/arms_ws/install/learn_moveit/share/learn_moveit/local_setup.bash
[16.345s] -- Installing: /home/lvy/arms_ws/install/learn_moveit/share/learn_moveit/local_setup.sh
[16.346s] -- Installing: /home/lvy/arms_ws/install/learn_moveit/share/learn_moveit/local_setup.zsh
[16.346s] -- Installing: /home/lvy/arms_ws/install/learn_moveit/share/learn_moveit/local_setup.dsv
[16.346s] -- Installing: /home/lvy/arms_ws/install/learn_moveit/share/learn_moveit/package.dsv
[16.346s] -- Installing: /home/lvy/arms_ws/install/learn_moveit/share/ament_index/resource_index/packages/learn_moveit
[16.346s] -- Installing: /home/lvy/arms_ws/install/learn_moveit/share/learn_moveit/cmake/learn_moveitConfig.cmake
[16.346s] -- Installing: /home/lvy/arms_ws/install/learn_moveit/share/learn_moveit/cmake/learn_moveitConfig-version.cmake
[16.347s] -- Installing: /home/lvy/arms_ws/install/learn_moveit/share/learn_moveit/package.xml
[16.349s] Invoked command in '/home/lvy/arms_ws/build/learn_moveit' returned '0': CMAKE_PREFIX_PATH=/opt/ros/humble /usr/bin/cmake --install /home/lvy/arms_ws/build/learn_moveit
