[0.564s] DEBUG:colcon:Command line arguments: ['/usr/bin/colcon', 'build', '--packages-select', 'learn_moveit']
[0.564s] DEBUG:colcon:Parsed command line arguments: Namespace(log_base=None, log_level=None, verb_name='build', build_base='build', install_base='install', merge_install=False, symlink_install=False, test_result_base=None, continue_on_error=False, executor='parallel', parallel_workers=4, event_handlers=None, ignore_user_meta=False, metas=['./colcon.meta'], base_paths=['.'], packages_ignore=None, packages_ignore_regex=None, paths=None, packages_up_to=None, packages_up_to_regex=None, packages_above=None, packages_above_and_dependencies=None, packages_above_depth=None, packages_select_by_dep=None, packages_skip_by_dep=None, packages_skip_up_to=None, packages_select_build_failed=False, packages_skip_build_finished=False, packages_select_test_failures=False, packages_skip_test_passed=False, packages_select=['learn_moveit'], packages_skip=None, packages_select_regex=None, packages_skip_regex=None, packages_start=None, packages_end=None, allow_overriding=[], cmake_args=None, cmake_target=None, cmake_target_skip_unavailable=False, cmake_clean_cache=False, cmake_clean_first=False, cmake_force_configure=False, ament_cmake_args=None, catkin_cmake_args=None, catkin_skip_building_tests=False, verb_parser=<colcon_defaults.argument_parser.defaults.DefaultArgumentsDecorator object at 0x74d8bf223a60>, verb_extension=<colcon_core.verb.build.BuildVerb object at 0x74d8bf3604f0>, main=<bound method BuildVerb.main of <colcon_core.verb.build.BuildVerb object at 0x74d8bf3604f0>>)
[0.979s] Level 1:colcon.colcon_core.package_discovery:discover_packages(colcon_meta) check parameters
[0.979s] Level 1:colcon.colcon_core.package_discovery:discover_packages(recursive) check parameters
[0.980s] Level 1:colcon.colcon_core.package_discovery:discover_packages(ignore) check parameters
[0.980s] Level 1:colcon.colcon_core.package_discovery:discover_packages(path) check parameters
[0.980s] Level 1:colcon.colcon_core.package_discovery:discover_packages(colcon_meta) discover
[0.980s] Level 1:colcon.colcon_core.package_discovery:discover_packages(recursive) discover
[0.980s] INFO:colcon.colcon_core.package_discovery:Crawling recursively for packages in '/home/lvy/arms_ws'
[0.980s] Level 1:colcon.colcon_core.package_identification:_identify(.) by extensions ['ignore', 'ignore_ament_install']
[0.980s] Level 1:colcon.colcon_core.package_identification:_identify(.) by extension 'ignore'
[0.980s] Level 1:colcon.colcon_core.package_identification:_identify(.) by extension 'ignore_ament_install'
[0.980s] Level 1:colcon.colcon_core.package_identification:_identify(.) by extensions ['colcon_pkg']
[0.980s] Level 1:colcon.colcon_core.package_identification:_identify(.) by extension 'colcon_pkg'
[0.980s] Level 1:colcon.colcon_core.package_identification:_identify(.) by extensions ['colcon_meta']
[0.980s] Level 1:colcon.colcon_core.package_identification:_identify(.) by extension 'colcon_meta'
[0.980s] Level 1:colcon.colcon_core.package_identification:_identify(.) by extensions ['ros']
[0.981s] Level 1:colcon.colcon_core.package_identification:_identify(.) by extension 'ros'
[0.995s] Level 1:colcon.colcon_core.package_identification:_identify(.) by extensions ['cmake', 'python']
[0.995s] Level 1:colcon.colcon_core.package_identification:_identify(.) by extension 'cmake'
[0.995s] Level 1:colcon.colcon_core.package_identification:_identify(.) by extension 'python'
[0.995s] Level 1:colcon.colcon_core.package_identification:_identify(.) by extensions ['python_setup_py']
[0.995s] Level 1:colcon.colcon_core.package_identification:_identify(.) by extension 'python_setup_py'
[0.995s] Level 1:colcon.colcon_core.package_identification:_identify(build) by extensions ['ignore', 'ignore_ament_install']
[0.996s] Level 1:colcon.colcon_core.package_identification:_identify(build) by extension 'ignore'
[0.996s] Level 1:colcon.colcon_core.package_identification:_identify(build) ignored
[0.996s] Level 1:colcon.colcon_core.package_identification:_identify(install) by extensions ['ignore', 'ignore_ament_install']
[0.996s] Level 1:colcon.colcon_core.package_identification:_identify(install) by extension 'ignore'
[0.996s] Level 1:colcon.colcon_core.package_identification:_identify(install) ignored
[0.996s] Level 1:colcon.colcon_core.package_identification:_identify(log) by extensions ['ignore', 'ignore_ament_install']
[0.996s] Level 1:colcon.colcon_core.package_identification:_identify(log) by extension 'ignore'
[0.996s] Level 1:colcon.colcon_core.package_identification:_identify(log) ignored
[0.996s] Level 1:colcon.colcon_core.package_identification:_identify(src) by extensions ['ignore', 'ignore_ament_install']
[0.996s] Level 1:colcon.colcon_core.package_identification:_identify(src) by extension 'ignore'
[0.996s] Level 1:colcon.colcon_core.package_identification:_identify(src) by extension 'ignore_ament_install'
[0.996s] Level 1:colcon.colcon_core.package_identification:_identify(src) by extensions ['colcon_pkg']
[0.996s] Level 1:colcon.colcon_core.package_identification:_identify(src) by extension 'colcon_pkg'
[0.996s] Level 1:colcon.colcon_core.package_identification:_identify(src) by extensions ['colcon_meta']
[0.996s] Level 1:colcon.colcon_core.package_identification:_identify(src) by extension 'colcon_meta'
[0.996s] Level 1:colcon.colcon_core.package_identification:_identify(src) by extensions ['ros']
[0.996s] Level 1:colcon.colcon_core.package_identification:_identify(src) by extension 'ros'
[0.996s] Level 1:colcon.colcon_core.package_identification:_identify(src) by extensions ['cmake', 'python']
[0.996s] Level 1:colcon.colcon_core.package_identification:_identify(src) by extension 'cmake'
[0.996s] Level 1:colcon.colcon_core.package_identification:_identify(src) by extension 'python'
[0.996s] Level 1:colcon.colcon_core.package_identification:_identify(src) by extensions ['python_setup_py']
[0.996s] Level 1:colcon.colcon_core.package_identification:_identify(src) by extension 'python_setup_py'
[0.996s] Level 1:colcon.colcon_core.package_identification:_identify(src/learn_moveit) by extensions ['ignore', 'ignore_ament_install']
[0.997s] Level 1:colcon.colcon_core.package_identification:_identify(src/learn_moveit) by extension 'ignore'
[0.997s] Level 1:colcon.colcon_core.package_identification:_identify(src/learn_moveit) by extension 'ignore_ament_install'
[0.997s] Level 1:colcon.colcon_core.package_identification:_identify(src/learn_moveit) by extensions ['colcon_pkg']
[0.997s] Level 1:colcon.colcon_core.package_identification:_identify(src/learn_moveit) by extension 'colcon_pkg'
[0.997s] Level 1:colcon.colcon_core.package_identification:_identify(src/learn_moveit) by extensions ['colcon_meta']
[0.997s] Level 1:colcon.colcon_core.package_identification:_identify(src/learn_moveit) by extension 'colcon_meta'
[0.997s] Level 1:colcon.colcon_core.package_identification:_identify(src/learn_moveit) by extensions ['ros']
[0.997s] Level 1:colcon.colcon_core.package_identification:_identify(src/learn_moveit) by extension 'ros'
[1.001s] DEBUG:colcon.colcon_core.package_identification:Package 'src/learn_moveit' with type 'ros.ament_cmake' and name 'learn_moveit'
[1.001s] Level 1:colcon.colcon_core.package_identification:_identify(src/panda_robot) by extensions ['ignore', 'ignore_ament_install']
[1.001s] Level 1:colcon.colcon_core.package_identification:_identify(src/panda_robot) by extension 'ignore'
[1.001s] Level 1:colcon.colcon_core.package_identification:_identify(src/panda_robot) by extension 'ignore_ament_install'
[1.001s] Level 1:colcon.colcon_core.package_identification:_identify(src/panda_robot) by extensions ['colcon_pkg']
[1.001s] Level 1:colcon.colcon_core.package_identification:_identify(src/panda_robot) by extension 'colcon_pkg'
[1.001s] Level 1:colcon.colcon_core.package_identification:_identify(src/panda_robot) by extensions ['colcon_meta']
[1.001s] Level 1:colcon.colcon_core.package_identification:_identify(src/panda_robot) by extension 'colcon_meta'
[1.001s] Level 1:colcon.colcon_core.package_identification:_identify(src/panda_robot) by extensions ['ros']
[1.001s] Level 1:colcon.colcon_core.package_identification:_identify(src/panda_robot) by extension 'ros'
[1.001s] Level 1:colcon.colcon_core.package_identification:_identify(src/panda_robot) by extensions ['cmake', 'python']
[1.001s] Level 1:colcon.colcon_core.package_identification:_identify(src/panda_robot) by extension 'cmake'
[1.001s] Level 1:colcon.colcon_core.package_identification:_identify(src/panda_robot) by extension 'python'
[1.001s] Level 1:colcon.colcon_core.package_identification:_identify(src/panda_robot) by extensions ['python_setup_py']
[1.001s] Level 1:colcon.colcon_core.package_identification:_identify(src/panda_robot) by extension 'python_setup_py'
[1.001s] Level 1:colcon.colcon_core.package_identification:_identify(src/panda_robot/panda_configure) by extensions ['ignore', 'ignore_ament_install']
[1.001s] Level 1:colcon.colcon_core.package_identification:_identify(src/panda_robot/panda_configure) by extension 'ignore'
[1.002s] Level 1:colcon.colcon_core.package_identification:_identify(src/panda_robot/panda_configure) by extension 'ignore_ament_install'
[1.002s] Level 1:colcon.colcon_core.package_identification:_identify(src/panda_robot/panda_configure) by extensions ['colcon_pkg']
[1.002s] Level 1:colcon.colcon_core.package_identification:_identify(src/panda_robot/panda_configure) by extension 'colcon_pkg'
[1.002s] Level 1:colcon.colcon_core.package_identification:_identify(src/panda_robot/panda_configure) by extensions ['colcon_meta']
[1.002s] Level 1:colcon.colcon_core.package_identification:_identify(src/panda_robot/panda_configure) by extension 'colcon_meta'
[1.002s] Level 1:colcon.colcon_core.package_identification:_identify(src/panda_robot/panda_configure) by extensions ['ros']
[1.002s] Level 1:colcon.colcon_core.package_identification:_identify(src/panda_robot/panda_configure) by extension 'ros'
[1.002s] DEBUG:colcon.colcon_core.package_identification:Package 'src/panda_robot/panda_configure' with type 'ros.ament_cmake' and name 'panda_configure'
[1.002s] Level 1:colcon.colcon_core.package_identification:_identify(src/panda_robot/panda_description) by extensions ['ignore', 'ignore_ament_install']
[1.003s] Level 1:colcon.colcon_core.package_identification:_identify(src/panda_robot/panda_description) by extension 'ignore'
[1.003s] Level 1:colcon.colcon_core.package_identification:_identify(src/panda_robot/panda_description) by extension 'ignore_ament_install'
[1.003s] Level 1:colcon.colcon_core.package_identification:_identify(src/panda_robot/panda_description) by extensions ['colcon_pkg']
[1.003s] Level 1:colcon.colcon_core.package_identification:_identify(src/panda_robot/panda_description) by extension 'colcon_pkg'
[1.003s] Level 1:colcon.colcon_core.package_identification:_identify(src/panda_robot/panda_description) by extensions ['colcon_meta']
[1.003s] Level 1:colcon.colcon_core.package_identification:_identify(src/panda_robot/panda_description) by extension 'colcon_meta'
[1.003s] Level 1:colcon.colcon_core.package_identification:_identify(src/panda_robot/panda_description) by extensions ['ros']
[1.003s] Level 1:colcon.colcon_core.package_identification:_identify(src/panda_robot/panda_description) by extension 'ros'
[1.003s] DEBUG:colcon.colcon_core.package_identification:Package 'src/panda_robot/panda_description' with type 'ros.ament_cmake' and name 'panda_description'
[1.003s] Level 1:colcon.colcon_core.package_discovery:discover_packages(recursive) using defaults
[1.003s] Level 1:colcon.colcon_core.package_discovery:discover_packages(ignore) discover
[1.003s] Level 1:colcon.colcon_core.package_discovery:discover_packages(ignore) using defaults
[1.003s] Level 1:colcon.colcon_core.package_discovery:discover_packages(path) discover
[1.003s] Level 1:colcon.colcon_core.package_discovery:discover_packages(path) using defaults
[1.047s] INFO:colcon.colcon_core.package_selection:Skipping not selected package 'panda_description' in 'src/panda_robot/panda_description'
[1.047s] INFO:colcon.colcon_core.package_selection:Skipping not selected package 'panda_configure' in 'src/panda_robot/panda_configure'
[1.047s] Level 1:colcon.colcon_core.package_discovery:discover_packages(prefix_path) check parameters
[1.048s] Level 1:colcon.colcon_core.package_discovery:discover_packages(prefix_path) discover
[1.054s] DEBUG:colcon.colcon_installed_package_information.package_discovery:Found 356 installed packages in /opt/ros/humble
[1.062s] Level 1:colcon.colcon_core.package_discovery:discover_packages(prefix_path) using defaults
[1.102s] Level 5:colcon.colcon_core.verb:set package 'learn_moveit' build argument 'cmake_args' from command line to 'None'
[1.102s] Level 5:colcon.colcon_core.verb:set package 'learn_moveit' build argument 'cmake_target' from command line to 'None'
[1.102s] Level 5:colcon.colcon_core.verb:set package 'learn_moveit' build argument 'cmake_target_skip_unavailable' from command line to 'False'
[1.102s] Level 5:colcon.colcon_core.verb:set package 'learn_moveit' build argument 'cmake_clean_cache' from command line to 'False'
[1.102s] Level 5:colcon.colcon_core.verb:set package 'learn_moveit' build argument 'cmake_clean_first' from command line to 'False'
[1.102s] Level 5:colcon.colcon_core.verb:set package 'learn_moveit' build argument 'cmake_force_configure' from command line to 'False'
[1.102s] Level 5:colcon.colcon_core.verb:set package 'learn_moveit' build argument 'ament_cmake_args' from command line to 'None'
[1.102s] Level 5:colcon.colcon_core.verb:set package 'learn_moveit' build argument 'catkin_cmake_args' from command line to 'None'
[1.102s] Level 5:colcon.colcon_core.verb:set package 'learn_moveit' build argument 'catkin_skip_building_tests' from command line to 'False'
[1.102s] DEBUG:colcon.colcon_core.verb:Building package 'learn_moveit' with the following arguments: {'ament_cmake_args': None, 'build_base': '/home/lvy/arms_ws/build/learn_moveit', 'catkin_cmake_args': None, 'catkin_skip_building_tests': False, 'cmake_args': None, 'cmake_clean_cache': False, 'cmake_clean_first': False, 'cmake_force_configure': False, 'cmake_target': None, 'cmake_target_skip_unavailable': False, 'install_base': '/home/lvy/arms_ws/install/learn_moveit', 'merge_install': False, 'path': '/home/lvy/arms_ws/src/learn_moveit', 'symlink_install': False, 'test_result_base': None}
[1.102s] INFO:colcon.colcon_core.executor:Executing jobs using 'parallel' executor
[1.104s] DEBUG:colcon.colcon_parallel_executor.executor.parallel:run_until_complete
[1.104s] INFO:colcon.colcon_ros.task.ament_cmake.build:Building ROS package in '/home/lvy/arms_ws/src/learn_moveit' with build type 'ament_cmake'
[1.105s] INFO:colcon.colcon_cmake.task.cmake.build:Building CMake package in '/home/lvy/arms_ws/src/learn_moveit'
[1.118s] INFO:colcon.colcon_core.plugin_system:Skipping extension 'colcon_core.shell.bat': Not used on non-Windows systems
[1.118s] INFO:colcon.colcon_core.shell:Skip shell extension 'powershell' for command environment: Not usable outside of PowerShell
[1.118s] DEBUG:colcon.colcon_core.shell:Skip shell extension 'dsv' for command environment
[1.148s] DEBUG:colcon.colcon_core.event_handler.log_command:Invoking command in '/home/lvy/arms_ws/build/learn_moveit': CMAKE_PREFIX_PATH=/opt/ros/humble /usr/bin/cmake --build /home/lvy/arms_ws/build/learn_moveit -- -j4 -l4
[14.710s] DEBUG:colcon.colcon_core.event_handler.log_command:Invoked command in '/home/lvy/arms_ws/build/learn_moveit' returned '2': CMAKE_PREFIX_PATH=/opt/ros/humble /usr/bin/cmake --build /home/lvy/arms_ws/build/learn_moveit -- -j4 -l4
[14.711s] Level 1:colcon.colcon_core.environment:create_environment_scripts_only(learn_moveit)
[14.726s] Level 1:colcon.colcon_core.environment:checking '/home/lvy/arms_ws/install/learn_moveit' for CMake module files
[14.726s] Level 1:colcon.colcon_core.environment:checking '/home/lvy/arms_ws/install/learn_moveit' for CMake config files
[14.727s] Level 1:colcon.colcon_core.shell:create_environment_hook('learn_moveit', 'cmake_prefix_path')
[14.727s] INFO:colcon.colcon_core.shell:Creating environment hook '/home/lvy/arms_ws/install/learn_moveit/share/learn_moveit/hook/cmake_prefix_path.ps1'
[14.729s] INFO:colcon.colcon_core.shell:Creating environment descriptor '/home/lvy/arms_ws/install/learn_moveit/share/learn_moveit/hook/cmake_prefix_path.dsv'
[14.731s] INFO:colcon.colcon_core.shell:Creating environment hook '/home/lvy/arms_ws/install/learn_moveit/share/learn_moveit/hook/cmake_prefix_path.sh'
[14.732s] Level 1:colcon.colcon_core.environment:checking '/home/lvy/arms_ws/install/learn_moveit/lib'
[14.733s] Level 1:colcon.colcon_core.environment:checking '/home/lvy/arms_ws/install/learn_moveit/bin'
[14.733s] Level 1:colcon.colcon_core.environment:checking '/home/lvy/arms_ws/install/learn_moveit/lib/pkgconfig/learn_moveit.pc'
[14.733s] Level 1:colcon.colcon_core.environment:checking '/home/lvy/arms_ws/install/learn_moveit/lib/python3.10/site-packages'
[14.733s] Level 1:colcon.colcon_core.environment:checking '/home/lvy/arms_ws/install/learn_moveit/bin'
[14.734s] INFO:colcon.colcon_core.shell:Creating package script '/home/lvy/arms_ws/install/learn_moveit/share/learn_moveit/package.ps1'
[14.735s] INFO:colcon.colcon_core.shell:Creating package descriptor '/home/lvy/arms_ws/install/learn_moveit/share/learn_moveit/package.dsv'
[14.737s] INFO:colcon.colcon_core.shell:Creating package script '/home/lvy/arms_ws/install/learn_moveit/share/learn_moveit/package.sh'
[14.739s] INFO:colcon.colcon_core.shell:Creating package script '/home/lvy/arms_ws/install/learn_moveit/share/learn_moveit/package.bash'
[14.741s] INFO:colcon.colcon_core.shell:Creating package script '/home/lvy/arms_ws/install/learn_moveit/share/learn_moveit/package.zsh'
[14.743s] Level 1:colcon.colcon_core.environment:create_file_with_runtime_dependencies(/home/lvy/arms_ws/install/learn_moveit/share/colcon-core/packages/learn_moveit)
[14.782s] DEBUG:colcon.colcon_parallel_executor.executor.parallel:closing loop
[14.783s] DEBUG:colcon.colcon_parallel_executor.executor.parallel:loop closed
[14.784s] DEBUG:colcon.colcon_parallel_executor.executor.parallel:run_until_complete finished with '2'
[14.784s] DEBUG:colcon.colcon_core.event_reactor:joining thread
[14.805s] INFO:colcon.colcon_core.plugin_system:Skipping extension 'colcon_notification.desktop_notification.terminal_notifier': Not used on non-Darwin systems
[14.806s] INFO:colcon.colcon_core.plugin_system:Skipping extension 'colcon_notification.desktop_notification.win32': Not used on non-Windows systems
[14.806s] INFO:colcon.colcon_notification.desktop_notification:Sending desktop notification using 'notify2'
[14.852s] DEBUG:colcon.colcon_core.event_reactor:joined thread
[14.852s] INFO:colcon.colcon_core.shell:Creating prefix script '/home/lvy/arms_ws/install/local_setup.ps1'
[14.854s] INFO:colcon.colcon_core.shell:Creating prefix util module '/home/lvy/arms_ws/install/_local_setup_util_ps1.py'
[14.856s] INFO:colcon.colcon_core.shell:Creating prefix chain script '/home/lvy/arms_ws/install/setup.ps1'
[14.858s] INFO:colcon.colcon_core.shell:Creating prefix script '/home/lvy/arms_ws/install/local_setup.sh'
[14.864s] INFO:colcon.colcon_core.shell:Creating prefix util module '/home/lvy/arms_ws/install/_local_setup_util_sh.py'
[14.866s] INFO:colcon.colcon_core.shell:Creating prefix chain script '/home/lvy/arms_ws/install/setup.sh'
[14.868s] INFO:colcon.colcon_core.shell:Creating prefix script '/home/lvy/arms_ws/install/local_setup.bash'
[14.870s] INFO:colcon.colcon_core.shell:Creating prefix chain script '/home/lvy/arms_ws/install/setup.bash'
[14.873s] INFO:colcon.colcon_core.shell:Creating prefix script '/home/lvy/arms_ws/install/local_setup.zsh'
[14.875s] INFO:colcon.colcon_core.shell:Creating prefix chain script '/home/lvy/arms_ws/install/setup.zsh'
